###############################################################################
#
# IAR ANSI C/C++ Compiler V8.32.1.169/W32 for ARM         21/May/2019  22:07:18
# Copyright 1999-2018 IAR Systems AB.
#
#    Cpu mode     =  
#    Endian       =  little
#    Source file  =  
#        C:\Users\que\Desktop\AAA_xinbiao\xiugai\project\28-(SDHC)LPLD_SdCard\app\LPLD_SdCard.c
#    Command line =  
#        -f C:\Users\TEMPLA~1.000\AppData\Local\Temp\EW3CAE.tmp
#        ("C:\Users\que\Desktop\AAA_xinbiao\xiugai\project\28-(SDHC)LPLD_SdCard\app\LPLD_SdCard.c"
#        -D LPLD_K60 -lCN
#        "C:\Users\que\Desktop\AAA_xinbiao\xiugai\project\28-(SDHC)LPLD_SdCard\iar\RAM\List"
#        -lB
#        "C:\Users\que\Desktop\AAA_xinbiao\xiugai\project\28-(SDHC)LPLD_SdCard\iar\RAM\List"
#        -o
#        "C:\Users\que\Desktop\AAA_xinbiao\xiugai\project\28-(SDHC)LPLD_SdCard\iar\RAM\Obj"
#        --no_cse --no_unroll --no_inline --no_code_motion --no_tbaa
#        --no_clustering --no_scheduling --debug --endian=little
#        --cpu=Cortex-M4 -e --fpu=None --dlib_config "D:\@@\605110 IAR for
#        ARM 8.30\arm\inc\c\DLib_Config_Normal.h" -I
#        "C:\Users\que\Desktop\AAA_xinbiao\xiugai\project\28-(SDHC)LPLD_SdCard\iar\..\app\"
#        -I
#        "C:\Users\que\Desktop\AAA_xinbiao\xiugai\project\28-(SDHC)LPLD_SdCard\iar\..\..\..\lib\CPU\"
#        -I
#        "C:\Users\que\Desktop\AAA_xinbiao\xiugai\project\28-(SDHC)LPLD_SdCard\iar\..\..\..\lib\common\"
#        -I
#        "C:\Users\que\Desktop\AAA_xinbiao\xiugai\project\28-(SDHC)LPLD_SdCard\iar\..\..\..\lib\LPLD\"
#        -I
#        "C:\Users\que\Desktop\AAA_xinbiao\xiugai\project\28-(SDHC)LPLD_SdCard\iar\..\..\..\lib\LPLD\HW\"
#        -I
#        "C:\Users\que\Desktop\AAA_xinbiao\xiugai\project\28-(SDHC)LPLD_SdCard\iar\..\..\..\lib\LPLD\DEV\"
#        -I
#        "C:\Users\que\Desktop\AAA_xinbiao\xiugai\project\28-(SDHC)LPLD_SdCard\iar\..\..\..\lib\uCOS-II\Ports\"
#        -I
#        "C:\Users\que\Desktop\AAA_xinbiao\xiugai\project\28-(SDHC)LPLD_SdCard\iar\..\..\..\lib\uCOS-II\Source\"
#        -I
#        "C:\Users\que\Desktop\AAA_xinbiao\xiugai\project\28-(SDHC)LPLD_SdCard\iar\..\..\..\lib\FatFs\"
#        -I
#        "C:\Users\que\Desktop\AAA_xinbiao\xiugai\project\28-(SDHC)LPLD_SdCard\iar\..\..\..\lib\FatFs\option\"
#        -I
#        "C:\Users\que\Desktop\AAA_xinbiao\xiugai\project\28-(SDHC)LPLD_SdCard\iar\..\..\..\lib\USB\common\"
#        -I
#        "C:\Users\que\Desktop\AAA_xinbiao\xiugai\project\28-(SDHC)LPLD_SdCard\iar\..\..\..\lib\USB\driver\"
#        -I
#        "C:\Users\que\Desktop\AAA_xinbiao\xiugai\project\28-(SDHC)LPLD_SdCard\iar\..\..\..\lib\USB\descriptor\"
#        -I
#        "C:\Users\que\Desktop\AAA_xinbiao\xiugai\project\28-(SDHC)LPLD_SdCard\iar\..\..\..\lib\USB\class\"
#        -I
#        "C:\Users\que\Desktop\AAA_xinbiao\xiugai\project\28-(SDHC)LPLD_SdCard\iar\..\..\..\lib\Me\"
#        -I
#        "C:\Users\que\Desktop\AAA_xinbiao\xiugai\project\28-(SDHC)LPLD_SdCard\iar\..\app\"
#        -I
#        "C:\Users\que\Desktop\AAA_xinbiao\xiugai\project\28-(SDHC)LPLD_SdCard\iar\..\app\"
#        -I
#        "C:\Users\que\Desktop\AAA_xinbiao\xiugai\project\28-(SDHC)LPLD_SdCard\iar\..\..\..\lib\"
#        -I
#        "C:\Users\que\Desktop\AAA_xinbiao\xiugai\project\28-(SDHC)LPLD_SdCard\iar\..\..\..\lib\common\"
#        -I
#        "C:\Users\que\Desktop\AAA_xinbiao\xiugai\project\28-(SDHC)LPLD_SdCard\iar\..\..\..\lib\CPU\"
#        -I
#        "C:\Users\que\Desktop\AAA_xinbiao\xiugai\project\28-(SDHC)LPLD_SdCard\iar\..\..\..\lib\Jay\"
#        -Ol -I "D:\@@\605110 IAR for ARM 8.30\arm\CMSIS\Core\Include\" -I
#        "D:\@@\605110 IAR for ARM 8.30\arm\CMSIS\DSP\Include\" -D
#        ARM_MATH_CM4)
#    Locale       =  C
#    List file    =  
#        C:\Users\que\Desktop\AAA_xinbiao\xiugai\project\28-(SDHC)LPLD_SdCard\iar\RAM\List\LPLD_SdCard.lst
#    Object file  =  
#        C:\Users\que\Desktop\AAA_xinbiao\xiugai\project\28-(SDHC)LPLD_SdCard\iar\RAM\Obj\LPLD_SdCard.o
#
###############################################################################

C:\Users\que\Desktop\AAA_xinbiao\xiugai\project\28-(SDHC)LPLD_SdCard\app\LPLD_SdCard.c
      1          
      2          #include "common.h"
      3          #include "include.h"
      4          
      5          

   \                                 In section .text, align 2, keep-with-next
      6          void System_Init(void)
      7          {
   \                     System_Init: (+1)
   \        0x0   0xB580             PUSH     {R7,LR}
      8          	LCD_Init(); 
   \        0x2   0x....'....        BL       LCD_Init
      9              LCD_CLS();
   \        0x6   0x....'....        BL       LCD_CLS
     10          	KeyBoard_Init();
   \        0xA   0x....'....        BL       KeyBoard_Init
     11          	//Encoder_Init();
     12          	//SteeringGear_Init();
     13                //flash_init();
     14                 // Bluetooth_Init();
     15                 // ADC_Init();
     16          	Camera_Init();
   \        0xE   0x....'....        BL       Camera_Init
     17              //Param_Init();
     18                  //User_Flash_Read();
     19          	//pit0_init();
     20              init_Motor();
   \       0x12   0x....'....        BL       init_Motor
     21              //init_PID();
     22              encorder_init();
   \       0x16   0x....'....        BL       encorder_init
     23              pit_init();
   \       0x1A   0x....'....        BL       pit_init
     24          
     25          }
   \       0x1E   0xBD01             POP      {R0,PC}          ;; return
     26          

   \                                 In section .text, align 2, keep-with-next
     27          void DMA_buffer(uint8 flag)
     28          {
   \                     DMA_buffer: (+1)
   \        0x0   0xB580             PUSH     {R7,LR}
     29            if(flag)
   \        0x2   0xB2C0             UXTB     R0,R0            ;; ZeroExt  R0,R0,#+24,#+24
   \        0x4   0x2800             CMP      R0,#+0
   \        0x6   0xD00C             BEQ.N    ??DMA_buffer_0
     30            {
     31              Unzip(fieldCnt,pixels);
   \        0x8   0xF44F 0x6196      MOV      R1,#+1200
   \        0xC   0x....             LDR.N    R0,??DataTable2
   \        0xE   0x7800             LDRB     R0,[R0, #+0]
   \       0x10   0x....'....        BL       Unzip
     32              //img_num++;
     33              IMG_Handle();
   \       0x14   0x....'....        BL       IMG_Handle
     34              
     35             // send_img_data();
     36             // Scan_Point();
     37          
     38             Menu();
   \       0x18   0x....'....        BL       Menu
     39              DMA_flag=0;
   \       0x1C   0x2000             MOVS     R0,#+0
   \       0x1E   0x....             LDR.N    R1,??DataTable2_1
   \       0x20   0x7008             STRB     R0,[R1, #+0]
     40            }
     41          }
   \                     ??DMA_buffer_0: (+1)
   \       0x22   0xBD01             POP      {R0,PC}          ;; return
     42          
     43          //extern int tuxiang ;;

   \                                 In section .text, align 2, keep-with-next
     44          void main(void)
     45          {
   \                     main: (+1)
   \        0x0   0xB580             PUSH     {R7,LR}
     46            /*---------------------关中断---------------------*/
     47            //DisableInterrupts;
     48            /*------------------单片机初始化------------------*/
     49            System_Init();
   \        0x2   0x....'....        BL       System_Init
     50            /*---------------------开中断---------------------*/
     51            //EnableInterrupts; 
     52          
     53            while(1)
     54            {
     55          //          get_img();
     56          //    DMA_buffer(DMA_flag);
     57          
     58              get_img(); //变动
   \                     ??main_0: (+1)
   \        0x6   0x....'....        BL       get_img
     59              DMA_buffer(DMA_flag);
   \        0xA   0x....             LDR.N    R0,??DataTable2_1
   \        0xC   0x7800             LDRB     R0,[R0, #+0]
   \        0xE   0x....'....        BL       DMA_buffer
     60               Car_Control();
   \       0x12   0x....'....        BL       Car_Control
     61               LCD_Write_Int(80, 1, light_flag);        
   \       0x16   0x....             LDR.N    R0,??DataTable2_2
   \       0x18   0x6802             LDR      R2,[R0, #+0]
   \       0x1A   0xB212             SXTH     R2,R2            ;; SignExt  R2,R2,#+16,#+16
   \       0x1C   0x2101             MOVS     R1,#+1
   \       0x1E   0x2050             MOVS     R0,#+80
   \       0x20   0x....'....        BL       LCD_Write_Int
     62               LCD_Write_Int(80, 2, r1_reSpeed);
   \       0x24   0x....             LDR.N    R0,??DataTable2_3
   \       0x26   0x6802             LDR      R2,[R0, #+0]
   \       0x28   0xB212             SXTH     R2,R2            ;; SignExt  R2,R2,#+16,#+16
   \       0x2A   0x2102             MOVS     R1,#+2
   \       0x2C   0x2050             MOVS     R0,#+80
   \       0x2E   0x....'....        BL       LCD_Write_Int
     63               LCD_Write_Int(80, 3, r2_reSpeed);
   \       0x32   0x....             LDR.N    R0,??DataTable2_4
   \       0x34   0x6802             LDR      R2,[R0, #+0]
   \       0x36   0xB212             SXTH     R2,R2            ;; SignExt  R2,R2,#+16,#+16
   \       0x38   0x2103             MOVS     R1,#+3
   \       0x3A   0x2050             MOVS     R0,#+80
   \       0x3C   0x....'....        BL       LCD_Write_Int
     64               LCD_Write_Int(100, 6, l2_reSpeed); 
   \       0x40   0x....             LDR.N    R0,??DataTable2_5
   \       0x42   0x6802             LDR      R2,[R0, #+0]
   \       0x44   0xB212             SXTH     R2,R2            ;; SignExt  R2,R2,#+16,#+16
   \       0x46   0x2106             MOVS     R1,#+6
   \       0x48   0x2064             MOVS     R0,#+100
   \       0x4A   0x....'....        BL       LCD_Write_Int
   \       0x4E   0xE7DA             B.N      ??main_0
     65          
     66          //     LCD_Write_Int(80, 1, l1_reSpeed);        
     67          //     LCD_Write_Int(80, 2, light_x);
     68          //     LCD_Write_Int(80, 3, light_y);
     69          //     LCD_Write_Int(100, 6, fps1_n);     
     70          
     71            } 
     72          }

   \                                 In section .text, align 4, keep-with-next
   \                     ??DataTable2:
   \        0x0   0x....'....        DC32     fieldCnt

   \                                 In section .text, align 4, keep-with-next
   \                     ??DataTable2_1:
   \        0x0   0x....'....        DC32     DMA_flag

   \                                 In section .text, align 4, keep-with-next
   \                     ??DataTable2_2:
   \        0x0   0x....'....        DC32     light_flag

   \                                 In section .text, align 4, keep-with-next
   \                     ??DataTable2_3:
   \        0x0   0x....'....        DC32     r1_reSpeed

   \                                 In section .text, align 4, keep-with-next
   \                     ??DataTable2_4:
   \        0x0   0x....'....        DC32     r2_reSpeed

   \                                 In section .text, align 4, keep-with-next
   \                     ??DataTable2_5:
   \        0x0   0x....'....        DC32     l2_reSpeed
     73          
     74          
     75          
     76          
     77          

   Maximum stack usage in bytes:

   .cstack Function
   ------- --------
       8   DMA_buffer
         8   -> IMG_Handle
         8   -> Menu
         8   -> Unzip
       8   System_Init
         8   -> Camera_Init
         8   -> KeyBoard_Init
         8   -> LCD_CLS
         8   -> LCD_Init
         8   -> encorder_init
         8   -> init_Motor
         8   -> pit_init
       8   main
         8   -> Car_Control
         8   -> DMA_buffer
         8   -> LCD_Write_Int
         8   -> System_Init
         8   -> get_img


   Section sizes:

   Bytes  Function/Label
   -----  --------------
       4  ??DataTable2
       4  ??DataTable2_1
       4  ??DataTable2_2
       4  ??DataTable2_3
       4  ??DataTable2_4
       4  ??DataTable2_5
      36  DMA_buffer
      32  System_Init
      80  main

 
 172 bytes in section .text
 
 172 bytes of CODE memory

Errors: none
Warnings: 1
