###############################################################################
#
# IAR ANSI C/C++ Compiler V8.32.1.169/W32 for ARM         21/May/2019  22:07:18
# Copyright 1999-2018 IAR Systems AB.
#
#    Cpu mode     =  
#    Endian       =  little
#    Source file  =  
#        C:\Users\que\Desktop\AAA_xinbiao\xiugai\lib\common\McNamm_wheel_control.c
#    Command line =  
#        -f C:\Users\TEMPLA~1.000\AppData\Local\Temp\EW3EE2.tmp
#        (C:\Users\que\Desktop\AAA_xinbiao\xiugai\lib\common\McNamm_wheel_control.c
#        -D LPLD_K60 -lCN
#        "C:\Users\que\Desktop\AAA_xinbiao\xiugai\project\28-(SDHC)LPLD_SdCard\iar\RAM\List"
#        -lB
#        "C:\Users\que\Desktop\AAA_xinbiao\xiugai\project\28-(SDHC)LPLD_SdCard\iar\RAM\List"
#        -o
#        "C:\Users\que\Desktop\AAA_xinbiao\xiugai\project\28-(SDHC)LPLD_SdCard\iar\RAM\Obj"
#        --no_cse --no_unroll --no_inline --no_code_motion --no_tbaa
#        --no_clustering --no_scheduling --debug --endian=little
#        --cpu=Cortex-M4 -e --fpu=None --dlib_config "D:\@@\605110 IAR for
#        ARM 8.30\arm\inc\c\DLib_Config_Normal.h" -I
#        "C:\Users\que\Desktop\AAA_xinbiao\xiugai\project\28-(SDHC)LPLD_SdCard\iar\..\app\"
#        -I
#        "C:\Users\que\Desktop\AAA_xinbiao\xiugai\project\28-(SDHC)LPLD_SdCard\iar\..\..\..\lib\CPU\"
#        -I
#        "C:\Users\que\Desktop\AAA_xinbiao\xiugai\project\28-(SDHC)LPLD_SdCard\iar\..\..\..\lib\common\"
#        -I
#        "C:\Users\que\Desktop\AAA_xinbiao\xiugai\project\28-(SDHC)LPLD_SdCard\iar\..\..\..\lib\LPLD\"
#        -I
#        "C:\Users\que\Desktop\AAA_xinbiao\xiugai\project\28-(SDHC)LPLD_SdCard\iar\..\..\..\lib\LPLD\HW\"
#        -I
#        "C:\Users\que\Desktop\AAA_xinbiao\xiugai\project\28-(SDHC)LPLD_SdCard\iar\..\..\..\lib\LPLD\DEV\"
#        -I
#        "C:\Users\que\Desktop\AAA_xinbiao\xiugai\project\28-(SDHC)LPLD_SdCard\iar\..\..\..\lib\uCOS-II\Ports\"
#        -I
#        "C:\Users\que\Desktop\AAA_xinbiao\xiugai\project\28-(SDHC)LPLD_SdCard\iar\..\..\..\lib\uCOS-II\Source\"
#        -I
#        "C:\Users\que\Desktop\AAA_xinbiao\xiugai\project\28-(SDHC)LPLD_SdCard\iar\..\..\..\lib\FatFs\"
#        -I
#        "C:\Users\que\Desktop\AAA_xinbiao\xiugai\project\28-(SDHC)LPLD_SdCard\iar\..\..\..\lib\FatFs\option\"
#        -I
#        "C:\Users\que\Desktop\AAA_xinbiao\xiugai\project\28-(SDHC)LPLD_SdCard\iar\..\..\..\lib\USB\common\"
#        -I
#        "C:\Users\que\Desktop\AAA_xinbiao\xiugai\project\28-(SDHC)LPLD_SdCard\iar\..\..\..\lib\USB\driver\"
#        -I
#        "C:\Users\que\Desktop\AAA_xinbiao\xiugai\project\28-(SDHC)LPLD_SdCard\iar\..\..\..\lib\USB\descriptor\"
#        -I
#        "C:\Users\que\Desktop\AAA_xinbiao\xiugai\project\28-(SDHC)LPLD_SdCard\iar\..\..\..\lib\USB\class\"
#        -I
#        "C:\Users\que\Desktop\AAA_xinbiao\xiugai\project\28-(SDHC)LPLD_SdCard\iar\..\..\..\lib\Me\"
#        -I
#        "C:\Users\que\Desktop\AAA_xinbiao\xiugai\project\28-(SDHC)LPLD_SdCard\iar\..\app\"
#        -I
#        "C:\Users\que\Desktop\AAA_xinbiao\xiugai\project\28-(SDHC)LPLD_SdCard\iar\..\app\"
#        -I
#        "C:\Users\que\Desktop\AAA_xinbiao\xiugai\project\28-(SDHC)LPLD_SdCard\iar\..\..\..\lib\"
#        -I
#        "C:\Users\que\Desktop\AAA_xinbiao\xiugai\project\28-(SDHC)LPLD_SdCard\iar\..\..\..\lib\common\"
#        -I
#        "C:\Users\que\Desktop\AAA_xinbiao\xiugai\project\28-(SDHC)LPLD_SdCard\iar\..\..\..\lib\CPU\"
#        -I
#        "C:\Users\que\Desktop\AAA_xinbiao\xiugai\project\28-(SDHC)LPLD_SdCard\iar\..\..\..\lib\Jay\"
#        -Ol -I "D:\@@\605110 IAR for ARM 8.30\arm\CMSIS\Core\Include\" -I
#        "D:\@@\605110 IAR for ARM 8.30\arm\CMSIS\DSP\Include\" -D
#        ARM_MATH_CM4)
#    Locale       =  C
#    List file    =  
#        C:\Users\que\Desktop\AAA_xinbiao\xiugai\project\28-(SDHC)LPLD_SdCard\iar\RAM\List\McNamm_wheel_control.lst
#    Object file  =  
#        C:\Users\que\Desktop\AAA_xinbiao\xiugai\project\28-(SDHC)LPLD_SdCard\iar\RAM\Obj\McNamm_wheel_control.o
#
###############################################################################

C:\Users\que\Desktop\AAA_xinbiao\xiugai\lib\common\McNamm_wheel_control.c
      1          #include "McNamm_wheel_control.h"
      2          #include "math.h"
      3          
      4          extern u8 basic_speed ;
      5          extern u8 Rotate_speed;
      6          
      7          extern s32 Left_front_goalspeed ;/*左前轮目标速度*/
      8          extern s32 Right_front_goalspeed ;/*右前轮目标速度*/
      9          extern s32 Left_rear_goalspeed;/*左前轮目标速度*/
     10          extern s32 Right_rear_goalspeed;/*右前轮目标速度*/
     11          
     12          extern s16 beacon_x;  //实际信标灯坐标
     13          extern s16 beacon_y;
     14          extern s16 excursion_x;  //信标灯坐标偏移
     15          extern s16 excursion_y;
     16          extern u8 coordinate_X ; //等价信标灯坐标
     17          extern u8 coordinate_Y ;
     18          
     19          extern 	u8 state_flag; //信标灯远近标志位
     20          extern u8 Barrier_flag ; //障碍物标志位
     21          extern u8 force_left ;
     22          extern u8 force_right;
     23          #define a_PARAMETER          (0.09f)               
     24          #define b_PARAMETER          (0.09f) 
     25          

   \                                 In section .text, align 2, keep-with-next
     26          void McNamm_wheel_control(float Vx,float Vy,float Vz)
     27          {
   \                     McNamm_wheel_control: (+1)
   \        0x0   0xE92D 0x41F0      PUSH     {R4-R8,LR}
   \        0x4   0x0004             MOVS     R4,R0
   \        0x6   0x000F             MOVS     R7,R1
   \        0x8   0x0015             MOVS     R5,R2
     28              Left_rear_goalspeed    = Vx-Vz*(a_PARAMETER+b_PARAMETER);  //zuohou
   \        0xA   0x....             LDR.N    R6,??DataTable2  ;; 0x3e3851ec
   \        0xC   0x0028             MOVS     R0,R5
   \        0xE   0x0031             MOVS     R1,R6
   \       0x10   0x....'....        BL       __aeabi_fmul
   \       0x14   0x0001             MOVS     R1,R0
   \       0x16   0x0020             MOVS     R0,R4
   \       0x18   0x....'....        BL       __aeabi_fsub
   \       0x1C   0x....'....        BL       __aeabi_f2iz
   \       0x20   0x....             LDR.N    R1,??DataTable2_1
   \       0x22   0x6008             STR      R0,[R1, #+0]
     29              Left_front_goalspeed   = Vx+Vy-Vz*(a_PARAMETER+b_PARAMETER);  //
   \       0x24   0x0020             MOVS     R0,R4
   \       0x26   0x0039             MOVS     R1,R7
   \       0x28   0x....'....        BL       __aeabi_fadd
   \       0x2C   0x4680             MOV      R8,R0
   \       0x2E   0x0028             MOVS     R0,R5
   \       0x30   0x0031             MOVS     R1,R6
   \       0x32   0x....'....        BL       __aeabi_fmul
   \       0x36   0x0001             MOVS     R1,R0
   \       0x38   0x4640             MOV      R0,R8
   \       0x3A   0x....'....        BL       __aeabi_fsub
   \       0x3E   0x....'....        BL       __aeabi_f2iz
   \       0x42   0x....             LDR.N    R1,??DataTable2_2
   \       0x44   0x6008             STR      R0,[R1, #+0]
     30              Right_front_goalspeed  = Vx-Vy+Vz*(a_PARAMETER+b_PARAMETER);//
   \       0x46   0x0020             MOVS     R0,R4
   \       0x48   0x0039             MOVS     R1,R7
   \       0x4A   0x....'....        BL       __aeabi_fsub
   \       0x4E   0x0007             MOVS     R7,R0
   \       0x50   0x0028             MOVS     R0,R5
   \       0x52   0x0031             MOVS     R1,R6
   \       0x54   0x....'....        BL       __aeabi_fmul
   \       0x58   0x0039             MOVS     R1,R7
   \       0x5A   0x....'....        BL       __aeabi_fadd
   \       0x5E   0x....'....        BL       __aeabi_f2iz
   \       0x62   0x....             LDR.N    R1,??DataTable2_3
   \       0x64   0x6008             STR      R0,[R1, #+0]
     31              Right_rear_goalspeed   = Vx+Vz*(a_PARAMETER+b_PARAMETER);//
   \       0x66   0x0028             MOVS     R0,R5
   \       0x68   0x0031             MOVS     R1,R6
   \       0x6A   0x....'....        BL       __aeabi_fmul
   \       0x6E   0x0021             MOVS     R1,R4
   \       0x70   0x....'....        BL       __aeabi_fadd
   \       0x74   0x....'....        BL       __aeabi_f2iz
   \       0x78   0x....             LDR.N    R1,??DataTable2_4
   \       0x7A   0x6008             STR      R0,[R1, #+0]
     32          }
   \       0x7C   0xE8BD 0x81F0      POP      {R4-R8,PC}       ;; return
     33          

   \                                 In section .text, align 2, keep-with-next
     34          void Speed_Conversion2() //测试用
     35          {
   \                     Speed_Conversion2: (+1)
   \        0x0   0xB570             PUSH     {R4-R6,LR}
     36            float coefficient = 0;
   \        0x2   0x2000             MOVS     R0,#+0
     37            float vx=0,vy=0,vz = 0;
   \        0x4   0x2000             MOVS     R0,#+0
   \        0x6   0x2000             MOVS     R0,#+0
   \        0x8   0x2000             MOVS     R0,#+0
     38            coefficient = (float)(basic_speed*basic_speed)/(coordinate_X*coordinate_X+coordinate_Y*coordinate_Y);
   \        0xA   0x....             LDR.N    R4,??DataTable2_5
   \        0xC   0x....             LDR.N    R5,??DataTable2_6
   \        0xE   0x....             LDR.N    R1,??DataTable2_7
   \       0x10   0x7808             LDRB     R0,[R1, #+0]
   \       0x12   0x7809             LDRB     R1,[R1, #+0]
   \       0x14   0x4348             MULS     R0,R1,R0
   \       0x16   0x....'....        BL       __aeabi_i2f
   \       0x1A   0x0006             MOVS     R6,R0
   \       0x1C   0x7828             LDRB     R0,[R5, #+0]
   \       0x1E   0x782A             LDRB     R2,[R5, #+0]
   \       0x20   0x7823             LDRB     R3,[R4, #+0]
   \       0x22   0x7821             LDRB     R1,[R4, #+0]
   \       0x24   0x434B             MULS     R3,R1,R3
   \       0x26   0xFB02 0x3000      MLA      R0,R2,R0,R3
   \       0x2A   0x....'....        BL       __aeabi_i2f
   \       0x2E   0x0001             MOVS     R1,R0
   \       0x30   0x0030             MOVS     R0,R6
   \       0x32   0x....'....        BL       __aeabi_fdiv
     39            coefficient = (float)sqrt(coefficient);
   \       0x36   0x....'....        BL       __aeabi_f2d
   \       0x3A   0x....'....        BL       sqrt
   \       0x3E   0x....'....        BL       __aeabi_d2f
   \       0x42   0x0006             MOVS     R6,R0
     40          	
     41            vx = coefficient*coordinate_X;
   \       0x44   0x7828             LDRB     R0,[R5, #+0]
   \       0x46   0x....'....        BL       __aeabi_ui2f
   \       0x4A   0x0031             MOVS     R1,R6
   \       0x4C   0x....'....        BL       __aeabi_fmul
   \       0x50   0x0005             MOVS     R5,R0
     42            vy = coefficient*coordinate_Y;
   \       0x52   0x7820             LDRB     R0,[R4, #+0]
   \       0x54   0x....'....        BL       __aeabi_ui2f
   \       0x58   0x0031             MOVS     R1,R6
   \       0x5A   0x....'....        BL       __aeabi_fmul
     43            vz = 1;
   \       0x5E   0xF05F 0x527E      MOVS     R2,#+1065353216
     44            McNamm_wheel_control(vx,vy,vz);
   \       0x62   0x0001             MOVS     R1,R0
   \       0x64   0x0028             MOVS     R0,R5
   \       0x66   0x....'....        BL       McNamm_wheel_control
     45          }
   \       0x6A   0xBD70             POP      {R4-R6,PC}       ;; return
     46          

   \                                 In section .text, align 2, keep-with-next
     47          void Speed_Conversion(u8 setspeedl,s16 setspeeds,s16 x,s16 y)//zhi,0,x,y
     48          {
   \                     Speed_Conversion: (+1)
   \        0x0   0xB570             PUSH     {R4-R6,LR}
   \        0x2   0x000D             MOVS     R5,R1
   \        0x4   0x001C             MOVS     R4,R3
     49             float speedl,speeds,vx,vy,vz;
     50             speedl = (float)setspeedl;
   \        0x6   0xB2C0             UXTB     R0,R0            ;; ZeroExt  R0,R0,#+24,#+24
   \        0x8   0x....'....        BL       __aeabi_ui2f
   \        0xC   0x0006             MOVS     R6,R0
     51             speeds = (float)setspeeds;
   \        0xE   0xB22D             SXTH     R5,R5            ;; SignExt  R5,R5,#+16,#+16
   \       0x10   0x0028             MOVS     R0,R5
   \       0x12   0x....'....        BL       __aeabi_i2f
     52             if(light_flag)
   \       0x16   0x....             LDR.N    R1,??DataTable2_8
   \       0x18   0x6809             LDR      R1,[R1, #+0]
   \       0x1A   0x2900             CMP      R1,#+0
   \       0x1C   0xD016             BEQ.N    ??Speed_Conversion_0
     53             {
     54               vx = 25;
   \       0x1E   0x....             LDR.N    R5,??DataTable2_9  ;; 0x41c80000
     55              // vy = 0;
     56               vy = (int)(0.5f*lun_Pid(y,speedl));  //0正or负
   \       0x20   0x0030             MOVS     R0,R6
   \       0x22   0x....'....        BL       __aeabi_f2iz
   \       0x26   0x0001             MOVS     R1,R0
   \       0x28   0xB209             SXTH     R1,R1            ;; SignExt  R1,R1,#+16,#+16
   \       0x2A   0x0020             MOVS     R0,R4
   \       0x2C   0xB200             SXTH     R0,R0            ;; SignExt  R0,R0,#+16,#+16
   \       0x2E   0x....'....        BL       lun_Pid
   \       0x32   0x....'....        BL       __aeabi_i2f
   \       0x36   0xF05F 0x517C      MOVS     R1,#+1056964608
   \       0x3A   0x....'....        BL       __aeabi_fmul
   \       0x3E   0x....'....        BL       __aeabi_f2iz
   \       0x42   0x....'....        BL       __aeabi_i2f
   \       0x46   0x0006             MOVS     R6,R0
     57               vz = 0;
   \       0x48   0x2200             MOVS     R2,#+0
   \       0x4A   0xE00D             B.N      ??Speed_Conversion_1
     58             }
     59              
     60          
     61             else 
     62             {
     63               vx = 0;
   \                     ??Speed_Conversion_0: (+1)
   \       0x4C   0x2500             MOVS     R5,#+0
     64               vy = 0;    
   \       0x4E   0x2600             MOVS     R6,#+0
     65               vz = Dir_Pid(speeds,y);
   \       0x50   0x0021             MOVS     R1,R4
   \       0x52   0xB209             SXTH     R1,R1            ;; SignExt  R1,R1,#+16,#+16
   \       0x54   0x000C             MOVS     R4,R1
   \       0x56   0x....'....        BL       __aeabi_f2iz
   \       0x5A   0x0021             MOVS     R1,R4
   \       0x5C   0xB200             SXTH     R0,R0            ;; SignExt  R0,R0,#+16,#+16
   \       0x5E   0x....'....        BL       Dir_Pid
   \       0x62   0x....'....        BL       __aeabi_i2f
   \       0x66   0x0002             MOVS     R2,R0
     66             }
     67          
     68            McNamm_wheel_control(vx,vy,vz);
   \                     ??Speed_Conversion_1: (+1)
   \       0x68   0x0031             MOVS     R1,R6
   \       0x6A   0x0028             MOVS     R0,R5
   \       0x6C   0x....'....        BL       McNamm_wheel_control
     69          }
   \       0x70   0xBD70             POP      {R4-R6,PC}       ;; return

   \                                 In section .text, align 4, keep-with-next
   \                     ??DataTable2:
   \        0x0   0x3E38'51EC        DC32     0x3e3851ec

   \                                 In section .text, align 4, keep-with-next
   \                     ??DataTable2_1:
   \        0x0   0x....'....        DC32     Left_rear_goalspeed

   \                                 In section .text, align 4, keep-with-next
   \                     ??DataTable2_2:
   \        0x0   0x....'....        DC32     Left_front_goalspeed

   \                                 In section .text, align 4, keep-with-next
   \                     ??DataTable2_3:
   \        0x0   0x....'....        DC32     Right_front_goalspeed

   \                                 In section .text, align 4, keep-with-next
   \                     ??DataTable2_4:
   \        0x0   0x....'....        DC32     Right_rear_goalspeed

   \                                 In section .text, align 4, keep-with-next
   \                     ??DataTable2_5:
   \        0x0   0x....'....        DC32     coordinate_Y

   \                                 In section .text, align 4, keep-with-next
   \                     ??DataTable2_6:
   \        0x0   0x....'....        DC32     coordinate_X

   \                                 In section .text, align 4, keep-with-next
   \                     ??DataTable2_7:
   \        0x0   0x....'....        DC32     basic_speed

   \                                 In section .text, align 4, keep-with-next
   \                     ??DataTable2_8:
   \        0x0   0x....'....        DC32     light_flag

   \                                 In section .text, align 4, keep-with-next
   \                     ??DataTable2_9:
   \        0x0   0x41C8'0000        DC32     0x41c80000
     70          
     71          

   Maximum stack usage in bytes:

   .cstack Function
   ------- --------
      24   McNamm_wheel_control
        24   -> __aeabi_f2iz
        24   -> __aeabi_fadd
        24   -> __aeabi_fmul
        24   -> __aeabi_fsub
      16   Speed_Conversion
        16   -> Dir_Pid
        16   -> McNamm_wheel_control
        16   -> __aeabi_f2iz
        16   -> __aeabi_fmul
        16   -> __aeabi_i2f
        16   -> __aeabi_ui2f
        16   -> lun_Pid
      16   Speed_Conversion2
        16   -> McNamm_wheel_control
        16   -> __aeabi_d2f
        16   -> __aeabi_f2d
        16   -> __aeabi_fdiv
        16   -> __aeabi_fmul
        16   -> __aeabi_i2f
        16   -> __aeabi_ui2f
        16   -> sqrt


   Section sizes:

   Bytes  Function/Label
   -----  --------------
       4  ??DataTable2
       4  ??DataTable2_1
       4  ??DataTable2_2
       4  ??DataTable2_3
       4  ??DataTable2_4
       4  ??DataTable2_5
       4  ??DataTable2_6
       4  ??DataTable2_7
       4  ??DataTable2_8
       4  ??DataTable2_9
     128  McNamm_wheel_control
     114  Speed_Conversion
     108  Speed_Conversion2

 
 390 bytes in section .text
 
 390 bytes of CODE memory

Errors: none
Warnings: 7
