###############################################################################
#
# IAR ANSI C/C++ Compiler V8.32.1.169/W32 for ARM         06/May/2019  21:36:28
# Copyright 1999-2018 IAR Systems AB.
#
#    Cpu mode     =  
#    Endian       =  little
#    Source file  =  C:\Users\@@@\Desktop\k60_144\smartcar\lib\Jay\nav.c
#    Command line =  
#        -f C:\Users\@@@\AppData\Local\Temp\EW49A0.tmp
#        (C:\Users\@@@\Desktop\k60_144\smartcar\lib\Jay\nav.c -D LPLD_K60
#        -lCN
#        "C:\Users\@@@\Desktop\k60_144\smartcar\project\28-(SDHC)LPLD_SdCard\iar\RAM\List"
#        -lB
#        "C:\Users\@@@\Desktop\k60_144\smartcar\project\28-(SDHC)LPLD_SdCard\iar\RAM\List"
#        -o
#        "C:\Users\@@@\Desktop\k60_144\smartcar\project\28-(SDHC)LPLD_SdCard\iar\RAM\Obj"
#        --no_cse --no_unroll --no_inline --no_code_motion --no_tbaa
#        --no_clustering --no_scheduling --debug --endian=little
#        --cpu=Cortex-M4 -e --fpu=None --dlib_config "D:\@@\605110 IAR for
#        ARM 8.30\arm\inc\c\DLib_Config_Normal.h" -I
#        "C:\Users\@@@\Desktop\k60_144\smartcar\project\28-(SDHC)LPLD_SdCard\iar\..\app\"
#        -I
#        "C:\Users\@@@\Desktop\k60_144\smartcar\project\28-(SDHC)LPLD_SdCard\iar\..\..\..\lib\CPU\"
#        -I
#        "C:\Users\@@@\Desktop\k60_144\smartcar\project\28-(SDHC)LPLD_SdCard\iar\..\..\..\lib\common\"
#        -I
#        "C:\Users\@@@\Desktop\k60_144\smartcar\project\28-(SDHC)LPLD_SdCard\iar\..\..\..\lib\LPLD\"
#        -I
#        "C:\Users\@@@\Desktop\k60_144\smartcar\project\28-(SDHC)LPLD_SdCard\iar\..\..\..\lib\LPLD\HW\"
#        -I
#        "C:\Users\@@@\Desktop\k60_144\smartcar\project\28-(SDHC)LPLD_SdCard\iar\..\..\..\lib\LPLD\DEV\"
#        -I
#        "C:\Users\@@@\Desktop\k60_144\smartcar\project\28-(SDHC)LPLD_SdCard\iar\..\..\..\lib\uCOS-II\Ports\"
#        -I
#        "C:\Users\@@@\Desktop\k60_144\smartcar\project\28-(SDHC)LPLD_SdCard\iar\..\..\..\lib\uCOS-II\Source\"
#        -I
#        "C:\Users\@@@\Desktop\k60_144\smartcar\project\28-(SDHC)LPLD_SdCard\iar\..\..\..\lib\FatFs\"
#        -I
#        "C:\Users\@@@\Desktop\k60_144\smartcar\project\28-(SDHC)LPLD_SdCard\iar\..\..\..\lib\FatFs\option\"
#        -I
#        "C:\Users\@@@\Desktop\k60_144\smartcar\project\28-(SDHC)LPLD_SdCard\iar\..\..\..\lib\USB\common\"
#        -I
#        "C:\Users\@@@\Desktop\k60_144\smartcar\project\28-(SDHC)LPLD_SdCard\iar\..\..\..\lib\USB\driver\"
#        -I
#        "C:\Users\@@@\Desktop\k60_144\smartcar\project\28-(SDHC)LPLD_SdCard\iar\..\..\..\lib\USB\descriptor\"
#        -I
#        "C:\Users\@@@\Desktop\k60_144\smartcar\project\28-(SDHC)LPLD_SdCard\iar\..\..\..\lib\USB\class\"
#        -I
#        "C:\Users\@@@\Desktop\k60_144\smartcar\project\28-(SDHC)LPLD_SdCard\iar\..\..\..\lib\Me\"
#        -I
#        "C:\Users\@@@\Desktop\k60_144\smartcar\project\28-(SDHC)LPLD_SdCard\iar\..\app\"
#        -I
#        "C:\Users\@@@\Desktop\k60_144\smartcar\project\28-(SDHC)LPLD_SdCard\iar\..\app\"
#        -I
#        "C:\Users\@@@\Desktop\k60_144\smartcar\project\28-(SDHC)LPLD_SdCard\iar\..\..\..\lib\"
#        -I
#        "C:\Users\@@@\Desktop\k60_144\smartcar\project\28-(SDHC)LPLD_SdCard\iar\..\..\..\lib\common\"
#        -I
#        "C:\Users\@@@\Desktop\k60_144\smartcar\project\28-(SDHC)LPLD_SdCard\iar\..\..\..\lib\CPU\"
#        -I
#        "C:\Users\@@@\Desktop\k60_144\smartcar\project\28-(SDHC)LPLD_SdCard\iar\..\..\..\lib\Jay\"
#        -Ol -I "D:\@@\605110 IAR for ARM 8.30\arm\CMSIS\Core\Include\" -I
#        "D:\@@\605110 IAR for ARM 8.30\arm\CMSIS\DSP\Include\" -D
#        ARM_MATH_CM4)
#    Locale       =  C
#    List file    =  
#        C:\Users\@@@\Desktop\k60_144\smartcar\project\28-(SDHC)LPLD_SdCard\iar\RAM\List\nav.lst
#    Object file  =  
#        C:\Users\@@@\Desktop\k60_144\smartcar\project\28-(SDHC)LPLD_SdCard\iar\RAM\Obj\nav.o
#
###############################################################################

C:\Users\@@@\Desktop\k60_144\smartcar\lib\Jay\nav.c
      1          /*
      2           *  
      3           *  
      4           *  @JayLin林杰 @厦门大学嘉庚学院 @博学队
      5           */
      6          #include  "common.h"
      7          #include "include.h"
      8          
      9          
     10          #define   add    1
     11          #define   sub    0
     12          
     13          #define StringCol  15
     14          #define NumCol     90
     15          

   \                                 In section .data, align 1
     16          uint8 navFlag = 1;
   \                     navFlag:
   \        0x0   0x01               DC8 1

   \                                 In section .bss, align 1
     17          uint8 Page = 0;
   \                     Page:
   \        0x0                      DS8 1
     18          
     19          
     20          
     21          
     22          void Menu(void);
     23          void Menu_Page1(void);
     24          void Menu_Page2(void);
     25          void Menu_Page3(void);
     26          void Menu_Page4(void);
     27          void Menu_Page5(void);
     28          void BOOT(void);
     29          

   \                                 In section .text, align 2, keep-with-next
     30          void pageTurn(uint8 *page,uint8 pages,uint8 Type)
     31          {
     32            if(add == Type)
   \                     pageTurn: (+1)
   \        0x0   0xB2D2             UXTB     R2,R2            ;; ZeroExt  R2,R2,#+24,#+24
   \        0x2   0x2A01             CMP      R2,#+1
   \        0x4   0xD10A             BNE.N    ??pageTurn_0
     33            {
     34              if((*page) < pages)
   \        0x6   0x7802             LDRB     R2,[R0, #+0]
   \        0x8   0xB2C9             UXTB     R1,R1            ;; ZeroExt  R1,R1,#+24,#+24
   \        0xA   0x428A             CMP      R2,R1
   \        0xC   0xD203             BCS.N    ??pageTurn_1
     35              { (*page)++; }
   \        0xE   0x7801             LDRB     R1,[R0, #+0]
   \       0x10   0x1C49             ADDS     R1,R1,#+1
   \       0x12   0x7001             STRB     R1,[R0, #+0]
   \       0x14   0xE00A             B.N      ??pageTurn_2
     36              else
     37              { (*page) = 1; }
   \                     ??pageTurn_1: (+1)
   \       0x16   0x2101             MOVS     R1,#+1
   \       0x18   0x7001             STRB     R1,[R0, #+0]
   \       0x1A   0xE007             B.N      ??pageTurn_2
     38            }
     39            else
     40            {
     41              if((*page) > 1)
   \                     ??pageTurn_0: (+1)
   \       0x1C   0x7802             LDRB     R2,[R0, #+0]
   \       0x1E   0x2A02             CMP      R2,#+2
   \       0x20   0xDB03             BLT.N    ??pageTurn_3
     42              { (*page)--; }
   \       0x22   0x7801             LDRB     R1,[R0, #+0]
   \       0x24   0x1E49             SUBS     R1,R1,#+1
   \       0x26   0x7001             STRB     R1,[R0, #+0]
   \       0x28   0xE000             B.N      ??pageTurn_2
     43              else
     44              { (*page) = pages; }
   \                     ??pageTurn_3: (+1)
   \       0x2A   0x7001             STRB     R1,[R0, #+0]
     45            }
     46          
     47          }
   \                     ??pageTurn_2: (+1)
   \       0x2C   0x4770             BX       LR               ;; return
     48          

   \                                 In section .text, align 2, keep-with-next
     49          void Cursor(uint8 Key,uint8 *Cnum)
     50          {
   \                     Cursor: (+1)
   \        0x0   0xB580             PUSH     {R7,LR}
     51            switch(Key)
   \        0x2   0xB2C0             UXTB     R0,R0            ;; ZeroExt  R0,R0,#+24,#+24
   \        0x4   0x2801             CMP      R0,#+1
   \        0x6   0xD002             BEQ.N    ??Cursor_0
   \        0x8   0x2804             CMP      R0,#+4
   \        0xA   0xD00F             BEQ.N    ??Cursor_1
   \        0xC   0xE01D             B.N      ??Cursor_2
     52            {
     53            case 1:
     54              if((*Cnum) > 0)
   \                     ??Cursor_0: (+1)
   \        0xE   0x7808             LDRB     R0,[R1, #+0]
   \       0x10   0x2800             CMP      R0,#+0
   \       0x12   0xD003             BEQ.N    ??Cursor_3
     55              { (*Cnum)--; }
   \       0x14   0x7808             LDRB     R0,[R1, #+0]
   \       0x16   0x1E40             SUBS     R0,R0,#+1
   \       0x18   0x7008             STRB     R0,[R1, #+0]
   \       0x1A   0xE004             B.N      ??Cursor_4
     56              else if((*Cnum) <= 0)
   \                     ??Cursor_3: (+1)
   \       0x1C   0x7808             LDRB     R0,[R1, #+0]
   \       0x1E   0x2800             CMP      R0,#+0
   \       0x20   0xD101             BNE.N    ??Cursor_4
     57              { (*Cnum) = 7;}
   \       0x22   0x2007             MOVS     R0,#+7
   \       0x24   0x7008             STRB     R0,[R1, #+0]
     58              LCD_CLS();
   \                     ??Cursor_4: (+1)
   \       0x26   0x....'....        BL       LCD_CLS
     59              break;
   \       0x2A   0xE00E             B.N      ??Cursor_5
     60            
     61            case 4:
     62              if((*Cnum) < 7)
   \                     ??Cursor_1: (+1)
   \       0x2C   0x7808             LDRB     R0,[R1, #+0]
   \       0x2E   0x2807             CMP      R0,#+7
   \       0x30   0xDA03             BGE.N    ??Cursor_6
     63              { (*Cnum)++; }
   \       0x32   0x7808             LDRB     R0,[R1, #+0]
   \       0x34   0x1C40             ADDS     R0,R0,#+1
   \       0x36   0x7008             STRB     R0,[R1, #+0]
   \       0x38   0xE004             B.N      ??Cursor_7
     64              else if((*Cnum) >= 7)
   \                     ??Cursor_6: (+1)
   \       0x3A   0x7808             LDRB     R0,[R1, #+0]
   \       0x3C   0x2807             CMP      R0,#+7
   \       0x3E   0xDB01             BLT.N    ??Cursor_7
     65              { (*Cnum) = 0;}
   \       0x40   0x2000             MOVS     R0,#+0
   \       0x42   0x7008             STRB     R0,[R1, #+0]
     66              LCD_CLS();
   \                     ??Cursor_7: (+1)
   \       0x44   0x....'....        BL       LCD_CLS
     67              break;
   \       0x48   0xE7FF             B.N      ??Cursor_5
     68            default:break;
     69            }
     70          }
   \                     ??Cursor_2: (+1)
   \                     ??Cursor_5: (+1)
   \       0x4A   0xBD01             POP      {R0,PC}          ;; return
     71          
     72          

   \                                 In section .text, align 2, keep-with-next
     73          void Menu_Page1(void)//设置定时
     74          {
   \                     Menu_Page1: (+1)
   \        0x0   0xB538             PUSH     {R3-R5,LR}
     75            static uint8 Cnum = 0;
     76            
     77            Cursor(KeyValue,&Cnum);
   \        0x2   0x....'....        LDR.W    R4,??DataTable7
   \        0x6   0x....'....        LDR.W    R5,??DataTable7_1
   \        0xA   0x0029             MOVS     R1,R5
   \        0xC   0x7820             LDRB     R0,[R4, #+0]
   \        0xE   0x....'....        BL       Cursor
     78            
     79            
     80            LCD_P6x8Str(0,Cnum,"*");
   \       0x12   0x....             ADR.N    R2,??DataTable6  ;; "*"
   \       0x14   0x7829             LDRB     R1,[R5, #+0]
   \       0x16   0x2000             MOVS     R0,#+0
   \       0x18   0x....'....        BL       LCD_P6x8Str
     81          
     82            
     83            switch(KeyValue)
   \       0x1C   0x7820             LDRB     R0,[R4, #+0]
   \       0x1E   0x2802             CMP      R0,#+2
   \       0x20   0xD006             BEQ.N    ??Menu_Page1_0
   \       0x22   0x2803             CMP      R0,#+3
   \       0x24   0xD01E             BEQ.N    ??Menu_Page1_1
   \       0x26   0x2805             CMP      R0,#+5
   \       0x28   0xD01D             BEQ.N    ??Menu_Page1_2
   \       0x2A   0x2806             CMP      R0,#+6
   \       0x2C   0xD035             BEQ.N    ??Menu_Page1_3
   \       0x2E   0xE03A             B.N      ??Menu_Page1_4
     84            {
     85            case 2:
     86              switch(Cnum)
   \                     ??Menu_Page1_0: (+1)
   \       0x30   0x7828             LDRB     R0,[R5, #+0]
   \       0x32   0x2800             CMP      R0,#+0
   \       0x34   0xD00B             BEQ.N    ??Menu_Page1_5
   \       0x36   0x2802             CMP      R0,#+2
   \       0x38   0xD00B             BEQ.N    ??Menu_Page1_6
   \       0x3A   0xD309             BCC.N    ??Menu_Page1_7
   \       0x3C   0x2804             CMP      R0,#+4
   \       0x3E   0xD00A             BEQ.N    ??Menu_Page1_8
   \       0x40   0xD308             BCC.N    ??Menu_Page1_9
   \       0x42   0x2806             CMP      R0,#+6
   \       0x44   0xD009             BEQ.N    ??Menu_Page1_10
   \       0x46   0xD307             BCC.N    ??Menu_Page1_11
   \       0x48   0x2807             CMP      R0,#+7
   \       0x4A   0xD007             BEQ.N    ??Menu_Page1_12
   \       0x4C   0xE007             B.N      ??Menu_Page1_13
     87              {
     88              case 0:
     89                
     90                break;
   \                     ??Menu_Page1_5: (+1)
   \       0x4E   0xE006             B.N      ??Menu_Page1_14
     91              case 1:
     92                
     93                break;
   \                     ??Menu_Page1_7: (+1)
   \       0x50   0xE005             B.N      ??Menu_Page1_14
     94              case 2:
     95                
     96                break;
   \                     ??Menu_Page1_6: (+1)
   \       0x52   0xE004             B.N      ??Menu_Page1_14
     97              case 3:
     98                
     99                break;
   \                     ??Menu_Page1_9: (+1)
   \       0x54   0xE003             B.N      ??Menu_Page1_14
    100              case 4:
    101                
    102                break;
   \                     ??Menu_Page1_8: (+1)
   \       0x56   0xE002             B.N      ??Menu_Page1_14
    103              case 5:
    104                
    105                break;
   \                     ??Menu_Page1_11: (+1)
   \       0x58   0xE001             B.N      ??Menu_Page1_14
    106              case 6:
    107                
    108                
    109                break;
   \                     ??Menu_Page1_10: (+1)
   \       0x5A   0xE000             B.N      ??Menu_Page1_14
    110              case 7:
    111                
    112                break;
   \                     ??Menu_Page1_12: (+1)
   \       0x5C   0xE7FF             B.N      ??Menu_Page1_14
    113              default:break;
    114              }
    115              LCD_CLS();
   \                     ??Menu_Page1_13: (+1)
   \                     ??Menu_Page1_14: (+1)
   \       0x5E   0x....'....        BL       LCD_CLS
    116              break;
   \       0x62   0xE020             B.N      ??Menu_Page1_15
    117            case 3:
    118              
    119              break;
   \                     ??Menu_Page1_1: (+1)
   \       0x64   0xE01F             B.N      ??Menu_Page1_15
    120            case 5:
    121              switch(Cnum)
   \                     ??Menu_Page1_2: (+1)
   \       0x66   0x7828             LDRB     R0,[R5, #+0]
   \       0x68   0x2800             CMP      R0,#+0
   \       0x6A   0xD00B             BEQ.N    ??Menu_Page1_16
   \       0x6C   0x2802             CMP      R0,#+2
   \       0x6E   0xD00B             BEQ.N    ??Menu_Page1_17
   \       0x70   0xD309             BCC.N    ??Menu_Page1_18
   \       0x72   0x2804             CMP      R0,#+4
   \       0x74   0xD00A             BEQ.N    ??Menu_Page1_19
   \       0x76   0xD308             BCC.N    ??Menu_Page1_20
   \       0x78   0x2806             CMP      R0,#+6
   \       0x7A   0xD009             BEQ.N    ??Menu_Page1_21
   \       0x7C   0xD307             BCC.N    ??Menu_Page1_22
   \       0x7E   0x2807             CMP      R0,#+7
   \       0x80   0xD007             BEQ.N    ??Menu_Page1_23
   \       0x82   0xE007             B.N      ??Menu_Page1_24
    122              {
    123              case 0:
    124                
    125                break;
   \                     ??Menu_Page1_16: (+1)
   \       0x84   0xE006             B.N      ??Menu_Page1_25
    126              case 1:
    127                
    128                break;
   \                     ??Menu_Page1_18: (+1)
   \       0x86   0xE005             B.N      ??Menu_Page1_25
    129              case 2:
    130                
    131                break;
   \                     ??Menu_Page1_17: (+1)
   \       0x88   0xE004             B.N      ??Menu_Page1_25
    132              case 3:
    133                
    134                break;
   \                     ??Menu_Page1_20: (+1)
   \       0x8A   0xE003             B.N      ??Menu_Page1_25
    135              case 4:
    136                
    137                break;
   \                     ??Menu_Page1_19: (+1)
   \       0x8C   0xE002             B.N      ??Menu_Page1_25
    138              case 5:
    139                
    140                break;
   \                     ??Menu_Page1_22: (+1)
   \       0x8E   0xE001             B.N      ??Menu_Page1_25
    141              case 6:
    142                
    143                break;
   \                     ??Menu_Page1_21: (+1)
   \       0x90   0xE000             B.N      ??Menu_Page1_25
    144              case 7:
    145                
    146                break;
   \                     ??Menu_Page1_23: (+1)
   \       0x92   0xE7FF             B.N      ??Menu_Page1_25
    147              default:break;
    148              }
    149              LCD_CLS();
   \                     ??Menu_Page1_24: (+1)
   \                     ??Menu_Page1_25: (+1)
   \       0x94   0x....'....        BL       LCD_CLS
    150              break;
   \       0x98   0xE005             B.N      ??Menu_Page1_15
    151            case 6:
    152              Page=0;
   \                     ??Menu_Page1_3: (+1)
   \       0x9A   0x2000             MOVS     R0,#+0
   \       0x9C   0x....             LDR.N    R1,??DataTable7_2
   \       0x9E   0x7008             STRB     R0,[R1, #+0]
    153              LCD_CLS();
   \       0xA0   0x....'....        BL       LCD_CLS
    154              break;
   \       0xA4   0xE7FF             B.N      ??Menu_Page1_15
    155            default:break;
    156            }
    157            
    158            KeyValue=0;
   \                     ??Menu_Page1_4: (+1)
   \                     ??Menu_Page1_15: (+1)
   \       0xA6   0x2000             MOVS     R0,#+0
   \       0xA8   0x7020             STRB     R0,[R4, #+0]
    159          }
   \       0xAA   0xBD31             POP      {R0,R4,R5,PC}    ;; return

   \                                 In section .bss, align 1
   \                     `Menu_Page1::Cnum`:
   \        0x0                      DS8 1
    160          

   \                                 In section .text, align 2, keep-with-next
    161          void Menu_Page2(void)//设置舵机
    162          {
   \                     Menu_Page2: (+1)
   \        0x0   0xB538             PUSH     {R3-R5,LR}
    163            static uint8 Cnum = 0;
    164            
    165            Cursor(KeyValue,&Cnum);
   \        0x2   0x....             LDR.N    R4,??DataTable7
   \        0x4   0x....             LDR.N    R5,??DataTable7_3
   \        0x6   0x0029             MOVS     R1,R5
   \        0x8   0x7820             LDRB     R0,[R4, #+0]
   \        0xA   0x....'....        BL       Cursor
    166            
    167            LCD_P6x8Str(0,Cnum,"*");
   \        0xE   0x....             ADR.N    R2,??DataTable6  ;; "*"
   \       0x10   0x7829             LDRB     R1,[R5, #+0]
   \       0x12   0x2000             MOVS     R0,#+0
   \       0x14   0x....'....        BL       LCD_P6x8Str
    168            switch(KeyValue)
   \       0x18   0x7820             LDRB     R0,[R4, #+0]
   \       0x1A   0x2802             CMP      R0,#+2
   \       0x1C   0xD006             BEQ.N    ??Menu_Page2_0
   \       0x1E   0x2803             CMP      R0,#+3
   \       0x20   0xD01C             BEQ.N    ??Menu_Page2_1
   \       0x22   0x2805             CMP      R0,#+5
   \       0x24   0xD01B             BEQ.N    ??Menu_Page2_2
   \       0x26   0x2806             CMP      R0,#+6
   \       0x28   0xD031             BEQ.N    ??Menu_Page2_3
   \       0x2A   0xE036             B.N      ??Menu_Page2_4
    169            {  
    170            case 2:
    171              switch(Cnum)
   \                     ??Menu_Page2_0: (+1)
   \       0x2C   0x7828             LDRB     R0,[R5, #+0]
   \       0x2E   0x2800             CMP      R0,#+0
   \       0x30   0xD00B             BEQ.N    ??Menu_Page2_5
   \       0x32   0x2802             CMP      R0,#+2
   \       0x34   0xD00B             BEQ.N    ??Menu_Page2_6
   \       0x36   0xD309             BCC.N    ??Menu_Page2_7
   \       0x38   0x2804             CMP      R0,#+4
   \       0x3A   0xD00A             BEQ.N    ??Menu_Page2_8
   \       0x3C   0xD308             BCC.N    ??Menu_Page2_9
   \       0x3E   0x2806             CMP      R0,#+6
   \       0x40   0xD009             BEQ.N    ??Menu_Page2_10
   \       0x42   0xD307             BCC.N    ??Menu_Page2_11
   \       0x44   0x2807             CMP      R0,#+7
   \       0x46   0xD007             BEQ.N    ??Menu_Page2_12
   \       0x48   0xE007             B.N      ??Menu_Page2_13
    172              {
    173              case 0:
    174                
    175                break;
   \                     ??Menu_Page2_5: (+1)
   \       0x4A   0xE006             B.N      ??Menu_Page2_14
    176              case 1:
    177                
    178                break;
   \                     ??Menu_Page2_7: (+1)
   \       0x4C   0xE005             B.N      ??Menu_Page2_14
    179              case 2:
    180                
    181                break;
   \                     ??Menu_Page2_6: (+1)
   \       0x4E   0xE004             B.N      ??Menu_Page2_14
    182              case 3:
    183                
    184                break;
   \                     ??Menu_Page2_9: (+1)
   \       0x50   0xE003             B.N      ??Menu_Page2_14
    185              case 4:
    186                
    187                break;
   \                     ??Menu_Page2_8: (+1)
   \       0x52   0xE002             B.N      ??Menu_Page2_14
    188              case 5:
    189                
    190                break;
   \                     ??Menu_Page2_11: (+1)
   \       0x54   0xE001             B.N      ??Menu_Page2_14
    191              case 6:
    192                break;
   \                     ??Menu_Page2_10: (+1)
   \       0x56   0xE000             B.N      ??Menu_Page2_14
    193              case 7:
    194                
    195                
    196                break;
   \                     ??Menu_Page2_12: (+1)
   \       0x58   0xE7FF             B.N      ??Menu_Page2_14
    197              default:break;
    198              }
    199              break;
   \                     ??Menu_Page2_13: (+1)
   \                     ??Menu_Page2_14: (+1)
   \       0x5A   0xE01E             B.N      ??Menu_Page2_15
    200            case 3:
    201              break;
   \                     ??Menu_Page2_1: (+1)
   \       0x5C   0xE01D             B.N      ??Menu_Page2_15
    202            case 5:
    203              switch(Cnum)
   \                     ??Menu_Page2_2: (+1)
   \       0x5E   0x7828             LDRB     R0,[R5, #+0]
   \       0x60   0x2800             CMP      R0,#+0
   \       0x62   0xD00B             BEQ.N    ??Menu_Page2_16
   \       0x64   0x2802             CMP      R0,#+2
   \       0x66   0xD00B             BEQ.N    ??Menu_Page2_17
   \       0x68   0xD309             BCC.N    ??Menu_Page2_18
   \       0x6A   0x2804             CMP      R0,#+4
   \       0x6C   0xD00A             BEQ.N    ??Menu_Page2_19
   \       0x6E   0xD308             BCC.N    ??Menu_Page2_20
   \       0x70   0x2806             CMP      R0,#+6
   \       0x72   0xD009             BEQ.N    ??Menu_Page2_21
   \       0x74   0xD307             BCC.N    ??Menu_Page2_22
   \       0x76   0x2807             CMP      R0,#+7
   \       0x78   0xD007             BEQ.N    ??Menu_Page2_23
   \       0x7A   0xE007             B.N      ??Menu_Page2_24
    204              {
    205              case 0:
    206                
    207                break;
   \                     ??Menu_Page2_16: (+1)
   \       0x7C   0xE006             B.N      ??Menu_Page2_25
    208              case 1:
    209          
    210                break;
   \                     ??Menu_Page2_18: (+1)
   \       0x7E   0xE005             B.N      ??Menu_Page2_25
    211              case 2:
    212          
    213                break;
   \                     ??Menu_Page2_17: (+1)
   \       0x80   0xE004             B.N      ??Menu_Page2_25
    214              case 3:
    215          
    216                break;
   \                     ??Menu_Page2_20: (+1)
   \       0x82   0xE003             B.N      ??Menu_Page2_25
    217              case 4:
    218          
    219                break;
   \                     ??Menu_Page2_19: (+1)
   \       0x84   0xE002             B.N      ??Menu_Page2_25
    220              case 5:
    221          
    222                break;
   \                     ??Menu_Page2_22: (+1)
   \       0x86   0xE001             B.N      ??Menu_Page2_25
    223              case 6:
    224                break;
   \                     ??Menu_Page2_21: (+1)
   \       0x88   0xE000             B.N      ??Menu_Page2_25
    225              case 7:
    226          
    227                break;
   \                     ??Menu_Page2_23: (+1)
   \       0x8A   0xE7FF             B.N      ??Menu_Page2_25
    228              default:break;
    229              }
    230              
    231              break;
   \                     ??Menu_Page2_24: (+1)
   \                     ??Menu_Page2_25: (+1)
   \       0x8C   0xE005             B.N      ??Menu_Page2_15
    232            case 6:Page=0;LCD_CLS();break;
   \                     ??Menu_Page2_3: (+1)
   \       0x8E   0x2000             MOVS     R0,#+0
   \       0x90   0x....             LDR.N    R1,??DataTable7_2
   \       0x92   0x7008             STRB     R0,[R1, #+0]
   \       0x94   0x....'....        BL       LCD_CLS
   \       0x98   0xE7FF             B.N      ??Menu_Page2_15
    233            
    234            default:break;
    235            
    236            }
    237            
    238            KeyValue=0;
   \                     ??Menu_Page2_4: (+1)
   \                     ??Menu_Page2_15: (+1)
   \       0x9A   0x2000             MOVS     R0,#+0
   \       0x9C   0x7020             STRB     R0,[R4, #+0]
    239          }
   \       0x9E   0xBD31             POP      {R0,R4,R5,PC}    ;; return

   \                                 In section .bss, align 1
   \                     `Menu_Page2::Cnum`:
   \        0x0                      DS8 1
    240          

   \                                 In section .text, align 2, keep-with-next
    241          void Menu_Page3(void)//圆环
    242          { 
    243            
    244          
    245            KeyValue=0;
   \                     Menu_Page3: (+1)
   \        0x0   0x2000             MOVS     R0,#+0
   \        0x2   0x....             LDR.N    R1,??DataTable7
   \        0x4   0x7008             STRB     R0,[R1, #+0]
    246          }
   \        0x6   0x4770             BX       LR               ;; return
    247          
    248          

   \                                 In section .text, align 2, keep-with-next
    249          void Menu_Page4(void)//图像显示
    250          {
   \                     Menu_Page4: (+1)
   \        0x0   0xB580             PUSH     {R7,LR}
    251            img_display();
   \        0x2   0x....'....        BL       img_display
    252            
    253            KeyValue=0;
   \        0x6   0x2000             MOVS     R0,#+0
   \        0x8   0x....             LDR.N    R1,??DataTable7
   \        0xA   0x7008             STRB     R0,[R1, #+0]
    254          }
   \        0xC   0xBD01             POP      {R0,PC}          ;; return
    255          

   \                                 In section .text, align 2, keep-with-next
    256          void Menu_Page5(void)
    257          {
    258            
    259            KeyValue=0;
   \                     Menu_Page5: (+1)
   \        0x0   0x2000             MOVS     R0,#+0
   \        0x2   0x....             LDR.N    R1,??DataTable7
   \        0x4   0x7008             STRB     R0,[R1, #+0]
    260          }
   \        0x6   0x4770             BX       LR               ;; return
    261          
    262          
    263          

   \                                 In section .text, align 2, keep-with-next
    264          void BOOT(void)
    265          {
    266            navFlag = 0;
   \                     BOOT: (+1)
   \        0x0   0x2000             MOVS     R0,#+0
   \        0x2   0x....             LDR.N    R1,??DataTable7_4
   \        0x4   0x7008             STRB     R0,[R1, #+0]
    267            Page = 0;
   \        0x6   0x2000             MOVS     R0,#+0
   \        0x8   0x....             LDR.N    R1,??DataTable7_2
   \        0xA   0x7008             STRB     R0,[R1, #+0]
    268            isStop = Run_Wait;
   \        0xC   0x2001             MOVS     R0,#+1
   \        0xE   0x....             LDR.N    R1,??DataTable7_5
   \       0x10   0x7008             STRB     R0,[R1, #+0]
    269          }
   \       0x12   0x4770             BX       LR               ;; return
    270          

   \                                 In section .text, align 2, keep-with-next
    271          void Menu(void)
    272          {
   \                     Menu: (+1)
   \        0x0   0xB570             PUSH     {R4-R6,LR}
    273            static uint8 CLSflag = 0;
    274            
    275            if(!navFlag)
   \        0x2   0x....             LDR.N    R1,??DataTable7_4
   \        0x4   0x7808             LDRB     R0,[R1, #+0]
   \        0x6   0x2800             CMP      R0,#+0
   \        0x8   0xD10D             BNE.N    ??Menu_0
    276            {
    277              if(KeyValue) 
   \        0xA   0x....             LDR.N    R0,??DataTable7
   \        0xC   0x7800             LDRB     R0,[R0, #+0]
   \        0xE   0x2800             CMP      R0,#+0
   \       0x10   0xD070             BEQ.N    ??Menu_1
    278              {
    279                navFlag = 1;
   \       0x12   0x2001             MOVS     R0,#+1
   \       0x14   0x7008             STRB     R0,[R1, #+0]
    280                isStop = Run_Init;
   \       0x16   0x2000             MOVS     R0,#+0
   \       0x18   0x....             LDR.N    R1,??DataTable7_5
   \       0x1A   0x7008             STRB     R0,[R1, #+0]
    281                LCD_Init(); 
   \       0x1C   0x....'....        BL       LCD_Init
    282                LCD_CLS();
   \       0x20   0x....'....        BL       LCD_CLS
   \       0x24   0xE066             B.N      ??Menu_1
    283              }
    284            }
    285            else
    286            {
    287              switch(Page)
   \                     ??Menu_0: (+1)
   \       0x26   0x....             LDR.N    R4,??DataTable7_2
   \       0x28   0x7820             LDRB     R0,[R4, #+0]
   \       0x2A   0x2801             CMP      R0,#+1
   \       0x2C   0xD009             BEQ.N    ??Menu_2
   \       0x2E   0xD31A             BCC.N    ??Menu_3
   \       0x30   0x2803             CMP      R0,#+3
   \       0x32   0xD00C             BEQ.N    ??Menu_4
   \       0x34   0xD308             BCC.N    ??Menu_5
   \       0x36   0x2805             CMP      R0,#+5
   \       0x38   0xD00F             BEQ.N    ??Menu_6
   \       0x3A   0xD30B             BCC.N    ??Menu_7
   \       0x3C   0x2806             CMP      R0,#+6
   \       0x3E   0xD00F             BEQ.N    ??Menu_8
   \       0x40   0xE011             B.N      ??Menu_3
    288              {
    289                case 1:Menu_Page1();break;//发车设置
   \                     ??Menu_2: (+1)
   \       0x42   0x....'....        BL       Menu_Page1
   \       0x46   0xE055             B.N      ??Menu_1
    290                case 2:Menu_Page2();break;//舵机设置
   \                     ??Menu_5: (+1)
   \       0x48   0x....'....        BL       Menu_Page2
   \       0x4C   0xE052             B.N      ??Menu_1
    291                case 3:Menu_Page3();break;//电机设置
   \                     ??Menu_4: (+1)
   \       0x4E   0x....'....        BL       Menu_Page3
   \       0x52   0xE04F             B.N      ??Menu_1
    292                case 4:Menu_Page4();break;//查看图像
   \                     ??Menu_7: (+1)
   \       0x54   0x....'....        BL       Menu_Page4
   \       0x58   0xE04C             B.N      ??Menu_1
    293                case 5:Menu_Page5();break;//赛道标志位
   \                     ??Menu_6: (+1)
   \       0x5A   0x....'....        BL       Menu_Page5
   \       0x5E   0xE049             B.N      ??Menu_1
    294                case 6:BOOT();break;
   \                     ??Menu_8: (+1)
   \       0x60   0x....'....        BL       BOOT
   \       0x64   0xE046             B.N      ??Menu_1
    295                
    296                default:
    297                LCD_P6x8Str(0,7,"ov7725");
   \                     ??Menu_3: (+1)
   \       0x66   0x....             LDR.N    R2,??DataTable7_6
   \       0x68   0x2107             MOVS     R1,#+7
   \       0x6A   0x2000             MOVS     R0,#+0
   \       0x6C   0x....'....        BL       LCD_P6x8Str
    298                switch(isStop)
   \       0x70   0x....             LDR.N    R0,??DataTable7_5
   \       0x72   0x7800             LDRB     R0,[R0, #+0]
   \       0x74   0x2800             CMP      R0,#+0
   \       0x76   0xD003             BEQ.N    ??Menu_9
   \       0x78   0x2802             CMP      R0,#+2
   \       0x7A   0xD00D             BEQ.N    ??Menu_10
   \       0x7C   0xD306             BCC.N    ??Menu_11
   \       0x7E   0xE011             B.N      ??Menu_12
    299              {
    300              case Run_Init:
    301                LCD_P6x8Str(85,7,"Init");
   \                     ??Menu_9: (+1)
   \       0x80   0x....             LDR.N    R2,??DataTable7_7
   \       0x82   0x2107             MOVS     R1,#+7
   \       0x84   0x2055             MOVS     R0,#+85
   \       0x86   0x....'....        BL       LCD_P6x8Str
    302                break;
   \       0x8A   0xE00B             B.N      ??Menu_13
    303              case Run_Wait:
    304                LCD_P6x8Str(85,7,"Wait");
   \                     ??Menu_11: (+1)
   \       0x8C   0x....             LDR.N    R2,??DataTable7_8
   \       0x8E   0x2107             MOVS     R1,#+7
   \       0x90   0x2055             MOVS     R0,#+85
   \       0x92   0x....'....        BL       LCD_P6x8Str
    305                break;
   \       0x96   0xE005             B.N      ??Menu_13
    306              case Run_Boot:
    307                LCD_P6x8Str(85,7,"Boot");
   \                     ??Menu_10: (+1)
   \       0x98   0x....             LDR.N    R2,??DataTable7_9
   \       0x9A   0x2107             MOVS     R1,#+7
   \       0x9C   0x2055             MOVS     R0,#+85
   \       0x9E   0x....'....        BL       LCD_P6x8Str
    308                break;
   \       0xA2   0xE7FF             B.N      ??Menu_13
    309              default:break;
    310              }
    311              
    312              
    313                
    314              switch(btRcvInfo.Connect)
   \                     ??Menu_12: (+1)
   \                     ??Menu_13: (+1)
   \       0xA4   0x....             LDR.N    R5,??DataTable7_10
   \       0xA6   0xF995 0x0000      LDRSB    R0,[R5, #+0]
   \       0xAA   0x2800             CMP      R0,#+0
   \       0xAC   0xD002             BEQ.N    ??Menu_14
   \       0xAE   0x2801             CMP      R0,#+1
   \       0xB0   0xD006             BEQ.N    ??Menu_15
   \       0xB2   0xE00B             B.N      ??Menu_16
    315              {
    316              case 0:
    317                LCD_P6x8Str(0,1,"BtUnConnect");
   \                     ??Menu_14: (+1)
   \       0xB4   0x....             LDR.N    R2,??DataTable7_11
   \       0xB6   0x2101             MOVS     R1,#+1
   \       0xB8   0x2000             MOVS     R0,#+0
   \       0xBA   0x....'....        BL       LCD_P6x8Str
    318                break;
   \       0xBE   0xE005             B.N      ??Menu_17
    319              case 1:
    320                LCD_P6x8Str(0,1,"BtConnectting");
   \                     ??Menu_15: (+1)
   \       0xC0   0x....             LDR.N    R2,??DataTable7_12
   \       0xC2   0x2101             MOVS     R1,#+1
   \       0xC4   0x2000             MOVS     R0,#+0
   \       0xC6   0x....'....        BL       LCD_P6x8Str
    321                break;
   \       0xCA   0xE7FF             B.N      ??Menu_17
    322              default:break;
    323              }
    324              if(CLSflag != btRcvInfo.Connect)
   \                     ??Menu_16: (+1)
   \                     ??Menu_17: (+1)
   \       0xCC   0x....             LDR.N    R6,??DataTable7_13
   \       0xCE   0x7830             LDRB     R0,[R6, #+0]
   \       0xD0   0xF995 0x1000      LDRSB    R1,[R5, #+0]
   \       0xD4   0xB200             SXTH     R0,R0            ;; SignExt  R0,R0,#+16,#+16
   \       0xD6   0xB209             SXTH     R1,R1            ;; SignExt  R1,R1,#+16,#+16
   \       0xD8   0x4288             CMP      R0,R1
   \       0xDA   0xD001             BEQ.N    ??Menu_18
    325              {
    326                LCD_CLS();
   \       0xDC   0x....'....        BL       LCD_CLS
    327              }
    328              CLSflag = btRcvInfo.Connect;
   \                     ??Menu_18: (+1)
   \       0xE0   0x7828             LDRB     R0,[R5, #+0]
   \       0xE2   0x7030             STRB     R0,[R6, #+0]
    329              
    330                Page=KeyValue;
   \       0xE4   0x....             LDR.N    R0,??DataTable7
   \       0xE6   0x7800             LDRB     R0,[R0, #+0]
   \       0xE8   0x7020             STRB     R0,[R4, #+0]
    331                if(Page!=0)  LCD_CLS();
   \       0xEA   0x7820             LDRB     R0,[R4, #+0]
   \       0xEC   0x2800             CMP      R0,#+0
   \       0xEE   0xD001             BEQ.N    ??Menu_19
   \       0xF0   0x....'....        BL       LCD_CLS
    332                break;
    333              }
    334            }
    335            KeyValue=0;
   \                     ??Menu_19: (+1)
   \                     ??Menu_1: (+1)
   \       0xF4   0x2000             MOVS     R0,#+0
   \       0xF6   0x....             LDR.N    R1,??DataTable7
   \       0xF8   0x7008             STRB     R0,[R1, #+0]
    336          }
   \       0xFA   0xBD70             POP      {R4-R6,PC}       ;; return

   \                                 In section .bss, align 1
   \                     `Menu::CLSflag`:
   \        0x0                      DS8 1

   \                                 In section .text, align 4, keep-with-next
   \                     ??DataTable6:
   \        0x0   0x2A 0x00          DC8      "*",0x0,0x0
   \              0x00 0x00    

   \                                 In section .text, align 4, keep-with-next
   \                     ??DataTable7:
   \        0x0   0x....'....        DC32     KeyValue

   \                                 In section .text, align 4, keep-with-next
   \                     ??DataTable7_1:
   \        0x0   0x....'....        DC32     `Menu_Page1::Cnum`

   \                                 In section .text, align 4, keep-with-next
   \                     ??DataTable7_2:
   \        0x0   0x....'....        DC32     Page

   \                                 In section .text, align 4, keep-with-next
   \                     ??DataTable7_3:
   \        0x0   0x....'....        DC32     `Menu_Page2::Cnum`

   \                                 In section .text, align 4, keep-with-next
   \                     ??DataTable7_4:
   \        0x0   0x....'....        DC32     navFlag

   \                                 In section .text, align 4, keep-with-next
   \                     ??DataTable7_5:
   \        0x0   0x....'....        DC32     isStop

   \                                 In section .text, align 4, keep-with-next
   \                     ??DataTable7_6:
   \        0x0   0x....'....        DC32     ?_1

   \                                 In section .text, align 4, keep-with-next
   \                     ??DataTable7_7:
   \        0x0   0x....'....        DC32     ?_2

   \                                 In section .text, align 4, keep-with-next
   \                     ??DataTable7_8:
   \        0x0   0x....'....        DC32     ?_3

   \                                 In section .text, align 4, keep-with-next
   \                     ??DataTable7_9:
   \        0x0   0x....'....        DC32     ?_4

   \                                 In section .text, align 4, keep-with-next
   \                     ??DataTable7_10:
   \        0x0   0x....'....        DC32     btRcvInfo

   \                                 In section .text, align 4, keep-with-next
   \                     ??DataTable7_11:
   \        0x0   0x....'....        DC32     ?_5

   \                                 In section .text, align 4, keep-with-next
   \                     ??DataTable7_12:
   \        0x0   0x....'....        DC32     ?_6

   \                                 In section .text, align 4, keep-with-next
   \                     ??DataTable7_13:
   \        0x0   0x....'....        DC32     `Menu::CLSflag`

   \                                 In section .rodata, align 2
   \        0x0   0x2A 0x00          DC8 "*"

   \                                 In section .rodata, align 4
   \                     ?_1:
   \        0x0   0x6F 0x76          DC8 "ov7725"
   \              0x37 0x37    
   \              0x32 0x35    
   \              0x00         
   \        0x7   0x00               DC8 0

   \                                 In section .rodata, align 4
   \                     ?_2:
   \        0x0   0x49 0x6E          DC8 "Init"
   \              0x69 0x74    
   \              0x00         
   \        0x5   0x00 0x00          DC8 0, 0, 0
   \              0x00         

   \                                 In section .rodata, align 4
   \                     ?_3:
   \        0x0   0x57 0x61          DC8 "Wait"
   \              0x69 0x74    
   \              0x00         
   \        0x5   0x00 0x00          DC8 0, 0, 0
   \              0x00         

   \                                 In section .rodata, align 4
   \                     ?_4:
   \        0x0   0x42 0x6F          DC8 "Boot"
   \              0x6F 0x74    
   \              0x00         
   \        0x5   0x00 0x00          DC8 0, 0, 0
   \              0x00         

   \                                 In section .rodata, align 4
   \                     ?_5:
   \        0x0   0x42 0x74          DC8 "BtUnConnect"
   \              0x55 0x6E    
   \              0x43 0x6F    
   \              0x6E 0x6E    
   \              0x65 0x63    
   \              0x74 0x00    

   \                                 In section .rodata, align 4
   \                     ?_6:
   \        0x0   0x42 0x74          DC8 "BtConnectting"
   \              0x43 0x6F    
   \              0x6E 0x6E    
   \              0x65 0x63    
   \              0x74 0x74    
   \              0x69 0x6E    
   \              0x67 0x00    
   \        0xE   0x00 0x00          DC8 0, 0
    337          
    338          /*=====================================================================*/

   Maximum stack usage in bytes:

   .cstack Function
   ------- --------
       0   BOOT
       8   Cursor
         8   -> LCD_CLS
      16   Menu
        16   -> BOOT
        16   -> LCD_CLS
        16   -> LCD_Init
        16   -> LCD_P6x8Str
        16   -> Menu_Page1
        16   -> Menu_Page2
        16   -> Menu_Page3
        16   -> Menu_Page4
        16   -> Menu_Page5
      16   Menu_Page1
        16   -> Cursor
        16   -> LCD_CLS
        16   -> LCD_P6x8Str
      16   Menu_Page2
        16   -> Cursor
        16   -> LCD_CLS
        16   -> LCD_P6x8Str
       0   Menu_Page3
       8   Menu_Page4
         8   -> img_display
       0   Menu_Page5
       0   pageTurn


   Section sizes:

   Bytes  Function/Label
   -----  --------------
       4  ??DataTable6
       4  ??DataTable7
       4  ??DataTable7_1
       4  ??DataTable7_10
       4  ??DataTable7_11
       4  ??DataTable7_12
       4  ??DataTable7_13
       4  ??DataTable7_2
       4  ??DataTable7_3
       4  ??DataTable7_4
       4  ??DataTable7_5
       4  ??DataTable7_6
       4  ??DataTable7_7
       4  ??DataTable7_8
       4  ??DataTable7_9
       2  ?_0
       8  ?_1
       8  ?_2
       8  ?_3
       8  ?_4
      12  ?_5
      16  ?_6
      20  BOOT
       1  CLSflag
       1  Cnum
       1  Cnum
      76  Cursor
     252  Menu
     172  Menu_Page1
     160  Menu_Page2
       8  Menu_Page3
      14  Menu_Page4
       8  Menu_Page5
       1  Page
       1  navFlag
      46  pageTurn

 
   4 bytes in section .bss
   1 byte  in section .data
  62 bytes in section .rodata
 816 bytes in section .text
 
 816 bytes of CODE  memory
  62 bytes of CONST memory
   5 bytes of DATA  memory

Errors: none
Warnings: 3
