###############################################################################
#
# IAR ANSI C/C++ Compiler V8.32.1.169/W32 for ARM         21/May/2019  22:07:20
# Copyright 1999-2018 IAR Systems AB.
#
#    Cpu mode     =  
#    Endian       =  little
#    Source file  =  
#        C:\Users\que\Desktop\AAA_xinbiao\xiugai\lib\common\Picture_deal.c
#    Command line =  
#        -f C:\Users\TEMPLA~1.000\AppData\Local\Temp\EW46B7.tmp
#        (C:\Users\que\Desktop\AAA_xinbiao\xiugai\lib\common\Picture_deal.c -D
#        LPLD_K60 -lCN
#        "C:\Users\que\Desktop\AAA_xinbiao\xiugai\project\28-(SDHC)LPLD_SdCard\iar\RAM\List"
#        -lB
#        "C:\Users\que\Desktop\AAA_xinbiao\xiugai\project\28-(SDHC)LPLD_SdCard\iar\RAM\List"
#        -o
#        "C:\Users\que\Desktop\AAA_xinbiao\xiugai\project\28-(SDHC)LPLD_SdCard\iar\RAM\Obj"
#        --no_cse --no_unroll --no_inline --no_code_motion --no_tbaa
#        --no_clustering --no_scheduling --debug --endian=little
#        --cpu=Cortex-M4 -e --fpu=None --dlib_config "D:\@@\605110 IAR for
#        ARM 8.30\arm\inc\c\DLib_Config_Normal.h" -I
#        "C:\Users\que\Desktop\AAA_xinbiao\xiugai\project\28-(SDHC)LPLD_SdCard\iar\..\app\"
#        -I
#        "C:\Users\que\Desktop\AAA_xinbiao\xiugai\project\28-(SDHC)LPLD_SdCard\iar\..\..\..\lib\CPU\"
#        -I
#        "C:\Users\que\Desktop\AAA_xinbiao\xiugai\project\28-(SDHC)LPLD_SdCard\iar\..\..\..\lib\common\"
#        -I
#        "C:\Users\que\Desktop\AAA_xinbiao\xiugai\project\28-(SDHC)LPLD_SdCard\iar\..\..\..\lib\LPLD\"
#        -I
#        "C:\Users\que\Desktop\AAA_xinbiao\xiugai\project\28-(SDHC)LPLD_SdCard\iar\..\..\..\lib\LPLD\HW\"
#        -I
#        "C:\Users\que\Desktop\AAA_xinbiao\xiugai\project\28-(SDHC)LPLD_SdCard\iar\..\..\..\lib\LPLD\DEV\"
#        -I
#        "C:\Users\que\Desktop\AAA_xinbiao\xiugai\project\28-(SDHC)LPLD_SdCard\iar\..\..\..\lib\uCOS-II\Ports\"
#        -I
#        "C:\Users\que\Desktop\AAA_xinbiao\xiugai\project\28-(SDHC)LPLD_SdCard\iar\..\..\..\lib\uCOS-II\Source\"
#        -I
#        "C:\Users\que\Desktop\AAA_xinbiao\xiugai\project\28-(SDHC)LPLD_SdCard\iar\..\..\..\lib\FatFs\"
#        -I
#        "C:\Users\que\Desktop\AAA_xinbiao\xiugai\project\28-(SDHC)LPLD_SdCard\iar\..\..\..\lib\FatFs\option\"
#        -I
#        "C:\Users\que\Desktop\AAA_xinbiao\xiugai\project\28-(SDHC)LPLD_SdCard\iar\..\..\..\lib\USB\common\"
#        -I
#        "C:\Users\que\Desktop\AAA_xinbiao\xiugai\project\28-(SDHC)LPLD_SdCard\iar\..\..\..\lib\USB\driver\"
#        -I
#        "C:\Users\que\Desktop\AAA_xinbiao\xiugai\project\28-(SDHC)LPLD_SdCard\iar\..\..\..\lib\USB\descriptor\"
#        -I
#        "C:\Users\que\Desktop\AAA_xinbiao\xiugai\project\28-(SDHC)LPLD_SdCard\iar\..\..\..\lib\USB\class\"
#        -I
#        "C:\Users\que\Desktop\AAA_xinbiao\xiugai\project\28-(SDHC)LPLD_SdCard\iar\..\..\..\lib\Me\"
#        -I
#        "C:\Users\que\Desktop\AAA_xinbiao\xiugai\project\28-(SDHC)LPLD_SdCard\iar\..\app\"
#        -I
#        "C:\Users\que\Desktop\AAA_xinbiao\xiugai\project\28-(SDHC)LPLD_SdCard\iar\..\app\"
#        -I
#        "C:\Users\que\Desktop\AAA_xinbiao\xiugai\project\28-(SDHC)LPLD_SdCard\iar\..\..\..\lib\"
#        -I
#        "C:\Users\que\Desktop\AAA_xinbiao\xiugai\project\28-(SDHC)LPLD_SdCard\iar\..\..\..\lib\common\"
#        -I
#        "C:\Users\que\Desktop\AAA_xinbiao\xiugai\project\28-(SDHC)LPLD_SdCard\iar\..\..\..\lib\CPU\"
#        -I
#        "C:\Users\que\Desktop\AAA_xinbiao\xiugai\project\28-(SDHC)LPLD_SdCard\iar\..\..\..\lib\Jay\"
#        -Ol -I "D:\@@\605110 IAR for ARM 8.30\arm\CMSIS\Core\Include\" -I
#        "D:\@@\605110 IAR for ARM 8.30\arm\CMSIS\DSP\Include\" -D
#        ARM_MATH_CM4)
#    Locale       =  C
#    List file    =  
#        C:\Users\que\Desktop\AAA_xinbiao\xiugai\project\28-(SDHC)LPLD_SdCard\iar\RAM\List\Picture_deal.lst
#    Object file  =  
#        C:\Users\que\Desktop\AAA_xinbiao\xiugai\project\28-(SDHC)LPLD_SdCard\iar\RAM\Obj\Picture_deal.o
#
###############################################################################

C:\Users\que\Desktop\AAA_xinbiao\xiugai\lib\common\Picture_deal.c
      1          #include "Picture_deal.h"
      2          #include <stdbool.h>  //bool headfile
      3          //#include <stdlib.h>
      4          #include "include.h"
      5          
      6          extern u8 threshold;

   \                                 In section .bss, align 1
      7          u8 findflag;
   \                     findflag:
   \        0x0                      DS8 1
      8          extern uint8 imgbuff[IMG_ROWS][IMG_COLS];
      9          extern u8 image[ROW][COL];
     10          extern u8 threshold;
     11          extern    uint16  ImgThreshold;
     12          extern s16 twinkle_delay;  //延时时间因子
     13          extern s16 beacon_x;
     14          extern s16 beacon_y;
     15          extern s16 slave_beacon_x;
     16          extern s16 slave_beacon_y;
     17          extern s16 slave_count ;
     18          extern u8 beacon_threshold;
     19          extern u8 No_Barrier_flag ;
     20          extern u8 excursion_flag ;
     21          extern u8 Stop_car_flag;
     22          extern u8 findflag;
     23          

   \                                 In section .bss, align 4
     24          s16 X1[COL]= {0};
   \                     X1:
   \        0x0                      DS8 160

   \                                 In section .bss, align 4
     25          s16 Y1[COL]= {0};
   \                     Y1:
   \        0x0                      DS8 160

   \                                 In section .bss, align 4
     26          int total_count;
   \                     total_count:
   \        0x0                      DS8 4
     27          

   \                                 In section .bss, align 4
     28          s16 Data[3][3]={0};
   \                     `Data`:
   \        0x0                      DS8 20
     29          
     30          /*信标灯坐标滤波*/

   \                                 In section .text, align 2, keep-with-next
     31          s16 Coordinate_Filter(s16 Channal,s16 Data_In)
     32          {
   \                     Coordinate_Filter: (+1)
   \        0x0   0xB538             PUSH     {R3-R5,LR}
     33          
     34          	s16 Temp=0;
   \        0x2   0x2200             MOVS     R2,#+0
     35          	Data[Channal][0]=Data[Channal][1];
   \        0x4   0x2306             MOVS     R3,#+6
   \        0x6   0x....'....        LDR.W    R4,??DataTable2
   \        0xA   0xFB10 0xF203      SMULBB   R2,R0,R3
   \        0xE   0x4422             ADD      R2,R4,R2
   \       0x10   0x8852             LDRH     R2,[R2, #+2]
   \       0x12   0xFB10 0xF503      SMULBB   R5,R0,R3
   \       0x16   0x5362             STRH     R2,[R4, R5]
     36          	Data[Channal][1]=Data[Channal][2];
   \       0x18   0xFB10 0xF203      SMULBB   R2,R0,R3
   \       0x1C   0x4422             ADD      R2,R4,R2
   \       0x1E   0xFB10 0xF503      SMULBB   R5,R0,R3
   \       0x22   0x4425             ADD      R5,R4,R5
   \       0x24   0x88AD             LDRH     R5,[R5, #+4]
   \       0x26   0x8055             STRH     R5,[R2, #+2]
     37          	Data[Channal][2]=Data_In;
   \       0x28   0xFB10 0xF203      SMULBB   R2,R0,R3
   \       0x2C   0x4422             ADD      R2,R4,R2
   \       0x2E   0x8091             STRH     R1,[R2, #+4]
     38          	Temp=PaiXu(Data[Channal][0],Data[Channal][1],Data[Channal][2]);
   \       0x30   0xFB10 0xF103      SMULBB   R1,R0,R3
   \       0x34   0x4421             ADD      R1,R4,R1
   \       0x36   0xF9B1 0x2004      LDRSH    R2,[R1, #+4]
   \       0x3A   0xFB10 0xF103      SMULBB   R1,R0,R3
   \       0x3E   0x4421             ADD      R1,R4,R1
   \       0x40   0xF9B1 0x1002      LDRSH    R1,[R1, #+2]
   \       0x44   0xFB10 0xF003      SMULBB   R0,R0,R3
   \       0x48   0x5E20             LDRSH    R0,[R4, R0]
   \       0x4A   0x....'....        BL       PaiXu
     39          
     40          	return Temp;
   \       0x4E   0xB200             SXTH     R0,R0            ;; SignExt  R0,R0,#+16,#+16
   \       0x50   0xBD32             POP      {R1,R4,R5,PC}    ;; return
     41          }
     42          
     43          /*找信标灯函数*/

   \                                 In section .text, align 2, keep-with-next
     44          void Scan_Point(void)
     45          {	   
   \                     Scan_Point: (+1)
   \        0x0   0xE92D 0x4FF8      PUSH     {R3-R11,LR}
     46            u8 i = 0, j = 0;
   \        0x4   0x2000             MOVS     R0,#+0
   \        0x6   0x2000             MOVS     R0,#+0
     47            u8 X=0,Y=0;
   \        0x8   0x2000             MOVS     R0,#+0
   \        0xA   0x2000             MOVS     R0,#+0
     48            uint8 pot_1=0;
   \        0xC   0x2100             MOVS     R1,#+0
     49            uint8 pot_2=0;
   \        0xE   0x2200             MOVS     R2,#+0
     50            u16 count_x = 0;
   \       0x10   0xF05F 0x0E00      MOVS     LR,#+0
     51            u8 first = 1;
   \       0x14   0x2601             MOVS     R6,#+1
     52            u8 flag = 0;
   \       0x16   0x2300             MOVS     R3,#+0
     53            u8 total_flag = 0;
   \       0x18   0x2500             MOVS     R5,#+0
     54            int total = 0;
   \       0x1A   0x2400             MOVS     R4,#+0
     55            static bool delay_flag1=0;
     56            for(u8 z =0;z<COL;z++)  //80
   \       0x1C   0x2000             MOVS     R0,#+0
   \       0x1E   0xE010             B.N      ??Scan_Point_0
     57            {
     58               X1[z]=0;
   \                     ??Scan_Point_1: (+1)
   \       0x20   0x2700             MOVS     R7,#+0
   \       0x22   0x....'....        LDR.W    R12,??DataTable2_1
   \       0x26   0x4680             MOV      R8,R0
   \       0x28   0xFA5F 0xF888      UXTB     R8,R8            ;; ZeroExt  R8,R8,#+24,#+24
   \       0x2C   0xF82C 0x7018      STRH     R7,[R12, R8, LSL #+1]
     59               Y1[z]=0;
   \       0x30   0x2700             MOVS     R7,#+0
   \       0x32   0x....'....        LDR.W    R12,??DataTable2_2
   \       0x36   0x4680             MOV      R8,R0
   \       0x38   0xFA5F 0xF888      UXTB     R8,R8            ;; ZeroExt  R8,R8,#+24,#+24
   \       0x3C   0xF82C 0x7018      STRH     R7,[R12, R8, LSL #+1]
     60             }
   \       0x40   0x1C40             ADDS     R0,R0,#+1
   \                     ??Scan_Point_0: (+1)
   \       0x42   0x0007             MOVS     R7,R0
   \       0x44   0xB2FF             UXTB     R7,R7            ;; ZeroExt  R7,R7,#+24,#+24
   \       0x46   0x2F50             CMP      R7,#+80
   \       0x48   0xDBEA             BLT.N    ??Scan_Point_1
     61            for( i =0; i<ROW;i++)
   \       0x4A   0x2700             MOVS     R7,#+0
   \       0x4C   0xE003             B.N      ??Scan_Point_2
     62            {				
     63               for(j =0; j <COL;j++)
     64               {
     65          	    if(imgbuff[i][j] == 255)                //软件二值化，得到白点
     66          	    {  
     67                    count_x++;                          //白点列统计
     68          	    }
     69          //	    else   //黑点
     70          //	    {
     71                     if(count_x>=2)  //该黑点前有连续两个或两个以上的白点
     72                     {
     73          	          X = j-count_x/2;   //一块白色区域的中点位置
     74          	          Y = i;
     75          	         if(first==1)  //第一次找到两个点以上白条
     76          	         {
     77          		        X1[pot_1++] =X;  //记录当前点坐标
     78          		        Y1[pot_2++] =Y;
     79          		        first = 2;   
     80                        }
     81          	          else if (Error(X,X1[pot_1-1])<4&&Error(Y,Y1[pot_1-1])<=2)  // 新坐标中心值和上一个坐标的偏差很小，记录该坐标值
     82          	          {
     83          		         X1[pot_1++] =X;
     84                   
     85          		         Y1[pot_2++] =Y;
     86          		         flag =1;
     87                        } 
     88                      }
     89                      count_x = 0;
     90          	  //  }
     91              }
     92              count_x = 0; 
   \                     ??Scan_Point_3: (+1)
   \       0x4E   0xF05F 0x0E00      MOVS     LR,#+0
     93               first = 1; 
   \       0x52   0x2601             MOVS     R6,#+1
   \       0x54   0x1C7F             ADDS     R7,R7,#+1
   \                     ??Scan_Point_2: (+1)
   \       0x56   0x0038             MOVS     R0,R7
   \       0x58   0xB2C0             UXTB     R0,R0            ;; ZeroExt  R0,R0,#+24,#+24
   \       0x5A   0x283C             CMP      R0,#+60
   \       0x5C   0xF280 0x80AA      BGE.W    ??Scan_Point_4
   \       0x60   0xF05F 0x0C00      MOVS     R12,#+0
   \       0x64   0xE027             B.N      ??Scan_Point_5
   \                     ??Scan_Point_6: (+1)
   \       0x66   0x2000             MOVS     R0,#+0
   \       0x68   0xE00F             B.N      ??Scan_Point_7
   \                     ??Scan_Point_8: (+1)
   \       0x6A   0x....             LDR.N    R0,??DataTable2_2
   \       0x6C   0x468A             MOV      R10,R1
   \       0x6E   0xFA5F 0xFA8A      UXTB     R10,R10          ;; ZeroExt  R10,R10,#+24,#+24
   \       0x72   0xEB00 0x004A      ADD      R0,R0,R10, LSL #+1
   \       0x76   0xF930 0xAC02      LDRSH    R10,[R0, #-2]
   \       0x7A   0x4670             MOV      R0,LR
   \       0x7C   0xB2C0             UXTB     R0,R0            ;; ZeroExt  R0,R0,#+24,#+24
   \       0x7E   0xEBBA 0x0A00      SUBS     R10,R10,R0
   \       0x82   0xF1BA 0x0F03      CMP      R10,#+3
   \       0x86   0xDAEE             BGE.N    ??Scan_Point_6
   \       0x88   0x2001             MOVS     R0,#+1
   \                     ??Scan_Point_7: (+1)
   \       0x8A   0x2800             CMP      R0,#+0
   \       0x8C   0xD00F             BEQ.N    ??Scan_Point_9
   \       0x8E   0xFA5F 0xF989      UXTB     R9,R9            ;; ZeroExt  R9,R9,#+24,#+24
   \       0x92   0x0008             MOVS     R0,R1
   \       0x94   0xB2C0             UXTB     R0,R0            ;; ZeroExt  R0,R0,#+24,#+24
   \       0x96   0xF828 0x9010      STRH     R9,[R8, R0, LSL #+1]
   \       0x9A   0x1C49             ADDS     R1,R1,#+1
   \       0x9C   0xFA5F 0xFE8E      UXTB     LR,LR            ;; ZeroExt  LR,LR,#+24,#+24
   \       0xA0   0x....             LDR.N    R0,??DataTable2_2
   \       0xA2   0x0013             MOVS     R3,R2
   \       0xA4   0xB2DB             UXTB     R3,R3            ;; ZeroExt  R3,R3,#+24,#+24
   \       0xA6   0xF820 0xE013      STRH     LR,[R0, R3, LSL #+1]
   \       0xAA   0x1C52             ADDS     R2,R2,#+1
   \       0xAC   0x2301             MOVS     R3,#+1
   \                     ??Scan_Point_9: (+1)
   \       0xAE   0xF05F 0x0E00      MOVS     LR,#+0
   \       0xB2   0xF11C 0x0C01      ADDS     R12,R12,#+1
   \                     ??Scan_Point_5: (+1)
   \       0xB6   0x4660             MOV      R0,R12
   \       0xB8   0xB2C0             UXTB     R0,R0            ;; ZeroExt  R0,R0,#+24,#+24
   \       0xBA   0x2850             CMP      R0,#+80
   \       0xBC   0xDAC7             BGE.N    ??Scan_Point_3
   \       0xBE   0x....'....        LDR.W    R8,??DataTable2_3
   \       0xC2   0x46B9             MOV      R9,R7
   \       0xC4   0xFA5F 0xF989      UXTB     R9,R9            ;; ZeroExt  R9,R9,#+24,#+24
   \       0xC8   0x2050             MOVS     R0,#+80
   \       0xCA   0xFB00 0xF909      MUL      R9,R0,R9
   \       0xCE   0xEB08 0x0009      ADD      R0,R8,R9
   \       0xD2   0x46E0             MOV      R8,R12
   \       0xD4   0xFA5F 0xF888      UXTB     R8,R8            ;; ZeroExt  R8,R8,#+24,#+24
   \       0xD8   0xF810 0x0008      LDRB     R0,[R0, R8]
   \       0xDC   0x28FF             CMP      R0,#+255
   \       0xDE   0xD101             BNE.N    ??Scan_Point_10
   \       0xE0   0xF11E 0x0E01      ADDS     LR,LR,#+1
   \                     ??Scan_Point_10: (+1)
   \       0xE4   0x4670             MOV      R0,LR
   \       0xE6   0xB280             UXTH     R0,R0            ;; ZeroExt  R0,R0,#+16,#+16
   \       0xE8   0x2802             CMP      R0,#+2
   \       0xEA   0xDBE0             BLT.N    ??Scan_Point_9
   \       0xEC   0xFA1F 0xFE8E      UXTH     LR,LR            ;; ZeroExt  LR,LR,#+16,#+16
   \       0xF0   0x2002             MOVS     R0,#+2
   \       0xF2   0xFB9E 0xF9F0      SDIV     R9,LR,R0
   \       0xF6   0xEBBC 0x0909      SUBS     R9,R12,R9
   \       0xFA   0x46BE             MOV      LR,R7
   \       0xFC   0x0030             MOVS     R0,R6
   \       0xFE   0xB2C0             UXTB     R0,R0            ;; ZeroExt  R0,R0,#+24,#+24
   \      0x100   0x2801             CMP      R0,#+1
   \      0x102   0xD111             BNE.N    ??Scan_Point_11
   \      0x104   0xFA5F 0xF989      UXTB     R9,R9            ;; ZeroExt  R9,R9,#+24,#+24
   \      0x108   0x....             LDR.N    R0,??DataTable2_1
   \      0x10A   0x000E             MOVS     R6,R1
   \      0x10C   0xB2F6             UXTB     R6,R6            ;; ZeroExt  R6,R6,#+24,#+24
   \      0x10E   0xF820 0x9016      STRH     R9,[R0, R6, LSL #+1]
   \      0x112   0x1C49             ADDS     R1,R1,#+1
   \      0x114   0xFA5F 0xFE8E      UXTB     LR,LR            ;; ZeroExt  LR,LR,#+24,#+24
   \      0x118   0x....             LDR.N    R0,??DataTable2_2
   \      0x11A   0x0016             MOVS     R6,R2
   \      0x11C   0xB2F6             UXTB     R6,R6            ;; ZeroExt  R6,R6,#+24,#+24
   \      0x11E   0xF820 0xE016      STRH     LR,[R0, R6, LSL #+1]
   \      0x122   0x1C52             ADDS     R2,R2,#+1
   \      0x124   0x2602             MOVS     R6,#+2
   \      0x126   0xE7C2             B.N      ??Scan_Point_9
   \                     ??Scan_Point_11: (+1)
   \      0x128   0x....'....        LDR.W    R8,??DataTable2_1
   \      0x12C   0x0008             MOVS     R0,R1
   \      0x12E   0xB2C0             UXTB     R0,R0            ;; ZeroExt  R0,R0,#+24,#+24
   \      0x130   0xEB08 0x0040      ADD      R0,R8,R0, LSL #+1
   \      0x134   0xF930 0x0C02      LDRSH    R0,[R0, #-2]
   \      0x138   0x46CA             MOV      R10,R9
   \      0x13A   0xFA5F 0xFA8A      UXTB     R10,R10          ;; ZeroExt  R10,R10,#+24,#+24
   \      0x13E   0xFA0F 0xFA8A      SXTH     R10,R10          ;; SignExt  R10,R10,#+16,#+16
   \      0x142   0x4550             CMP      R0,R10
   \      0x144   0xDA0B             BGE.N    ??Scan_Point_12
   \      0x146   0x46CA             MOV      R10,R9
   \      0x148   0xFA5F 0xFA8A      UXTB     R10,R10          ;; ZeroExt  R10,R10,#+24,#+24
   \      0x14C   0x0008             MOVS     R0,R1
   \      0x14E   0xB2C0             UXTB     R0,R0            ;; ZeroExt  R0,R0,#+24,#+24
   \      0x150   0xEB08 0x0040      ADD      R0,R8,R0, LSL #+1
   \      0x154   0xF930 0x0C02      LDRSH    R0,[R0, #-2]
   \      0x158   0xEBBA 0x0000      SUBS     R0,R10,R0
   \      0x15C   0xE795             B.N      ??Scan_Point_7
   \                     ??Scan_Point_12: (+1)
   \      0x15E   0x0008             MOVS     R0,R1
   \      0x160   0xB2C0             UXTB     R0,R0            ;; ZeroExt  R0,R0,#+24,#+24
   \      0x162   0xEB08 0x0040      ADD      R0,R8,R0, LSL #+1
   \      0x166   0xF930 0xAC02      LDRSH    R10,[R0, #-2]
   \      0x16A   0x4648             MOV      R0,R9
   \      0x16C   0xB2C0             UXTB     R0,R0            ;; ZeroExt  R0,R0,#+24,#+24
   \      0x16E   0xEBBA 0x0A00      SUBS     R10,R10,R0
   \      0x172   0xF1BA 0x0F04      CMP      R10,#+4
   \      0x176   0xF6BF 0xAF78      BGE.W    ??Scan_Point_8
   \      0x17A   0x....             LDR.N    R0,??DataTable2_2
   \      0x17C   0x468A             MOV      R10,R1
   \      0x17E   0xFA5F 0xFA8A      UXTB     R10,R10          ;; ZeroExt  R10,R10,#+24,#+24
   \      0x182   0xEB00 0x0A4A      ADD      R10,R0,R10, LSL #+1
   \      0x186   0xF93A 0xAC02      LDRSH    R10,[R10, #-2]
   \      0x18A   0x46F3             MOV      R11,LR
   \      0x18C   0xFA5F 0xFB8B      UXTB     R11,R11          ;; ZeroExt  R11,R11,#+24,#+24
   \      0x190   0xFA0F 0xFB8B      SXTH     R11,R11          ;; SignExt  R11,R11,#+16,#+16
   \      0x194   0x45DA             CMP      R10,R11
   \      0x196   0xF6BF 0xAF68      BGE.W    ??Scan_Point_8
   \      0x19A   0x46F2             MOV      R10,LR
   \      0x19C   0xFA5F 0xFA8A      UXTB     R10,R10          ;; ZeroExt  R10,R10,#+24,#+24
   \      0x1A0   0x468B             MOV      R11,R1
   \      0x1A2   0xFA5F 0xFB8B      UXTB     R11,R11          ;; ZeroExt  R11,R11,#+24,#+24
   \      0x1A6   0xEB00 0x004B      ADD      R0,R0,R11, LSL #+1
   \      0x1AA   0xF930 0x0C02      LDRSH    R0,[R0, #-2]
   \      0x1AE   0xEBBA 0x0000      SUBS     R0,R10,R0
   \      0x1B2   0xE76A             B.N      ??Scan_Point_7
     94            }
     95           // findflag = flag;
     96            if(flag ==1)  //找到信标灯
   \                     ??Scan_Point_4: (+1)
   \      0x1B4   0x0018             MOVS     R0,R3
   \      0x1B6   0xB2C0             UXTB     R0,R0            ;; ZeroExt  R0,R0,#+24,#+24
   \      0x1B8   0x2801             CMP      R0,#+1
   \      0x1BA   0xD111             BNE.N    ??Scan_Point_13
     97            {
     98              delay_flag1=1;
   \      0x1BC   0x2001             MOVS     R0,#+1
   \      0x1BE   0x....             LDR.N    R3,??DataTable2_4
   \      0x1C0   0x7018             STRB     R0,[R3, #+0]
     99              beacon_x=X1[pot_1>>1];
   \      0x1C2   0x....             LDR.N    R0,??DataTable2_1
   \      0x1C4   0xB2C9             UXTB     R1,R1            ;; ZeroExt  R1,R1,#+24,#+24
   \      0x1C6   0x1049             ASRS     R1,R1,#+1
   \      0x1C8   0xF830 0x0011      LDRH     R0,[R0, R1, LSL #+1]
   \      0x1CC   0x....             LDR.N    R1,??DataTable2_5
   \      0x1CE   0x8008             STRH     R0,[R1, #+0]
    100              beacon_y=Y1[pot_2>>1];
   \      0x1D0   0x....             LDR.N    R0,??DataTable2_2
   \      0x1D2   0xB2D2             UXTB     R2,R2            ;; ZeroExt  R2,R2,#+24,#+24
   \      0x1D4   0x1052             ASRS     R2,R2,#+1
   \      0x1D6   0xF830 0x0012      LDRH     R0,[R0, R2, LSL #+1]
   \      0x1DA   0x....             LDR.N    R1,??DataTable2_6
   \      0x1DC   0x8008             STRH     R0,[R1, #+0]
   \      0x1DE   0xE023             B.N      ??Scan_Point_14
    101            }
    102            else if(delay_flag1 == 1 && flag ==0)  //上一帧找到，本次没有找到
   \                     ??Scan_Point_13: (+1)
   \      0x1E0   0x....             LDR.N    R0,??DataTable2_4
   \      0x1E2   0x7801             LDRB     R1,[R0, #+0]
   \      0x1E4   0x2901             CMP      R1,#+1
   \      0x1E6   0xD10D             BNE.N    ??Scan_Point_15
   \      0x1E8   0xB2DB             UXTB     R3,R3            ;; ZeroExt  R3,R3,#+24,#+24
   \      0x1EA   0x2B00             CMP      R3,#+0
   \      0x1EC   0xD10A             BNE.N    ??Scan_Point_15
    103            {
    104              beacon_x+=COL/2;
   \      0x1EE   0x....             LDR.N    R1,??DataTable2_5
   \      0x1F0   0x880A             LDRH     R2,[R1, #+0]
   \      0x1F2   0x3228             ADDS     R2,R2,#+40
   \      0x1F4   0x800A             STRH     R2,[R1, #+0]
    105              twinkle_delay=25;//结合Time.c里面的注释看这句话就懂了
   \      0x1F6   0x2119             MOVS     R1,#+25
   \      0x1F8   0x....             LDR.N    R2,??DataTable2_7
   \      0x1FA   0x8011             STRH     R1,[R2, #+0]
    106              delay_flag1=0;
   \      0x1FC   0x2100             MOVS     R1,#+0
   \      0x1FE   0x7001             STRB     R1,[R0, #+0]
    107              total_flag =1;
   \      0x200   0x2501             MOVS     R5,#+1
   \      0x202   0xE011             B.N      ??Scan_Point_14
    108            }
    109            else  //没有找到
    110            {
    111              if(twinkle_delay == 0) 
   \                     ??Scan_Point_15: (+1)
   \      0x204   0x....             LDR.N    R0,??DataTable2_7
   \      0x206   0xF9B0 0x0000      LDRSH    R0,[R0, #+0]
   \      0x20A   0x2800             CMP      R0,#+0
   \      0x20C   0xD107             BNE.N    ??Scan_Point_16
    112              {
    113                beacon_x = 0;
   \      0x20E   0x2000             MOVS     R0,#+0
   \      0x210   0x....             LDR.N    R1,??DataTable2_5
   \      0x212   0x8008             STRH     R0,[R1, #+0]
    114                beacon_y = 0;
   \      0x214   0x2000             MOVS     R0,#+0
   \      0x216   0x....             LDR.N    R1,??DataTable2_6
   \      0x218   0x8008             STRH     R0,[R1, #+0]
    115                total_flag =0;
   \      0x21A   0x2500             MOVS     R5,#+0
   \      0x21C   0xE004             B.N      ??Scan_Point_14
    116              }
    117              else   
    118              {
    119                beacon_x+=COL/2;
   \                     ??Scan_Point_16: (+1)
   \      0x21E   0x....             LDR.N    R0,??DataTable2_5
   \      0x220   0x8801             LDRH     R1,[R0, #+0]
   \      0x222   0x3128             ADDS     R1,R1,#+40
   \      0x224   0x8001             STRH     R1,[R0, #+0]
    120                total_flag =1;
   \      0x226   0x2501             MOVS     R5,#+1
    121               }
    122            }
    123          	
    124            beacon_x -= COL/2;
   \                     ??Scan_Point_14: (+1)
   \      0x228   0x....             LDR.N    R6,??DataTable2_5
   \      0x22A   0x8830             LDRH     R0,[R6, #+0]
   \      0x22C   0x3828             SUBS     R0,R0,#+40
   \      0x22E   0x8030             STRH     R0,[R6, #+0]
    125            beacon_x=limit_s16(beacon_x,-COL/2,COL/2);
   \      0x230   0xF07F 0x0827      MVNS     R8,#+39
   \      0x234   0x2228             MOVS     R2,#+40
   \      0x236   0x4641             MOV      R1,R8
   \      0x238   0xF9B6 0x0000      LDRSH    R0,[R6, #+0]
   \      0x23C   0x....'....        BL       limit_s16
   \      0x240   0x8030             STRH     R0,[R6, #+0]
    126            beacon_y=limit_s16(beacon_y,0,60);
   \      0x242   0x....             LDR.N    R7,??DataTable2_6
   \      0x244   0x223C             MOVS     R2,#+60
   \      0x246   0x2100             MOVS     R1,#+0
   \      0x248   0xF9B7 0x0000      LDRSH    R0,[R7, #+0]
   \      0x24C   0x....'....        BL       limit_s16
   \      0x250   0x8038             STRH     R0,[R7, #+0]
    127            beacon_x =Coordinate_Filter(0,beacon_x);
   \      0x252   0xF9B6 0x1000      LDRSH    R1,[R6, #+0]
   \      0x256   0x2000             MOVS     R0,#+0
   \      0x258   0x....'....        BL       Coordinate_Filter
   \      0x25C   0x8030             STRH     R0,[R6, #+0]
    128            beacon_y =Coordinate_Filter(1,beacon_y);
   \      0x25E   0xF9B7 0x1000      LDRSH    R1,[R7, #+0]
   \      0x262   0x2001             MOVS     R0,#+1
   \      0x264   0x....'....        BL       Coordinate_Filter
   \      0x268   0x8038             STRH     R0,[R7, #+0]
    129          /////　测试四个轮子时用到，实际跑时屏蔽   ////
    130            //beacon_x = -25;
    131            //beacon_y = 5;
    132          
    133            
    134            if(beacon_x == -COL/2 && beacon_y == 0)
   \      0x26A   0xF9B6 0x0000      LDRSH    R0,[R6, #+0]
   \      0x26E   0x4540             CMP      R0,R8
   \      0x270   0xD105             BNE.N    ??Scan_Point_17
   \      0x272   0xF9B7 0x0000      LDRSH    R0,[R7, #+0]
   \      0x276   0x2800             CMP      R0,#+0
   \      0x278   0xD101             BNE.N    ??Scan_Point_17
    135              beacon_x = 0;
   \      0x27A   0x2000             MOVS     R0,#+0
   \      0x27C   0x8030             STRH     R0,[R6, #+0]
    136            if(beacon_x ==0 && beacon_y==0)
   \                     ??Scan_Point_17: (+1)
   \      0x27E   0x8831             LDRH     R1,[R6, #+0]
   \      0x280   0x8838             LDRH     R0,[R7, #+0]
   \      0x282   0x4301             ORRS     R1,R0,R1
   \      0x284   0xB209             SXTH     R1,R1            ;; SignExt  R1,R1,#+16,#+16
   \      0x286   0x2900             CMP      R1,#+0
   \      0x288   0xD103             BNE.N    ??Scan_Point_18
    137            {
    138              total_count = 0;
   \      0x28A   0x2000             MOVS     R0,#+0
   \      0x28C   0x....             LDR.N    R1,??DataTable2_8
   \      0x28E   0x6008             STR      R0,[R1, #+0]
   \      0x290   0xE020             B.N      ??Scan_Point_19
    139            }
    140            else    //很明显，当摄像头看到的白点少时，是在远处，看到的白点多时，灯在近处，所以这句话判断白点数，以此来判断灯的远近
    141            {
    142              for(int m =0; m<ROW;m++)	
   \                     ??Scan_Point_18: (+1)
   \      0x292   0x2000             MOVS     R0,#+0
   \      0x294   0xE015             B.N      ??Scan_Point_20
    143                for(int n =0; n < COL;n++)
    144                {
    145                  if(image[m][n] > 100)                //软件二值化，得到白点
   \                     ??Scan_Point_21: (+1)
   \      0x296   0x....             LDR.N    R2,??DataTable2_9
   \      0x298   0x2350             MOVS     R3,#+80
   \      0x29A   0xFB03 0xF300      MUL      R3,R3,R0
   \      0x29E   0x441A             ADD      R2,R2,R3
   \      0x2A0   0x5C52             LDRB     R2,[R2, R1]
   \      0x2A2   0x2A65             CMP      R2,#+101
   \      0x2A4   0xDB09             BLT.N    ??Scan_Point_22
    146                  {  
    147                    if(total<2000)
   \      0x2A6   0xF5B4 0x6FFA      CMP      R4,#+2000
   \      0x2AA   0xDA00             BGE.N    ??Scan_Point_23
    148                     total++;                          //白点列统计
   \      0x2AC   0x1C64             ADDS     R4,R4,#+1
    149                    if(total>2000)
   \                     ??Scan_Point_23: (+1)
   \      0x2AE   0xF240 0x72D1      MOVW     R2,#+2001
   \      0x2B2   0x4294             CMP      R4,R2
   \      0x2B4   0xDB01             BLT.N    ??Scan_Point_22
    150                      total=2000;
   \      0x2B6   0xF44F 0x64FA      MOV      R4,#+2000
    151                  }
    152                }
   \                     ??Scan_Point_22: (+1)
   \      0x2BA   0x1C49             ADDS     R1,R1,#+1
   \                     ??Scan_Point_24: (+1)
   \      0x2BC   0x2950             CMP      R1,#+80
   \      0x2BE   0xDBEA             BLT.N    ??Scan_Point_21
   \      0x2C0   0x1C40             ADDS     R0,R0,#+1
   \                     ??Scan_Point_20: (+1)
   \      0x2C2   0x283C             CMP      R0,#+60
   \      0x2C4   0xDA01             BGE.N    ??Scan_Point_25
   \      0x2C6   0x2100             MOVS     R1,#+0
   \      0x2C8   0xE7F8             B.N      ??Scan_Point_24
    153                if(total_flag == 0)
   \                     ??Scan_Point_25: (+1)
   \      0x2CA   0xB2ED             UXTB     R5,R5            ;; ZeroExt  R5,R5,#+24,#+24
   \      0x2CC   0x2D00             CMP      R5,#+0
   \      0x2CE   0xD101             BNE.N    ??Scan_Point_19
    154                  total_count = total;
   \      0x2D0   0x....             LDR.N    R0,??DataTable2_8
   \      0x2D2   0x6004             STR      R4,[R0, #+0]
    155            }
    156            total_count =Coordinate_Filter(2,total_count);
   \                     ??Scan_Point_19: (+1)
   \      0x2D4   0x....             LDR.N    R4,??DataTable2_8
   \      0x2D6   0x6821             LDR      R1,[R4, #+0]
   \      0x2D8   0xB209             SXTH     R1,R1            ;; SignExt  R1,R1,#+16,#+16
   \      0x2DA   0x2002             MOVS     R0,#+2
   \      0x2DC   0x....'....        BL       Coordinate_Filter
   \      0x2E0   0x6020             STR      R0,[R4, #+0]
    157            if(total_count>2000)
   \      0x2E2   0x6820             LDR      R0,[R4, #+0]
   \      0x2E4   0xF240 0x71D1      MOVW     R1,#+2001
   \      0x2E8   0x4288             CMP      R0,R1
   \      0x2EA   0xDB02             BLT.N    ??Scan_Point_26
    158              total_count=2000;
   \      0x2EC   0xF44F 0x60FA      MOV      R0,#+2000
   \      0x2F0   0x6020             STR      R0,[R4, #+0]
    159            
    160            //total_count = 80; //测试距离对小车的影响
    161          }
   \                     ??Scan_Point_26: (+1)
   \      0x2F2   0xE8BD 0x8FF1      POP      {R0,R4-R11,PC}   ;; return

   \                                 In section .bss, align 1
   \                     `Scan_Point::delay_flag1`:
   \        0x0                      DS8 1
    162          
    163          
    164          
    165          //检测信标灯的远近和有无

   \                                 In section .text, align 2, keep-with-next
    166          u8 Judge_distance(s16 x,s16 y)   //传信标灯的坐标进去
    167          {
    168          	//static u16 beacon_maybe_blocked =0;  //灯可能被挡住  因为车的高度就20cm，灯的高度是12cm，所以如果在一条直线上有多个灯，可能闪烁的信标灯会被其他灯挡住，导致摄像头看不到，这时候当连续原地转圈还找不到的话，就使车横移
    169          	if((x ==0 && y==0 )|| (x>=55 || x<=-55))   //如果没有找到灯，或者找到的灯太偏离中线
   \                     Judge_distance: (+1)
   \        0x0   0x0002             MOVS     R2,R0
   \        0x2   0xB212             SXTH     R2,R2            ;; SignExt  R2,R2,#+16,#+16
   \        0x4   0x2A00             CMP      R2,#+0
   \        0x6   0xD102             BNE.N    ??Judge_distance_0
   \        0x8   0xB209             SXTH     R1,R1            ;; SignExt  R1,R1,#+16,#+16
   \        0xA   0x2900             CMP      R1,#+0
   \        0xC   0xD01F             BEQ.N    ??Judge_distance_1
   \                     ??Judge_distance_0: (+1)
   \        0xE   0xB200             SXTH     R0,R0            ;; SignExt  R0,R0,#+16,#+16
   \       0x10   0x3036             ADDS     R0,R0,#+54
   \       0x12   0x286D             CMP      R0,#+109
   \       0x14   0xD21B             BCS.N    ??Judge_distance_1
    170          	{
    171          		//beacon_maybe_blocked ++;
    172          //		if(beacon_maybe_blocked >=280 && beacon_maybe_blocked <= 320) //转圈2秒后，平移0.3秒
    173          //		{
    174          //			return FOREC_RAMPAGE;  //强制横移
    175          //		}
    176          //		else
    177          //		{
    178          //			if(beacon_maybe_blocked > 320)
    179          //				beacon_maybe_blocked =0;
    180          //			return roll;   //没有时原地打转
    181          //		}
    182          	}
    183          	else  //有信号灯
    184          	{
    185          		//beacon_maybe_blocked=0;
    186          		if(total_count<130)                          //参数需要整定//16
   \       0x16   0x....             LDR.N    R0,??DataTable2_8
   \       0x18   0x6801             LDR      R1,[R0, #+0]
   \       0x1A   0x2982             CMP      R1,#+130
   \       0x1C   0xDA01             BGE.N    ??Judge_distance_2
    187          			return far;
   \       0x1E   0x2001             MOVS     R0,#+1
   \       0x20   0xE016             B.N      ??Judge_distance_3
    188                   // return you;
    189          		if(total_count<300 && total_count>=130)
   \                     ??Judge_distance_2: (+1)
   \       0x22   0x6801             LDR      R1,[R0, #+0]
   \       0x24   0x3982             SUBS     R1,R1,#+130
   \       0x26   0x29AA             CMP      R1,#+170
   \       0x28   0xD201             BCS.N    ??Judge_distance_4
    190          		{
    191          			  return near;
   \       0x2A   0x2002             MOVS     R0,#+2
   \       0x2C   0xE010             B.N      ??Judge_distance_3
    192                    // return you;
    193          		}
    194          		if(total_count>=300 && total_count<=700)	
   \                     ??Judge_distance_4: (+1)
   \       0x2E   0x6801             LDR      R1,[R0, #+0]
   \       0x30   0xF5B1 0x7196      SUBS     R1,R1,#+300
   \       0x34   0xF240 0x1291      MOVW     R2,#+401
   \       0x38   0x4291             CMP      R1,R2
   \       0x3A   0xD201             BCS.N    ??Judge_distance_5
    195          		{
    196          			return very_near;
   \       0x3C   0x2003             MOVS     R0,#+3
   \       0x3E   0xE007             B.N      ??Judge_distance_3
    197                    //return you;
    198          		}
    199          		if(total_count>700)	
   \                     ??Judge_distance_5: (+1)
   \       0x40   0x6800             LDR      R0,[R0, #+0]
   \       0x42   0xF240 0x21BD      MOVW     R1,#+701
   \       0x46   0x4288             CMP      R0,R1
   \       0x48   0xDB01             BLT.N    ??Judge_distance_1
    200          		{
    201          			return very_very_near;
   \       0x4A   0x2006             MOVS     R0,#+6
   \       0x4C   0xE000             B.N      ??Judge_distance_3
    202                     // return you;
    203          		}
    204          	}
    205          	return 0;   //不加这句话有警告
   \                     ??Judge_distance_1: (+1)
   \       0x4E   0x2000             MOVS     R0,#+0
   \                     ??Judge_distance_3: (+1)
   \       0x50   0x4770             BX       LR               ;; return
    206          }
    207          

   \                                 In section .text, align 2, keep-with-next
    208          s16 limit_s16(s16 Data,s16 Min,s16 Max)      //对16位整形限幅
    209          {
   \                     limit_s16: (+1)
   \        0x0   0xB410             PUSH     {R4}
    210          	if(Data<Min)Data=Min;
   \        0x2   0x0003             MOVS     R3,R0
   \        0x4   0x000C             MOVS     R4,R1
   \        0x6   0xB21B             SXTH     R3,R3            ;; SignExt  R3,R3,#+16,#+16
   \        0x8   0xB224             SXTH     R4,R4            ;; SignExt  R4,R4,#+16,#+16
   \        0xA   0x42A3             CMP      R3,R4
   \        0xC   0xDA01             BGE.N    ??limit_s16_0
   \        0xE   0x0008             MOVS     R0,R1
   \       0x10   0xE006             B.N      ??limit_s16_1
    211          	else if(Data>Max)Data=Max;
   \                     ??limit_s16_0: (+1)
   \       0x12   0x0011             MOVS     R1,R2
   \       0x14   0x0003             MOVS     R3,R0
   \       0x16   0xB209             SXTH     R1,R1            ;; SignExt  R1,R1,#+16,#+16
   \       0x18   0xB21B             SXTH     R3,R3            ;; SignExt  R3,R3,#+16,#+16
   \       0x1A   0x4299             CMP      R1,R3
   \       0x1C   0xDA00             BGE.N    ??limit_s16_1
   \       0x1E   0x0010             MOVS     R0,R2
    212          	return Data;
   \                     ??limit_s16_1: (+1)
   \       0x20   0xB200             SXTH     R0,R0            ;; SignExt  R0,R0,#+16,#+16
   \       0x22   0xBC10             POP      {R4}
   \       0x24   0x4770             BX       LR               ;; return
    213          }
    214          

   \                                 In section .text, align 2, keep-with-next
    215          float limit_float(float Data,float Min,float Max)      //对浮点数限幅
    216          {
   \                     limit_float: (+1)
   \        0x0   0xB580             PUSH     {R7,LR}
   \        0x2   0x0003             MOVS     R3,R0
    217          	if(Data<Min)Data=Min;
   \        0x4   0x0018             MOVS     R0,R3
   \        0x6   0x....'....        BL       __aeabi_cfcmple
   \        0xA   0xD201             BCS.N    ??limit_float_0
   \        0xC   0x000B             MOVS     R3,R1
   \        0xE   0xE005             B.N      ??limit_float_1
    218          	else if(Data>Max)Data=Max;
   \                     ??limit_float_0: (+1)
   \       0x10   0x0010             MOVS     R0,R2
   \       0x12   0x0019             MOVS     R1,R3
   \       0x14   0x....'....        BL       __aeabi_cfcmple
   \       0x18   0xD200             BCS.N    ??limit_float_1
   \       0x1A   0x0013             MOVS     R3,R2
    219          	return Data;
   \                     ??limit_float_1: (+1)
   \       0x1C   0x0018             MOVS     R0,R3
   \       0x1E   0xBD02             POP      {R1,PC}          ;; return
    220          }
    221          

   \                                 In section .text, align 2, keep-with-next
    222          uint8 limit_u8(uint8 Data,uint8 Min,uint8 Max)      //对无符号8位字符型限幅
    223          {
   \                     limit_u8: (+1)
   \        0x0   0xB410             PUSH     {R4}
    224          	if(Data<Min)Data=Min;
   \        0x2   0x0003             MOVS     R3,R0
   \        0x4   0x000C             MOVS     R4,R1
   \        0x6   0xB2DB             UXTB     R3,R3            ;; ZeroExt  R3,R3,#+24,#+24
   \        0x8   0xB2E4             UXTB     R4,R4            ;; ZeroExt  R4,R4,#+24,#+24
   \        0xA   0x42A3             CMP      R3,R4
   \        0xC   0xD201             BCS.N    ??limit_u8_0
   \        0xE   0x0008             MOVS     R0,R1
   \       0x10   0xE006             B.N      ??limit_u8_1
    225          	else if(Data>Max)Data=Max;
   \                     ??limit_u8_0: (+1)
   \       0x12   0x0011             MOVS     R1,R2
   \       0x14   0x0003             MOVS     R3,R0
   \       0x16   0xB2C9             UXTB     R1,R1            ;; ZeroExt  R1,R1,#+24,#+24
   \       0x18   0xB2DB             UXTB     R3,R3            ;; ZeroExt  R3,R3,#+24,#+24
   \       0x1A   0x4299             CMP      R1,R3
   \       0x1C   0xD200             BCS.N    ??limit_u8_1
   \       0x1E   0x0010             MOVS     R0,R2
    226          	return Data;
   \                     ??limit_u8_1: (+1)
   \       0x20   0xB2C0             UXTB     R0,R0            ;; ZeroExt  R0,R0,#+24,#+24
   \       0x22   0xBC10             POP      {R4}
   \       0x24   0x4770             BX       LR               ;; return
    227          }
    228          

   \                                 In section .text, align 2, keep-with-next
    229          s16 PaiXu(s16 Data0,s16 Data1,s16 Data2)//3 2 1
    230          {
   \                     PaiXu: (+1)
   \        0x0   0xB410             PUSH     {R4}
    231          	s16 Temp=0;
   \        0x2   0x2300             MOVS     R3,#+0
    232          	if(Data0>Data1)//2 3 1
   \        0x4   0x000B             MOVS     R3,R1
   \        0x6   0x0004             MOVS     R4,R0
   \        0x8   0xB21B             SXTH     R3,R3            ;; SignExt  R3,R3,#+16,#+16
   \        0xA   0xB224             SXTH     R4,R4            ;; SignExt  R4,R4,#+16,#+16
   \        0xC   0x42A3             CMP      R3,R4
   \        0xE   0xDA02             BGE.N    ??PaiXu_0
    233          	{
    234          		Temp=Data0;
   \       0x10   0x0003             MOVS     R3,R0
    235          		Data0=Data1;
   \       0x12   0x0008             MOVS     R0,R1
    236          		Data1=Temp;
   \       0x14   0x0019             MOVS     R1,R3
    237          	}
    238          	if(Data0>Data2)//1 3 2
   \                     ??PaiXu_0: (+1)
   \       0x16   0x0013             MOVS     R3,R2
   \       0x18   0x0004             MOVS     R4,R0
   \       0x1A   0xB21B             SXTH     R3,R3            ;; SignExt  R3,R3,#+16,#+16
   \       0x1C   0xB224             SXTH     R4,R4            ;; SignExt  R4,R4,#+16,#+16
   \       0x1E   0x42A3             CMP      R3,R4
   \       0x20   0xDA00             BGE.N    ??PaiXu_1
    239          	{
    240          		Temp=Data0;
    241          		Data0=Data2;
    242          		Data2=Temp;
   \       0x22   0x0002             MOVS     R2,R0
    243          	}
    244          	if(Data1>Data2)//1 2 3
   \                     ??PaiXu_1: (+1)
   \       0x24   0x0010             MOVS     R0,R2
   \       0x26   0x000B             MOVS     R3,R1
   \       0x28   0xB200             SXTH     R0,R0            ;; SignExt  R0,R0,#+16,#+16
   \       0x2A   0xB21B             SXTH     R3,R3            ;; SignExt  R3,R3,#+16,#+16
   \       0x2C   0x4298             CMP      R0,R3
   \       0x2E   0xDA01             BGE.N    ??PaiXu_2
    245          	{
    246          		Temp=Data1;
   \       0x30   0x0008             MOVS     R0,R1
    247          		Data1=Data2;
   \       0x32   0x0011             MOVS     R1,R2
    248          		Data2=Temp;
    249          	}
    250          	return Data1;
   \                     ??PaiXu_2: (+1)
   \       0x34   0x0008             MOVS     R0,R1
   \       0x36   0xB200             SXTH     R0,R0            ;; SignExt  R0,R0,#+16,#+16
   \       0x38   0xBC10             POP      {R4}
   \       0x3A   0x4770             BX       LR               ;; return
    251          }

   \                                 In section .text, align 4, keep-with-next
   \                     ??DataTable2:
   \        0x0   0x....'....        DC32     `Data`

   \                                 In section .text, align 4, keep-with-next
   \                     ??DataTable2_1:
   \        0x0   0x....'....        DC32     X1

   \                                 In section .text, align 4, keep-with-next
   \                     ??DataTable2_2:
   \        0x0   0x....'....        DC32     Y1

   \                                 In section .text, align 4, keep-with-next
   \                     ??DataTable2_3:
   \        0x0   0x....'....        DC32     imgbuff

   \                                 In section .text, align 4, keep-with-next
   \                     ??DataTable2_4:
   \        0x0   0x....'....        DC32     `Scan_Point::delay_flag1`

   \                                 In section .text, align 4, keep-with-next
   \                     ??DataTable2_5:
   \        0x0   0x....'....        DC32     beacon_x

   \                                 In section .text, align 4, keep-with-next
   \                     ??DataTable2_6:
   \        0x0   0x....'....        DC32     beacon_y

   \                                 In section .text, align 4, keep-with-next
   \                     ??DataTable2_7:
   \        0x0   0x....'....        DC32     twinkle_delay

   \                                 In section .text, align 4, keep-with-next
   \                     ??DataTable2_8:
   \        0x0   0x....'....        DC32     total_count

   \                                 In section .text, align 4, keep-with-next
   \                     ??DataTable2_9:
   \        0x0   0x....'....        DC32     image
    252          
    253          

   Maximum stack usage in bytes:

   .cstack Function
   ------- --------
      16   Coordinate_Filter
        16   -> PaiXu
       0   Judge_distance
       4   PaiXu
      40   Scan_Point
        40   -> Coordinate_Filter
        40   -> limit_s16
       8   limit_float
         8 __aeabi_cfcmple
       4   limit_s16
       4   limit_u8


   Section sizes:

   Bytes  Function/Label
   -----  --------------
       4  ??DataTable2
       4  ??DataTable2_1
       4  ??DataTable2_2
       4  ??DataTable2_3
       4  ??DataTable2_4
       4  ??DataTable2_5
       4  ??DataTable2_6
       4  ??DataTable2_7
       4  ??DataTable2_8
       4  ??DataTable2_9
      82  Coordinate_Filter
      20  Data
      82  Judge_distance
      60  PaiXu
     758  Scan_Point
     160  X1
     160  Y1
       1  delay_flag1
       1  findflag
      32  limit_float
      38  limit_s16
      38  limit_u8
       4  total_count

 
   346 bytes in section .bss
 1 130 bytes in section .text
 
 1 130 bytes of CODE memory
   346 bytes of DATA memory

Errors: none
Warnings: 1
