###############################################################################
#
# IAR ANSI C/C++ Compiler V8.32.1.169/W32 for ARM         02/Jul/2019  17:59:14
# Copyright 1999-2018 IAR Systems AB.
#
#    Cpu mode     =  
#    Endian       =  little
#    Source file  =  G:\AIcar\@@\xiugai\lib\LPLD\HW\HW_ADC.c
#    Command line =  
#        -f C:\Users\admin\AppData\Local\Temp\EW4A4E.tmp
#        (G:\AIcar\@@\xiugai\lib\LPLD\HW\HW_ADC.c -D LPLD_K60 -lCN
#        "G:\AIcar\@@\xiugai\project\28-(SDHC)LPLD_SdCard\iar\FLASH\List"
#        -lB
#        "G:\AIcar\@@\xiugai\project\28-(SDHC)LPLD_SdCard\iar\FLASH\List"
#        -o "G:\AIcar\@@\xiugai\project\28-(SDHC)LPLD_SdCard\iar\FLASH\Obj"
#        --no_cse --no_unroll --no_inline --no_code_motion --no_tbaa
#        --no_clustering --no_scheduling --debug --endian=little
#        --cpu=Cortex-M4 -e --fpu=None --dlib_config
#        G:\AIcar\arm\inc\c\DLib_Config_Normal.h -I
#        "G:\AIcar\@@\xiugai\project\28-(SDHC)LPLD_SdCard\iar\..\app\" -I
#        "G:\AIcar\@@\xiugai\project\28-(SDHC)LPLD_SdCard\iar\..\..\..\lib\CPU\"
#        -I
#        "G:\AIcar\@@\xiugai\project\28-(SDHC)LPLD_SdCard\iar\..\..\..\lib\common\"
#        -I
#        "G:\AIcar\@@\xiugai\project\28-(SDHC)LPLD_SdCard\iar\..\..\..\lib\LPLD\"
#        -I
#        "G:\AIcar\@@\xiugai\project\28-(SDHC)LPLD_SdCard\iar\..\..\..\lib\LPLD\HW\"
#        -I
#        "G:\AIcar\@@\xiugai\project\28-(SDHC)LPLD_SdCard\iar\..\..\..\lib\LPLD\DEV\"
#        -I
#        "G:\AIcar\@@\xiugai\project\28-(SDHC)LPLD_SdCard\iar\..\..\..\lib\uCOS-II\Ports\"
#        -I
#        "G:\AIcar\@@\xiugai\project\28-(SDHC)LPLD_SdCard\iar\..\..\..\lib\uCOS-II\Source\"
#        -I
#        "G:\AIcar\@@\xiugai\project\28-(SDHC)LPLD_SdCard\iar\..\..\..\lib\FatFs\"
#        -I
#        "G:\AIcar\@@\xiugai\project\28-(SDHC)LPLD_SdCard\iar\..\..\..\lib\FatFs\option\"
#        -I
#        "G:\AIcar\@@\xiugai\project\28-(SDHC)LPLD_SdCard\iar\..\..\..\lib\USB\common\"
#        -I
#        "G:\AIcar\@@\xiugai\project\28-(SDHC)LPLD_SdCard\iar\..\..\..\lib\USB\driver\"
#        -I
#        "G:\AIcar\@@\xiugai\project\28-(SDHC)LPLD_SdCard\iar\..\..\..\lib\USB\descriptor\"
#        -I
#        "G:\AIcar\@@\xiugai\project\28-(SDHC)LPLD_SdCard\iar\..\..\..\lib\USB\class\"
#        -I
#        "G:\AIcar\@@\xiugai\project\28-(SDHC)LPLD_SdCard\iar\..\..\..\lib\Jay\"
#        -On -I G:\AIcar\arm\CMSIS\Core\Include\ -I
#        G:\AIcar\arm\CMSIS\DSP\Include\ -D ARM_MATH_CM4)
#    Locale       =  C
#    List file    =  
#        G:\AIcar\@@\xiugai\project\28-(SDHC)LPLD_SdCard\iar\FLASH\List\HW_ADC.lst
#    Object file  =  
#        G:\AIcar\@@\xiugai\project\28-(SDHC)LPLD_SdCard\iar\FLASH\Obj\HW_ADC.o
#
###############################################################################

G:\AIcar\@@\xiugai\lib\LPLD\HW\HW_ADC.c
      1          /**
      2           * @file HW_ADC.c
      3           * @version 3.0[By LPLD]
      4           * @date 2013-06-18
      5           * @brief ADC底层模块相关函数
      6           *
      7           * 更改建议:不建议修改
      8           *
      9           * 版权所有:北京拉普兰德电子技术有限公司
     10           * http://www.lpld.cn
     11           * mail:support@lpld.cn
     12           *
     13           * @par
     14           * 本代码由拉普兰德[LPLD]开发并维护，并向所有使用者开放源代码。
     15           * 开发者可以随意修使用或改源代码。但本段及以上注释应予以保留。
     16           * 不得更改或删除原版权所有者姓名，二次开发者可以加注二次版权所有者。
     17           * 但应在遵守此协议的基础上，开放源代码、不得出售代码本身。
     18           * 拉普兰德不负责由于使用本代码所带来的任何事故、法律责任或相关不良影响。
     19           * 拉普兰德无义务解释、说明本代码的具体原理、功能、实现方法。
     20           * 除非拉普兰德[LPLD]授权，开发者不得将本代码用于商业产品。
     21           */
     22          #include "common.h"

   \                                 In section .text, align 2, keep-with-next
   \   static __interwork __softfp void __NVIC_EnableIRQ(IRQn_Type)
   \                     __NVIC_EnableIRQ: (+1)
   \        0x0   0x0001             MOVS     R1,R0
   \        0x2   0xB249             SXTB     R1,R1            ;; SignExt  R1,R1,#+24,#+24
   \        0x4   0x2900             CMP      R1,#+0
   \        0x6   0xD40A             BMI.N    ??__NVIC_EnableIRQ_0
   \        0x8   0x2201             MOVS     R2,#+1
   \        0xA   0xF010 0x011F      ANDS     R1,R0,#0x1F
   \        0xE   0x408A             LSLS     R2,R2,R1
   \       0x10   0x....'....        LDR.W    R1,??DataTable10  ;; 0xe000e100
   \       0x14   0x0003             MOVS     R3,R0
   \       0x16   0xB25B             SXTB     R3,R3            ;; SignExt  R3,R3,#+24,#+24
   \       0x18   0x095B             LSRS     R3,R3,#+5
   \       0x1A   0xF841 0x2023      STR      R2,[R1, R3, LSL #+2]
   \                     ??__NVIC_EnableIRQ_0: (+1)
   \       0x1E   0x4770             BX       LR               ;; return

   \                                 In section .text, align 2, keep-with-next
   \   static __interwork __softfp void __NVIC_DisableIRQ(IRQn_Type)
   \                     __NVIC_DisableIRQ: (+1)
   \        0x0   0x0001             MOVS     R1,R0
   \        0x2   0xB249             SXTB     R1,R1            ;; SignExt  R1,R1,#+24,#+24
   \        0x4   0x2900             CMP      R1,#+0
   \        0x6   0xD40E             BMI.N    ??__NVIC_DisableIRQ_0
   \        0x8   0x2201             MOVS     R2,#+1
   \        0xA   0xF010 0x011F      ANDS     R1,R0,#0x1F
   \        0xE   0x408A             LSLS     R2,R2,R1
   \       0x10   0x....'....        LDR.W    R1,??DataTable10_1  ;; 0xe000e180
   \       0x14   0x0003             MOVS     R3,R0
   \       0x16   0xB25B             SXTB     R3,R3            ;; SignExt  R3,R3,#+24,#+24
   \       0x18   0x095B             LSRS     R3,R3,#+5
   \       0x1A   0xF841 0x2023      STR      R2,[R1, R3, LSL #+2]
   \       0x1E   0xF3BF 0x8F4F      DSB      SY
   \       0x22   0xF3BF 0x8F6F      ISB      SY
   \                     ??__NVIC_DisableIRQ_0: (+1)
   \       0x26   0x4770             BX       LR               ;; return
     23          #include "HW_ADC.h"
     24          
     25          //用户自定义中断服务函数数组

   \                                 In section .bss, align 4
     26          ADC_ISR_CALLBACK ADC_ISR[2];
   \                     ADC_ISR:
   \        0x0                      DS8 8
     27          
     28          static uint8 LPLD_ADC_Cal(ADC_Type *);
     29          
     30          /*
     31           * LPLD_ADC_Init
     32           * ADC通用初始化函数，选择ADCx、采集模式、精度等参数
     33           * 
     34           * 参数:
     35           *    adc_init_structure--ADC初始化结构体，
     36           *                        具体定义见ADC_InitTypeDef
     37           *
     38           * 输出:
     39           *    0--配置错误
     40           *    1--配置成功
     41           */

   \                                 In section .text, align 2, keep-with-next
     42          uint8 LPLD_ADC_Init(ADC_InitTypeDef adc_init_structure)
     43          {
   \                     LPLD_ADC_Init: (+1)
   \        0x0   0xB40F             PUSH     {R0-R3}
   \        0x2   0xE92D 0x4FF8      PUSH     {R3-R11,LR}
     44            uint8 i;
     45            ADC_Type *adcx = adc_init_structure.ADC_Adcx;
   \        0x6   0x9C0A             LDR      R4,[SP, #+40]
     46            uint8 diff = adc_init_structure.ADC_DiffMode;
   \        0x8   0xF89D 0x502C      LDRB     R5,[SP, #+44]
     47            uint8 mode = adc_init_structure.ADC_BitMode;
   \        0xC   0xF89D 0x002D      LDRB     R0,[SP, #+45]
   \       0x10   0xF88D 0x0002      STRB     R0,[SP, #+2]
     48            uint8 time = adc_init_structure.ADC_SampleTimeCfg;
   \       0x14   0xF89D 0xA02E      LDRB     R10,[SP, #+46]
     49            uint8 ltime = adc_init_structure.ADC_LongSampleTimeSel;
   \       0x18   0xF89D 0x002F      LDRB     R0,[SP, #+47]
   \       0x1C   0xF88D 0x0001      STRB     R0,[SP, #+1]
     50            uint8 avg = adc_init_structure.ADC_HwAvgSel;
   \       0x20   0xF89D 0x0030      LDRB     R0,[SP, #+48]
   \       0x24   0xF88D 0x0000      STRB     R0,[SP, #+0]
     51            uint8 muxab = adc_init_structure.ADC_MuxSel;
   \       0x28   0xF89D 0x6032      LDRB     R6,[SP, #+50]
     52            uint8 pga = adc_init_structure.ADC_PgaGain;
   \       0x2C   0xF89D 0x7031      LDRB     R7,[SP, #+49]
     53            uint8 hwtrg = adc_init_structure.ADC_HwTrgCfg;
   \       0x30   0xF89D 0x8034      LDRB     R8,[SP, #+52]
     54            ADC_ISR_CALLBACK isr_func = adc_init_structure.ADC_Isr;
   \       0x34   0xF8DD 0x9038      LDR      R9,[SP, #+56]
     55            
     56            //参数检查
     57            ASSERT( (diff==ADC_SE)||(diff==ADC_DIFF) );  //判断模式选择
   \       0x38   0x0028             MOVS     R0,R5
   \       0x3A   0xB2C0             UXTB     R0,R0            ;; ZeroExt  R0,R0,#+24,#+24
   \       0x3C   0x2800             CMP      R0,#+0
   \       0x3E   0xD008             BEQ.N    ??LPLD_ADC_Init_0
   \       0x40   0x0028             MOVS     R0,R5
   \       0x42   0xB2C0             UXTB     R0,R0            ;; ZeroExt  R0,R0,#+24,#+24
   \       0x44   0x2820             CMP      R0,#+32
   \       0x46   0xD004             BEQ.N    ??LPLD_ADC_Init_0
   \       0x48   0x2139             MOVS     R1,#+57
   \       0x4A   0x....'....        LDR.W    R0,??DataTable10_2
   \       0x4E   0x....'....        BL       assert_failed
     58            ASSERT( mode<=SE_16BIT );       //判断精度选择
   \                     ??LPLD_ADC_Init_0: (+1)
   \       0x52   0xF89D 0x0002      LDRB     R0,[SP, #+2]
   \       0x56   0x2804             CMP      R0,#+4
   \       0x58   0xDB04             BLT.N    ??LPLD_ADC_Init_1
   \       0x5A   0x213A             MOVS     R1,#+58
   \       0x5C   0x....'....        LDR.W    R0,??DataTable10_2
   \       0x60   0x....'....        BL       assert_failed
     59            ASSERT( (time==SAMTIME_SHORT)||(time==SAMTIME_LONG) );  //判断采样时间选择
   \                     ??LPLD_ADC_Init_1: (+1)
   \       0x64   0x4650             MOV      R0,R10
   \       0x66   0xB2C0             UXTB     R0,R0            ;; ZeroExt  R0,R0,#+24,#+24
   \       0x68   0x2800             CMP      R0,#+0
   \       0x6A   0xD008             BEQ.N    ??LPLD_ADC_Init_2
   \       0x6C   0x4650             MOV      R0,R10
   \       0x6E   0xB2C0             UXTB     R0,R0            ;; ZeroExt  R0,R0,#+24,#+24
   \       0x70   0x2810             CMP      R0,#+16
   \       0x72   0xD004             BEQ.N    ??LPLD_ADC_Init_2
   \       0x74   0x213B             MOVS     R1,#+59
   \       0x76   0x....'....        LDR.W    R0,??DataTable10_2
   \       0x7A   0x....'....        BL       assert_failed
     60            ASSERT( ltime<=LSAMTIME_2EX );  //判断长采样时间
   \                     ??LPLD_ADC_Init_2: (+1)
   \       0x7E   0xF89D 0x0001      LDRB     R0,[SP, #+1]
   \       0x82   0x2804             CMP      R0,#+4
   \       0x84   0xDB04             BLT.N    ??LPLD_ADC_Init_3
   \       0x86   0x213C             MOVS     R1,#+60
   \       0x88   0x....'....        LDR.W    R0,??DataTable10_2
   \       0x8C   0x....'....        BL       assert_failed
     61            ASSERT( (avg&0x3)<=(HW_32AVG&0x3) );  //判断硬件平均
   \                     ??LPLD_ADC_Init_3: (+1)
   \       0x90   0xF89D 0x0000      LDRB     R0,[SP, #+0]
   \       0x94   0xF010 0x0003      ANDS     R0,R0,#0x3
   \       0x98   0x2804             CMP      R0,#+4
   \       0x9A   0xD304             BCC.N    ??LPLD_ADC_Init_4
   \       0x9C   0x213D             MOVS     R1,#+61
   \       0x9E   0x....'....        LDR.W    R0,??DataTable10_2
   \       0xA2   0x....'....        BL       assert_failed
     62            ASSERT( (muxab==MUX_ADXXA)||(muxab==MUX_ADXXB) );  //判断ADC复用AB选择
   \                     ??LPLD_ADC_Init_4: (+1)
   \       0xA6   0x0030             MOVS     R0,R6
   \       0xA8   0xB2C0             UXTB     R0,R0            ;; ZeroExt  R0,R0,#+24,#+24
   \       0xAA   0x2800             CMP      R0,#+0
   \       0xAC   0xD008             BEQ.N    ??LPLD_ADC_Init_5
   \       0xAE   0x0030             MOVS     R0,R6
   \       0xB0   0xB2C0             UXTB     R0,R0            ;; ZeroExt  R0,R0,#+24,#+24
   \       0xB2   0x2810             CMP      R0,#+16
   \       0xB4   0xD004             BEQ.N    ??LPLD_ADC_Init_5
   \       0xB6   0x213E             MOVS     R1,#+62
   \       0xB8   0x....'....        LDR.W    R0,??DataTable10_2
   \       0xBC   0x....'....        BL       assert_failed
     63            ASSERT( (pga&0x7)<=(LSAMTIME_2EX&0x7));  //判断PGA
   \                     ??LPLD_ADC_Init_5: (+1)
   \       0xC0   0x0038             MOVS     R0,R7
   \       0xC2   0xB2C0             UXTB     R0,R0            ;; ZeroExt  R0,R0,#+24,#+24
   \       0xC4   0xF010 0x0007      ANDS     R0,R0,#0x7
   \       0xC8   0x2804             CMP      R0,#+4
   \       0xCA   0xDB04             BLT.N    ??LPLD_ADC_Init_6
   \       0xCC   0x213F             MOVS     R1,#+63
   \       0xCE   0x....'....        LDR.W    R0,??DataTable10_2
   \       0xD2   0x....'....        BL       assert_failed
     64            
     65            //配置ADC时钟
     66            if(adcx == ADC0)
   \                     ??LPLD_ADC_Init_6: (+1)
   \       0xD6   0x....'....        LDR.W    R0,??DataTable10_3  ;; 0x4003b000
   \       0xDA   0x4284             CMP      R4,R0
   \       0xDC   0xD108             BNE.N    ??LPLD_ADC_Init_7
     67            {
     68              i=0;
   \       0xDE   0xF05F 0x0B00      MOVS     R11,#+0
     69              SIM->SCGC6 |= SIM_SCGC6_ADC0_MASK;   // 开启ADC0时钟
   \       0xE2   0x....'....        LDR.W    R0,??DataTable10_4  ;; 0x4004803c
   \       0xE6   0x6801             LDR      R1,[R0, #+0]
   \       0xE8   0xF051 0x6100      ORRS     R1,R1,#0x8000000
   \       0xEC   0x6001             STR      R1,[R0, #+0]
   \       0xEE   0xE00E             B.N      ??LPLD_ADC_Init_8
     70            }
     71            else if(adcx == ADC1)
   \                     ??LPLD_ADC_Init_7: (+1)
   \       0xF0   0x....'....        LDR.W    R0,??DataTable10_5  ;; 0x400bb000
   \       0xF4   0x4284             CMP      R4,R0
   \       0xF6   0xD108             BNE.N    ??LPLD_ADC_Init_9
     72            {
     73              i=1;
   \       0xF8   0xF05F 0x0B01      MOVS     R11,#+1
     74              SIM->SCGC3 |= SIM_SCGC3_ADC1_MASK;   // 开启ADC1时钟
   \       0xFC   0x....'....        LDR.W    R0,??DataTable10_6  ;; 0x40048030
   \      0x100   0x6801             LDR      R1,[R0, #+0]
   \      0x102   0xF051 0x6100      ORRS     R1,R1,#0x8000000
   \      0x106   0x6001             STR      R1,[R0, #+0]
   \      0x108   0xE001             B.N      ??LPLD_ADC_Init_8
     75            }
     76            else 
     77            {
     78              return 0;
   \                     ??LPLD_ADC_Init_9: (+1)
   \      0x10A   0x2000             MOVS     R0,#+0
   \      0x10C   0xE049             B.N      ??LPLD_ADC_Init_10
     79            }
     80          
     81            if(adc_init_structure.ADC_CalEnable == TRUE)
   \                     ??LPLD_ADC_Init_8: (+1)
   \      0x10E   0xF89D 0x0033      LDRB     R0,[SP, #+51]
   \      0x112   0x2801             CMP      R0,#+1
   \      0x114   0xD102             BNE.N    ??LPLD_ADC_Init_11
     82              LPLD_ADC_Cal(adcx);  //进行ADC校准
   \      0x116   0x0020             MOVS     R0,R4
   \      0x118   0x....'....        BL       LPLD_ADC_Cal
     83            
     84            //设置ADCCFG1寄存器
     85            adcx->CFG1  =  0& (~ADC_CFG1_ADLPC_MASK)         // 重新为正常使用进行配置
     86                            | ADC_CFG1_ADIV(ADIV_1)          // ADC输入时钟分频为 1
     87                            | time                           // 设置长短时间采样模式
     88                            | ADC_CFG1_ADICLK(ADICLK_BUS_2)  // ADC输入时钟源为 BusClk
     89                            | ADC_CFG1_MODE(mode);           //设置ADC转换精度
   \                     ??LPLD_ADC_Init_11: (+1)
   \      0x11C   0x4650             MOV      R0,R10
   \      0x11E   0xB2C0             UXTB     R0,R0            ;; ZeroExt  R0,R0,#+24,#+24
   \      0x120   0xF89D 0x1002      LDRB     R1,[SP, #+2]
   \      0x124   0x0089             LSLS     R1,R1,#+2
   \      0x126   0xF011 0x010C      ANDS     R1,R1,#0xC
   \      0x12A   0x4308             ORRS     R0,R1,R0
   \      0x12C   0xF050 0x0001      ORRS     R0,R0,#0x1
   \      0x130   0x60A0             STR      R0,[R4, #+8]
     90          
     91            //设置ADCCFG2寄存器
     92            adcx->CFG2 = 0 & (~ADC_CFG2_ADACKEN_MASK)   //禁用异步时钟输出
     93                           | muxab        // ADC复用选择
     94                           | ADC_CFG2_ADHSC_MASK        // 高速转换
     95                           | ADC_CFG2_ADLSTS(ltime);    // 长采样时间时钟周期选择
   \      0x132   0x0030             MOVS     R0,R6
   \      0x134   0xB2C0             UXTB     R0,R0            ;; ZeroExt  R0,R0,#+24,#+24
   \      0x136   0xF89D 0x1001      LDRB     R1,[SP, #+1]
   \      0x13A   0xF011 0x0103      ANDS     R1,R1,#0x3
   \      0x13E   0x4308             ORRS     R0,R1,R0
   \      0x140   0xF050 0x0004      ORRS     R0,R0,#0x4
   \      0x144   0x60E0             STR      R0,[R4, #+12]
     96                                                        // 总采样周期见K60技术文档 page:840
     97            //用于设定阈值
     98            adcx->CV1  = 0x1234u ; 
   \      0x146   0xF241 0x2034      MOVW     R0,#+4660
   \      0x14A   0x61A0             STR      R0,[R4, #+24]
     99            adcx->CV2  = 0x5678u ;
   \      0x14C   0xF245 0x6078      MOVW     R0,#+22136
   \      0x150   0x61E0             STR      R0,[R4, #+28]
    100            
    101            adcx->SC2  = 0 | (hwtrg & ADC_SC2_ADTRG_MASK) //设置触发方式
    102                           & (~ADC_SC2_ACFE_MASK)         //关闭比较功能
    103                           & (~ADC_SC2_DMAEN_MASK)        //关闭DMA
    104                           |  ADC_SC2_ACREN_MASK          //使能范围比较
    105                           |  ADC_SC2_ACFGT_MASK          //使能大于比较功能
    106                           |  ADC_SC2_REFSEL(REFSEL_EXT); //选择外部参考源VREFH和VREFL
   \      0x152   0x4640             MOV      R0,R8
   \      0x154   0xB2C0             UXTB     R0,R0            ;; ZeroExt  R0,R0,#+24,#+24
   \      0x156   0xF010 0x0040      ANDS     R0,R0,#0x40
   \      0x15A   0xF050 0x0018      ORRS     R0,R0,#0x18
   \      0x15E   0x6220             STR      R0,[R4, #+32]
    107            
    108            if(adc_init_structure.ADC_DmaEnable == TRUE) 
   \      0x160   0xF89D 0x0035      LDRB     R0,[SP, #+53]
   \      0x164   0x2801             CMP      R0,#+1
   \      0x166   0xD103             BNE.N    ??LPLD_ADC_Init_12
    109              adcx->SC2  |= ADC_SC2_DMAEN_MASK;   //使能DMA
   \      0x168   0x6A20             LDR      R0,[R4, #+32]
   \      0x16A   0xF050 0x0004      ORRS     R0,R0,#0x4
   \      0x16E   0x6220             STR      R0,[R4, #+32]
    110          
    111            adcx->SC3  = 0 & (~ADC_SC3_CAL_MASK)          //关闭校准
    112                           & (~ADC_SC3_ADCO_MASK)         //选择一次转换
    113                           |  avg;        //硬件平均
   \                     ??LPLD_ADC_Init_12: (+1)
   \      0x170   0xF89D 0x0000      LDRB     R0,[SP, #+0]
   \      0x174   0x6260             STR      R0,[R4, #+36]
    114            
    115            adcx->PGA  = pga<<ADC_PGA_PGAG_SHIFT; 
   \      0x176   0x0038             MOVS     R0,R7
   \      0x178   0xB2C0             UXTB     R0,R0            ;; ZeroExt  R0,R0,#+24,#+24
   \      0x17A   0x0400             LSLS     R0,R0,#+16
   \      0x17C   0x6520             STR      R0,[R4, #+80]
    116            
    117            //校准完毕后再重新初始化ADC寄存器
    118            //adcx->SC1[0] = ADC_SC1_ADCH(AD31);    //复位SC1
    119            adcx->SC1[hwtrg & 0x01] = diff;         //设置单端、差分输入
   \      0x17E   0x0028             MOVS     R0,R5
   \      0x180   0xB2C0             UXTB     R0,R0            ;; ZeroExt  R0,R0,#+24,#+24
   \      0x182   0x4641             MOV      R1,R8
   \      0x184   0xB2C9             UXTB     R1,R1            ;; ZeroExt  R1,R1,#+24,#+24
   \      0x186   0xF011 0x0101      ANDS     R1,R1,#0x1
   \      0x18A   0xF844 0x0021      STR      R0,[R4, R1, LSL #+2]
    120            
    121            if(isr_func!= NULL)
   \      0x18E   0x4648             MOV      R0,R9
   \      0x190   0x2800             CMP      R0,#+0
   \      0x192   0xD005             BEQ.N    ??LPLD_ADC_Init_13
    122            {
    123              ADC_ISR[i] = isr_func;
   \      0x194   0x....'....        LDR.W    R0,??DataTable10_7
   \      0x198   0x4659             MOV      R1,R11
   \      0x19A   0xB2C9             UXTB     R1,R1            ;; ZeroExt  R1,R1,#+24,#+24
   \      0x19C   0xF840 0x9021      STR      R9,[R0, R1, LSL #+2]
    124            }
    125            
    126            return 1;
   \                     ??LPLD_ADC_Init_13: (+1)
   \      0x1A0   0x2001             MOVS     R0,#+1
   \                     ??LPLD_ADC_Init_10: (+1)
   \      0x1A2   0xE8BD 0x0FF2      POP      {R1,R4-R11}
   \      0x1A6   0xF85D 0xFB14      LDR      PC,[SP], #+20    ;; return
    127          }
    128          
    129          /*
    130           * LPLD_ADC_Deinit
    131           * ADC反初始化函数，禁用ADC模块
    132           * 
    133           * 参数:
    134           *    adc_init_structure--ADC初始化结构体，
    135           *                        具体定义见ADC_InitTypeDef
    136           *
    137           * 输出:
    138           *    0--配置错误
    139           *    1--配置成功
    140           */

   \                                 In section .text, align 2, keep-with-next
    141          uint8 LPLD_ADC_Deinit(ADC_InitTypeDef adc_init_structure)
    142          {
   \                     LPLD_ADC_Deinit: (+1)
   \        0x0   0xB40F             PUSH     {R0-R3}
    143            ADC_Type *adcx = adc_init_structure.ADC_Adcx;
   \        0x2   0x9900             LDR      R1,[SP, #+0]
    144            uint8 hwtrg = adc_init_structure.ADC_HwTrgCfg;
   \        0x4   0xF89D 0x200C      LDRB     R2,[SP, #+12]
    145            
    146            adcx->SC1[hwtrg & 0x01] = ADC_SC1_ADCH(AD31);    //复位SC1
   \        0x8   0x201F             MOVS     R0,#+31
   \        0xA   0x0013             MOVS     R3,R2
   \        0xC   0xB2DB             UXTB     R3,R3            ;; ZeroExt  R3,R3,#+24,#+24
   \        0xE   0xF013 0x0301      ANDS     R3,R3,#0x1
   \       0x12   0xF841 0x0023      STR      R0,[R1, R3, LSL #+2]
    147            
    148            //配置ADC时钟
    149            if(adcx == ADC0)
   \       0x16   0x....'....        LDR.W    R0,??DataTable10_3  ;; 0x4003b000
   \       0x1A   0x4281             CMP      R1,R0
   \       0x1C   0xD106             BNE.N    ??LPLD_ADC_Deinit_0
    150            {
    151              SIM->SCGC6 &= ~(SIM_SCGC6_ADC0_MASK);   // 关闭ADC0时钟
   \       0x1E   0x....'....        LDR.W    R0,??DataTable10_4  ;; 0x4004803c
   \       0x22   0x6803             LDR      R3,[R0, #+0]
   \       0x24   0xF033 0x6300      BICS     R3,R3,#0x8000000
   \       0x28   0x6003             STR      R3,[R0, #+0]
   \       0x2A   0xE00C             B.N      ??LPLD_ADC_Deinit_1
    152            }
    153            else if(adcx == ADC1)
   \                     ??LPLD_ADC_Deinit_0: (+1)
   \       0x2C   0x....'....        LDR.W    R0,??DataTable10_5  ;; 0x400bb000
   \       0x30   0x4281             CMP      R1,R0
   \       0x32   0xD106             BNE.N    ??LPLD_ADC_Deinit_2
    154            {
    155              SIM->SCGC3 &= ~(SIM_SCGC3_ADC1_MASK);   // 关闭ADC1时钟
   \       0x34   0x....'....        LDR.W    R0,??DataTable10_6  ;; 0x40048030
   \       0x38   0x6803             LDR      R3,[R0, #+0]
   \       0x3A   0xF033 0x6300      BICS     R3,R3,#0x8000000
   \       0x3E   0x6003             STR      R3,[R0, #+0]
   \       0x40   0xE001             B.N      ??LPLD_ADC_Deinit_1
    156            }
    157            else 
    158            {
    159              return 0;
   \                     ??LPLD_ADC_Deinit_2: (+1)
   \       0x42   0x2000             MOVS     R0,#+0
   \       0x44   0xE000             B.N      ??LPLD_ADC_Deinit_3
    160            }
    161            
    162            return 1;
   \                     ??LPLD_ADC_Deinit_1: (+1)
   \       0x46   0x2001             MOVS     R0,#+1
   \                     ??LPLD_ADC_Deinit_3: (+1)
   \       0x48   0xB004             ADD      SP,SP,#+16
   \       0x4A   0x4770             BX       LR               ;; return
    163          }
    164          
    165          /*
    166           * LPLD_ADC_Get
    167           * 软件触发模式获取AD转换结果
    168           * 
    169           * 参数:
    170           *    adcx--ADCx模块号
    171           *      |__ADC0          --ADC0
    172           *      |__ADC1          --ADC1
    173           *    chn--ADC采集输入通道,详见技术手册K60P144M100SF2RM第118页
    174           *      ADC0
    175           *      |__DAD0          --差分(ADC0_DP0和ADC0_DM0)/单端(ADC0_DP0)
    176           *      |__DAD1          --差分(ADC0_DP1和ADC0_DM1)/单端(ADC0_DP1)
    177           *      |__DAD2          --差分(PGA0_DP和PGA0_DM)/单端(PGA0_DP)
    178           *      |__DAD3          --差分(ADC0_DP3和ADC0_DM3)/单端(ADC0_DP3)
    179           *      |__AD4           --单端A(保留)/单端B(ADC0_SE4b--PTC2)
    180           *      |__AD5           --单端A(保留)/单端B(ADC0_SE5b--PTD1)
    181           *      |__AD6           --单端A(保留)/单端B(ADC0_SE6b--PTD5)
    182           *      |__AD7           --单端A(保留)/单端B(ADC0_SE7b--PTD6)
    183           *      |__AD8           --单端(ADC0_SE8--PTB0)
    184           *      |__AD9           --单端(ADC0_SE9--PTB1)
    185           *      |__AD10          --单端(ADC0_SE10--PTA7)
    186           *      |__AD11          --单端(ADC0_SE11--PTA8)
    187           *      |__AD12          --单端(ADC0_SE12--PTB2)//
    188           *      |__AD13          --单端(ADC0_SE13--PTB3)//
    189           *      |__AD14          --单端(ADC0_SE14--PTC0)//
    190           *      |__AD15          --单端(ADC0_SE15--PTC1)
    191           *      |__AD16          --单端(ADC0_SE16)
    192           *      |__AD17          --单端(ADC0_SE17-PTE24)
    193           *      |__AD18          --单端(ADC0_SE18--PTE25)
    194           *      |__AD19          --单端(ADC0_DM0)
    195           *      |__AD20          --单端(ADC0_DM1)
    196           *      |__AD23          --单端(DAC0)
    197           *      |__AD26          --温度传感器
    198           *      |__AD27          --Bandgap
    199           *      |__AD29          --差分(-VREFH)/单端(VREFH)
    200           *      |__AD30          --单端(VREFL)
    201           *      ADC1
    202           *      |__DAD0          --差分(ADC1_DP0和ADC1_DM0)/单端(ADC1_DP0)
    203           *      |__DAD1          --差分(ADC1_DP1和ADC1_DM1)/单端(ADC1_DP1)
    204           *      |__DAD2          --差分(PGA1_DP和PGA1_DM)/单端(PGA1_DP)
    205           *      |__DAD3          --差分(ADC1_DP3和ADC1_DM3)/单端(ADC1_DP3)
    206           *      |__AD4           --单端A(ADC1_SE4a--PTE0)/单端B(ADC1_SE4b--PTC8)
    207           *      |__AD5           --单端A(ADC1_SE5a--PTE1)/单端B(ADC1_SE5b--PTC9)
    208           *      |__AD6           --单端A(ADC1_SE6a--PTE2)/单端B(ADC1_SE6b--PTC10)
    209           *      |__AD7           --单端A(ADC1_SE7a--PTE3)/单端B(ADC1_SE7b--PTC11)
    210           *      |__AD8           --单端(ADC1_SE8--PTB0)
    211           *      |__AD9           --单端(ADC1_SE9--PTB1)
    212           *      |__AD10          --单端(ADC1_SE10--PTB4)
    213           *      |__AD11          --单端(ADC1_SE11--PTB5)
    214           *      |__AD12          --单端(ADC1_SE12--PTB6)
    215           *      |__AD13          --单端(ADC1_SE13--PTB7)
    216           *      |__AD14          --单端(ADC1_SE14--PTB10)//
    217           *      |__AD15          --单端(ADC1_SE15--PTB11)
    218           *      |__AD16          --单端(ADC1_SE16)
    219           *      |__AD17          --单端(ADC1_SE17--PTA17)
    220           *      |__AD18          --单端(VREF)
    221           *      |__AD19          --单端(ADC1_DM0)
    222           *      |__AD20          --单端(ADC1_DM1)
    223           *      |__AD23          --单端(DAC1)
    224           *      |__AD26          --温度传感器
    225           *      |__AD27          --Bandgap
    226           *      |__AD29          --差分(-VREFH)/单端(VREFH)
    227           *      |__AD30          --单端(VREFL)
    228           *
    229           * 输出:
    230           *    AD通道转换值(右对齐)，若为差分转换结果，则为二进制补码格式(需强制转换为int16)
    231           *
    232           */

   \                                 In section .text, align 2, keep-with-next
    233          uint16 LPLD_ADC_Get(ADC_Type *adcx, AdcChnEnum_Type chn)
    234          {
    235            adcx->SC1[0] &= ~(ADC_SC1_AIEN_MASK);
   \                     LPLD_ADC_Get: (+1)
   \        0x0   0x6802             LDR      R2,[R0, #+0]
   \        0x2   0xF032 0x0240      BICS     R2,R2,#0x40
   \        0x6   0x6002             STR      R2,[R0, #+0]
    236            adcx->SC1[0] &= ~(ADC_SC1_ADCH_MASK);
   \        0x8   0x6802             LDR      R2,[R0, #+0]
   \        0xA   0x0952             LSRS     R2,R2,#+5
   \        0xC   0x0152             LSLS     R2,R2,#+5
   \        0xE   0x6002             STR      R2,[R0, #+0]
    237            adcx->SC1[0] |= ADC_SC1_ADCH(chn);
   \       0x10   0x6802             LDR      R2,[R0, #+0]
   \       0x12   0x000B             MOVS     R3,R1
   \       0x14   0xB2DB             UXTB     R3,R3            ;; ZeroExt  R3,R3,#+24,#+24
   \       0x16   0xF013 0x031F      ANDS     R3,R3,#0x1F
   \       0x1A   0x431A             ORRS     R2,R3,R2
   \       0x1C   0x6002             STR      R2,[R0, #+0]
    238            while((adcx->SC1[0]&ADC_SC1_COCO_MASK) == 0); //等待转换完成  
   \                     ??LPLD_ADC_Get_0: (+1)
   \       0x1E   0x6802             LDR      R2,[R0, #+0]
   \       0x20   0x0612             LSLS     R2,R2,#+24
   \       0x22   0xD5FC             BPL.N    ??LPLD_ADC_Get_0
    239            return adcx->R[0];
   \       0x24   0x6900             LDR      R0,[R0, #+16]
   \       0x26   0xB280             UXTH     R0,R0            ;; ZeroExt  R0,R0,#+16,#+16
   \       0x28   0x4770             BX       LR               ;; return
    240          }
    241          
    242          /*
    243           * LPLD_ADC_EnableConversion
    244           * 使能ADCx转换通道，用于软件中断、硬件触发等模式
    245           * 
    246           * 参数:
    247           *    adcx--ADCx模块号
    248           *      |__ADC0          --ADC0
    249           *      |__ADC1          --ADC1
    250           *    chn--ADC采集输入通道,详见技术手册K60P144M100SF2RM第118页
    251           *      取值同LPLD_ADC_Get形参chn
    252           *    ab--SC1寄存器A、B通道选择
    253           *      |__0          --A转换通道
    254           *      |__1          --B转换通道
    255           *    irq--是否使能转换完成中断
    256           *      |__TRUE       --使能转换完成中断
    257           *      |__FALSE      --禁用转换完成中断
    258           *
    259           * 输出:
    260           *    无
    261           *
    262           */

   \                                 In section .text, align 2, keep-with-next
    263          void LPLD_ADC_EnableConversion(ADC_Type *adcx, AdcChnEnum_Type chn, uint8 ab, boolean irq)
    264          {
   \                     LPLD_ADC_EnableConversion: (+1)
   \        0x0   0xB5F8             PUSH     {R3-R7,LR}
   \        0x2   0x0004             MOVS     R4,R0
   \        0x4   0x000D             MOVS     R5,R1
   \        0x6   0x0016             MOVS     R6,R2
   \        0x8   0x001F             MOVS     R7,R3
    265            //参数检查
    266            ASSERT( ab<=1 );  //判断AB控制寄存器
   \        0xA   0x0030             MOVS     R0,R6
   \        0xC   0xB2C0             UXTB     R0,R0            ;; ZeroExt  R0,R0,#+24,#+24
   \        0xE   0x2802             CMP      R0,#+2
   \       0x10   0xDB05             BLT.N    ??LPLD_ADC_EnableConversion_0
   \       0x12   0xF44F 0x7185      MOV      R1,#+266
   \       0x16   0x....'....        LDR.W    R0,??DataTable10_2
   \       0x1A   0x....'....        BL       assert_failed
    267            ASSERT( irq<=1 );  //判断是否使能中断
   \                     ??LPLD_ADC_EnableConversion_0: (+1)
   \       0x1E   0x0038             MOVS     R0,R7
   \       0x20   0xB2C0             UXTB     R0,R0            ;; ZeroExt  R0,R0,#+24,#+24
   \       0x22   0x2802             CMP      R0,#+2
   \       0x24   0xDB05             BLT.N    ??LPLD_ADC_EnableConversion_1
   \       0x26   0xF240 0x110B      MOVW     R1,#+267
   \       0x2A   0x....'....        LDR.W    R0,??DataTable10_2
   \       0x2E   0x....'....        BL       assert_failed
    268            if(irq == TRUE)
   \                     ??LPLD_ADC_EnableConversion_1: (+1)
   \       0x32   0x0038             MOVS     R0,R7
   \       0x34   0xB2C0             UXTB     R0,R0            ;; ZeroExt  R0,R0,#+24,#+24
   \       0x36   0x2801             CMP      R0,#+1
   \       0x38   0xD109             BNE.N    ??LPLD_ADC_EnableConversion_2
    269            {
    270              adcx->SC1[ab] |= (ADC_SC1_AIEN_MASK);
   \       0x3A   0x0030             MOVS     R0,R6
   \       0x3C   0xB2C0             UXTB     R0,R0            ;; ZeroExt  R0,R0,#+24,#+24
   \       0x3E   0xF854 0x0020      LDR      R0,[R4, R0, LSL #+2]
   \       0x42   0xF050 0x0040      ORRS     R0,R0,#0x40
   \       0x46   0x0031             MOVS     R1,R6
   \       0x48   0xB2C9             UXTB     R1,R1            ;; ZeroExt  R1,R1,#+24,#+24
   \       0x4A   0xF844 0x0021      STR      R0,[R4, R1, LSL #+2]
    271            }
    272            adcx->SC1[ab] &= ~(ADC_SC1_ADCH_MASK);
   \                     ??LPLD_ADC_EnableConversion_2: (+1)
   \       0x4E   0x0030             MOVS     R0,R6
   \       0x50   0xB2C0             UXTB     R0,R0            ;; ZeroExt  R0,R0,#+24,#+24
   \       0x52   0xF854 0x0020      LDR      R0,[R4, R0, LSL #+2]
   \       0x56   0x0940             LSRS     R0,R0,#+5
   \       0x58   0x0140             LSLS     R0,R0,#+5
   \       0x5A   0x0031             MOVS     R1,R6
   \       0x5C   0xB2C9             UXTB     R1,R1            ;; ZeroExt  R1,R1,#+24,#+24
   \       0x5E   0xF844 0x0021      STR      R0,[R4, R1, LSL #+2]
    273            adcx->SC1[ab] |= ADC_SC1_ADCH(chn);
   \       0x62   0x0030             MOVS     R0,R6
   \       0x64   0xB2C0             UXTB     R0,R0            ;; ZeroExt  R0,R0,#+24,#+24
   \       0x66   0xF854 0x0020      LDR      R0,[R4, R0, LSL #+2]
   \       0x6A   0x0029             MOVS     R1,R5
   \       0x6C   0xB2C9             UXTB     R1,R1            ;; ZeroExt  R1,R1,#+24,#+24
   \       0x6E   0xF011 0x011F      ANDS     R1,R1,#0x1F
   \       0x72   0x4308             ORRS     R0,R1,R0
   \       0x74   0x0031             MOVS     R1,R6
   \       0x76   0xB2C9             UXTB     R1,R1            ;; ZeroExt  R1,R1,#+24,#+24
   \       0x78   0xF844 0x0021      STR      R0,[R4, R1, LSL #+2]
    274          }
   \       0x7C   0xBDF1             POP      {R0,R4-R7,PC}    ;; return
    275          
    276          /*
    277           * LPLD_ADC_GetResult
    278           * 获取AD转换结果
    279           * 
    280           * 参数:
    281           *    adcx--ADCx模块号
    282           *      |__ADC0          --ADC0
    283           *      |__ADC1          --ADC1
    284           *    ab--SC1寄存器A、B通道选择
    285           *      |__0          --A转换通道
    286           *      |__1          --B转换通道
    287           *
    288           * 输出:
    289           *    AD通道转换值(右对齐)，若为差分转换结果，则为二进制补码格式(需强制转换为int16)
    290           *
    291           */

   \                                 In section .text, align 2, keep-with-next
    292          uint16 LPLD_ADC_GetResult(ADC_Type *adcx, uint8 ab)
    293          {
   \                     LPLD_ADC_GetResult: (+1)
   \        0x0   0xB538             PUSH     {R3-R5,LR}
   \        0x2   0x0004             MOVS     R4,R0
   \        0x4   0x000D             MOVS     R5,R1
    294            //参数检查
    295            ASSERT( ab<=1 );  //判断AB控制寄存器
   \        0x6   0x0028             MOVS     R0,R5
   \        0x8   0xB2C0             UXTB     R0,R0            ;; ZeroExt  R0,R0,#+24,#+24
   \        0xA   0x2802             CMP      R0,#+2
   \        0xC   0xDB05             BLT.N    ??LPLD_ADC_GetResult_0
   \        0xE   0xF240 0x1127      MOVW     R1,#+295
   \       0x12   0x....'....        LDR.W    R0,??DataTable10_2
   \       0x16   0x....'....        BL       assert_failed
    296            return adcx->R[ab];
   \                     ??LPLD_ADC_GetResult_0: (+1)
   \       0x1A   0xB2ED             UXTB     R5,R5            ;; ZeroExt  R5,R5,#+24,#+24
   \       0x1C   0xEB04 0x0085      ADD      R0,R4,R5, LSL #+2
   \       0x20   0x6900             LDR      R0,[R0, #+16]
   \       0x22   0xB280             UXTH     R0,R0            ;; ZeroExt  R0,R0,#+16,#+16
   \       0x24   0xBD32             POP      {R1,R4,R5,PC}    ;; return
    297          }
    298          
    299          /*
    300           * LPLD_ADC_GetSC1nCOCO
    301           * 获取SC1寄存器中COCO位置1的编号
    302           * 
    303           * 参数:
    304           *    adcx--ADCx模块号
    305           *      |__ADC0          --ADC0
    306           *      |__ADC1          --ADC1
    307           *
    308           * 输出:
    309          *    0--SC1A寄存器COCO位置1
    310          *    1--SC1B寄存器COCO位置1
    311           *
    312           */

   \                                 In section .text, align 2, keep-with-next
    313          uint8 LPLD_ADC_GetSC1nCOCO(ADC_Type *adcx)
    314          {
   \                     LPLD_ADC_GetSC1nCOCO: (+1)
   \        0x0   0x0001             MOVS     R1,R0
    315            if(adcx->SC1[0] & ADC_SC1_COCO_MASK)
   \        0x2   0x6808             LDR      R0,[R1, #+0]
   \        0x4   0x0600             LSLS     R0,R0,#+24
   \        0x6   0xD501             BPL.N    ??LPLD_ADC_GetSC1nCOCO_0
    316              return 0;
   \        0x8   0x2000             MOVS     R0,#+0
   \        0xA   0xE005             B.N      ??LPLD_ADC_GetSC1nCOCO_1
    317            if(adcx->SC1[1] & ADC_SC1_COCO_MASK)
   \                     ??LPLD_ADC_GetSC1nCOCO_0: (+1)
   \        0xC   0x6848             LDR      R0,[R1, #+4]
   \        0xE   0x0600             LSLS     R0,R0,#+24
   \       0x10   0xD501             BPL.N    ??LPLD_ADC_GetSC1nCOCO_2
    318              return 1;
   \       0x12   0x2001             MOVS     R0,#+1
   \       0x14   0xE000             B.N      ??LPLD_ADC_GetSC1nCOCO_1
    319            return -1;
   \                     ??LPLD_ADC_GetSC1nCOCO_2: (+1)
   \       0x16   0x20FF             MOVS     R0,#+255
   \                     ??LPLD_ADC_GetSC1nCOCO_1: (+1)
   \       0x18   0x4770             BX       LR               ;; return
    320          }
    321          
    322          /*
    323           * LPLD_ADC_EnableIrq
    324           * 使能ADCx中断
    325           * 
    326           * 参数:
    327           *    adc_init_structure--PIT初始化结构体，
    328           *                        具体定义见ADC_InitTypeDef
    329           *
    330           * 输出:
    331           *    0--配置错误
    332           *    1--配置成功
    333           *
    334           */

   \                                 In section .text, align 2, keep-with-next
    335          uint8 LPLD_ADC_EnableIrq(ADC_InitTypeDef adc_init_structure)
    336          {
   \                     LPLD_ADC_EnableIrq: (+1)
   \        0x0   0xB40F             PUSH     {R0-R3}
   \        0x2   0xB538             PUSH     {R3-R5,LR}
    337            uint8 i;
    338            ADC_Type *adcx = adc_init_structure.ADC_Adcx;
   \        0x4   0x9D04             LDR      R5,[SP, #+16]
    339            
    340            if(adcx == ADC0)
   \        0x6   0x....'....        LDR.W    R0,??DataTable10_3  ;; 0x4003b000
   \        0xA   0x4285             CMP      R5,R0
   \        0xC   0xD101             BNE.N    ??LPLD_ADC_EnableIrq_0
    341              i=0;
   \        0xE   0x2400             MOVS     R4,#+0
   \       0x10   0xE007             B.N      ??LPLD_ADC_EnableIrq_1
    342            else if(adcx == ADC1)
   \                     ??LPLD_ADC_EnableIrq_0: (+1)
   \       0x12   0x....'....        LDR.W    R0,??DataTable10_5  ;; 0x400bb000
   \       0x16   0x4285             CMP      R5,R0
   \       0x18   0xD101             BNE.N    ??LPLD_ADC_EnableIrq_2
    343              i=1;
   \       0x1A   0x2401             MOVS     R4,#+1
   \       0x1C   0xE001             B.N      ??LPLD_ADC_EnableIrq_1
    344            else
    345              return 0;
   \                     ??LPLD_ADC_EnableIrq_2: (+1)
   \       0x1E   0x2000             MOVS     R0,#+0
   \       0x20   0xE005             B.N      ??LPLD_ADC_EnableIrq_3
    346          
    347            enable_irq((IRQn_Type)(ADC0_IRQn + i));
   \                     ??LPLD_ADC_EnableIrq_1: (+1)
   \       0x22   0xF114 0x0039      ADDS     R0,R4,#+57
   \       0x26   0xB240             SXTB     R0,R0            ;; SignExt  R0,R0,#+24,#+24
   \       0x28   0x....'....        BL       __NVIC_EnableIRQ
    348            
    349            return 1;
   \       0x2C   0x2001             MOVS     R0,#+1
   \                     ??LPLD_ADC_EnableIrq_3: (+1)
   \       0x2E   0xBC32             POP      {R1,R4,R5}
   \       0x30   0xF85D 0xFB14      LDR      PC,[SP], #+20    ;; return
    350          }
    351          
    352          /*
    353           * LPLD_ADC_DisableIrq
    354           * 禁用ADCx中断
    355           * 
    356           * 参数:
    357           *    adc_init_structure--PIT初始化结构体，
    358           *                        具体定义见ADC_InitTypeDef
    359           *
    360           * 输出:
    361           *    0--配置错误
    362           *    1--配置成功
    363           *
    364           */

   \                                 In section .text, align 2, keep-with-next
    365          uint8 LPLD_ADC_DisableIrq(ADC_InitTypeDef adc_init_structure)
    366          {
   \                     LPLD_ADC_DisableIrq: (+1)
   \        0x0   0xB40F             PUSH     {R0-R3}
   \        0x2   0xB538             PUSH     {R3-R5,LR}
    367            uint8 i;
    368            ADC_Type *adcx = adc_init_structure.ADC_Adcx;
   \        0x4   0x9D04             LDR      R5,[SP, #+16]
    369            
    370            if(adcx == ADC0)
   \        0x6   0x....             LDR.N    R0,??DataTable10_3  ;; 0x4003b000
   \        0x8   0x4285             CMP      R5,R0
   \        0xA   0xD101             BNE.N    ??LPLD_ADC_DisableIrq_0
    371              i=0;
   \        0xC   0x2400             MOVS     R4,#+0
   \        0xE   0xE006             B.N      ??LPLD_ADC_DisableIrq_1
    372            else if(adcx == ADC1)
   \                     ??LPLD_ADC_DisableIrq_0: (+1)
   \       0x10   0x....             LDR.N    R0,??DataTable10_5  ;; 0x400bb000
   \       0x12   0x4285             CMP      R5,R0
   \       0x14   0xD101             BNE.N    ??LPLD_ADC_DisableIrq_2
    373              i=1;
   \       0x16   0x2401             MOVS     R4,#+1
   \       0x18   0xE001             B.N      ??LPLD_ADC_DisableIrq_1
    374            else
    375              return 0;
   \                     ??LPLD_ADC_DisableIrq_2: (+1)
   \       0x1A   0x2000             MOVS     R0,#+0
   \       0x1C   0xE005             B.N      ??LPLD_ADC_DisableIrq_3
    376          
    377            disable_irq((IRQn_Type)(ADC0_IRQn + i));
   \                     ??LPLD_ADC_DisableIrq_1: (+1)
   \       0x1E   0xF114 0x0039      ADDS     R0,R4,#+57
   \       0x22   0xB240             SXTB     R0,R0            ;; SignExt  R0,R0,#+24,#+24
   \       0x24   0x....'....        BL       __NVIC_DisableIRQ
    378            
    379            return 1;
   \       0x28   0x2001             MOVS     R0,#+1
   \                     ??LPLD_ADC_DisableIrq_3: (+1)
   \       0x2A   0xBC32             POP      {R1,R4,R5}
   \       0x2C   0xF85D 0xFB14      LDR      PC,[SP], #+20    ;; return
    380          }
    381          
    382          /*
    383           * LPLD_ADC_Chn_Enable
    384           * 使能ADCx相应转换通道的AD采集功能
    385           * 
    386           * 参数:
    387           *    adcx--ADCx模块号
    388           *      |__ADC0          --ADC0
    389           *      |__ADC1          --ADC1
    390           *    chn--ADC采集输入通道,详见技术手册K60P144M100SF2RM第118页
    391           *      ADC0
    392           *      |__DAD0          --差分(ADC0_DP0和ADC0_DM0)/单端(ADC0_DP0)
    393           *      |__DAD1          --差分(ADC0_DP1和ADC0_DM1)/单端(ADC0_DP1)
    394           *      |__DAD2          --差分(PGA0_DP和PGA0_DM)/单端(PGA0_DP)
    395           *      |__DAD3          --差分(ADC0_DP3和ADC0_DM3)/单端(ADC0_DP3)
    396           *      |__AD4           --单端A(保留)/单端B(ADC0_SE4b--PTC2)
    397           *      |__AD5           --单端A(保留)/单端B(ADC0_SE5b--PTD1)
    398           *      |__AD6           --单端A(保留)/单端B(ADC0_SE6b--PTD5)
    399           *      |__AD7           --单端A(保留)/单端B(ADC0_SE7b--PTD6)
    400           *      |__AD8           --单端(ADC0_SE8--PTB0)
    401           *      |__AD9           --单端(ADC0_SE9--PTB1)
    402           *      |__AD10          --单端(ADC0_SE10--PTA7)
    403           *      |__AD11          --单端(ADC0_SE11--PTA8)
    404           *      |__AD12          --单端(ADC0_SE12--PTB2)
    405           *      |__AD13          --单端(ADC0_SE13--PTB3)
    406           *      |__AD14          --单端(ADC0_SE14--PTC0)
    407           *      |__AD15          --单端(ADC0_SE15--PTC1)
    408           *      |__AD16          --单端(ADC0_SE16)
    409           *      |__AD17          --单端(ADC0_SE17-PTE24)
    410           *      |__AD18          --单端(ADC0_SE18--PTE25)
    411           *      |__AD19          --单端(ADC0_DM0)
    412           *      |__AD20          --单端(ADC0_DM1)
    413           *      |__AD23          --单端(DAC0)
    414           *      |__AD26          --温度传感器
    415           *      |__AD27          --Bandgap
    416           *      |__AD29          --差分(-VREFH)/单端(VREFH)
    417           *      |__AD30          --单端(VREFL)
    418           *      ADC1
    419           *      |__DAD0          --差分(ADC1_DP0和ADC1_DM0)/单端(ADC1_DP0)
    420           *      |__DAD1          --差分(ADC1_DP1和ADC1_DM1)/单端(ADC1_DP1)
    421           *      |__DAD2          --差分(PGA1_DP和PGA1_DM)/单端(PGA1_DP)
    422           *      |__DAD3          --差分(ADC1_DP3和ADC1_DM3)/单端(ADC1_DP3)
    423           *      |__AD4           --单端A(ADC1_SE4a--PTE0)/单端B(ADC1_SE4b--PTC8)
    424           *      |__AD5           --单端A(ADC1_SE5a--PTE1)/单端B(ADC1_SE5b--PTC9)
    425           *      |__AD6           --单端A(ADC1_SE6a--PTE2)/单端B(ADC1_SE6b--PTC10)
    426           *      |__AD7           --单端A(ADC1_SE7a--PTE3)/单端B(ADC1_SE7b--PTC11)
    427           *      |__AD8           --单端(ADC1_SE8--PTB0)
    428           *      |__AD9           --单端(ADC1_SE9--PTB1)
    429           *      |__AD10          --单端(ADC1_SE10--PTB4)
    430           *      |__AD11          --单端(ADC1_SE11--PTB5)
    431           *      |__AD12          --单端(ADC1_SE12--PTB6)
    432           *      |__AD13          --单端(ADC1_SE13--PTB7)
    433           *      |__AD14          --单端(ADC1_SE14--PTB10)
    434           *      |__AD15          --单端(ADC1_SE15--PTB11)
    435           *      |__AD16          --单端(ADC1_SE16)
    436           *      |__AD17          --单端(ADC1_SE17--PTA17)
    437           *      |__AD18          --单端(VREF)
    438           *      |__AD19          --单端(ADC1_DM0)
    439           *      |__AD20          --单端(ADC1_DM1)
    440           *      |__AD23          --单端(DAC1)
    441           *      |__AD26          --温度传感器
    442           *      |__AD27          --Bandgap
    443           *      |__AD29          --差分(-VREFH)/单端(VREFH)
    444           *      |__AD30          --单端(VREFL)
    445           *
    446           * 输出:
    447           *    0--配置错误
    448           *    1--配置成功
    449           *
    450           */

   \                                 In section .text, align 2, keep-with-next
    451          uint8 LPLD_ADC_Chn_Enable(ADC_Type *adcx, AdcChnEnum_Type chn)
    452          {
   \                     LPLD_ADC_Chn_Enable: (+1)
   \        0x0   0xB430             PUSH     {R4,R5}
   \        0x2   0x0002             MOVS     R2,R0
    453            //判断复用引脚是a或b
    454            uint8 mux = (adcx->CFG2 & ADC_CFG2_MUXSEL_MASK)>>ADC_CFG2_MUXSEL_SHIFT;
   \        0x4   0x68D0             LDR      R0,[R2, #+12]
   \        0x6   0xF3C0 0x1300      UBFX     R3,R0,#+4,#+1
    455              
    456            if(chn > AD30)
   \        0xA   0x0008             MOVS     R0,R1
   \        0xC   0xB2C0             UXTB     R0,R0            ;; ZeroExt  R0,R0,#+24,#+24
   \        0xE   0x281F             CMP      R0,#+31
   \       0x10   0xDB01             BLT.N    ??LPLD_ADC_Chn_Enable_0
    457              return 0;
   \       0x12   0x2000             MOVS     R0,#+0
   \       0x14   0xE0DC             B.N      ??LPLD_ADC_Chn_Enable_1
    458            
    459            //不同的通道对应不同的引脚，因此需要判断并配置
    460            if(adcx == ADC0)
   \                     ??LPLD_ADC_Chn_Enable_0: (+1)
   \       0x16   0x....             LDR.N    R0,??DataTable10_3  ;; 0x4003b000
   \       0x18   0x4282             CMP      R2,R0
   \       0x1A   0xD176             BNE.N    ??LPLD_ADC_Chn_Enable_2
    461            {
    462              switch(chn)
   \       0x1C   0x0008             MOVS     R0,R1
   \       0x1E   0xB2C0             UXTB     R0,R0            ;; ZeroExt  R0,R0,#+24,#+24
   \       0x20   0x2800             CMP      R0,#+0
   \       0x22   0x2803             CMP      R0,#+3
   \       0x24   0xD923             BLS.N    ??LPLD_ADC_Chn_Enable_3
   \       0x26   0x1F00             SUBS     R0,R0,#+4
   \       0x28   0xD022             BEQ.N    ??LPLD_ADC_Chn_Enable_4
   \       0x2A   0x1E40             SUBS     R0,R0,#+1
   \       0x2C   0xD028             BEQ.N    ??LPLD_ADC_Chn_Enable_5
   \       0x2E   0x1E40             SUBS     R0,R0,#+1
   \       0x30   0x2801             CMP      R0,#+1
   \       0x32   0xD92D             BLS.N    ??LPLD_ADC_Chn_Enable_6
   \       0x34   0x1E80             SUBS     R0,R0,#+2
   \       0x36   0x2801             CMP      R0,#+1
   \       0x38   0xD937             BLS.N    ??LPLD_ADC_Chn_Enable_7
   \       0x3A   0x1E80             SUBS     R0,R0,#+2
   \       0x3C   0x2801             CMP      R0,#+1
   \       0x3E   0xD93D             BLS.N    ??LPLD_ADC_Chn_Enable_8
   \       0x40   0x1E80             SUBS     R0,R0,#+2
   \       0x42   0x2801             CMP      R0,#+1
   \       0x44   0xD943             BLS.N    ??LPLD_ADC_Chn_Enable_9
   \       0x46   0x1E80             SUBS     R0,R0,#+2
   \       0x48   0x2801             CMP      R0,#+1
   \       0x4A   0xD949             BLS.N    ??LPLD_ADC_Chn_Enable_10
   \       0x4C   0x1E80             SUBS     R0,R0,#+2
   \       0x4E   0xD050             BEQ.N    ??LPLD_ADC_Chn_Enable_11
   \       0x50   0x1E40             SUBS     R0,R0,#+1
   \       0x52   0x2801             CMP      R0,#+1
   \       0x54   0xD94E             BLS.N    ??LPLD_ADC_Chn_Enable_12
   \       0x56   0x1E80             SUBS     R0,R0,#+2
   \       0x58   0x2801             CMP      R0,#+1
   \       0x5A   0xD953             BLS.N    ??LPLD_ADC_Chn_Enable_13
   \       0x5C   0x1F00             SUBS     R0,R0,#+4
   \       0x5E   0xD051             BEQ.N    ??LPLD_ADC_Chn_Enable_13
   \       0x60   0x1EC0             SUBS     R0,R0,#+3
   \       0x62   0x2801             CMP      R0,#+1
   \       0x64   0xD94E             BLS.N    ??LPLD_ADC_Chn_Enable_13
   \       0x66   0x1EC0             SUBS     R0,R0,#+3
   \       0x68   0x2801             CMP      R0,#+1
   \       0x6A   0xD94B             BLS.N    ??LPLD_ADC_Chn_Enable_13
   \       0x6C   0xE04B             B.N      ??LPLD_ADC_Chn_Enable_14
    463              {
    464                case DAD0:   //ADC0_DP0 -- PGA0_DP
    465                case DAD1:   //ADC0_DP1 -- PGA2_DP
    466                case DAD2:   //PGA0_DP
    467                case DAD3:   //ADC0_DP3 -- PGA1_DP
    468                  break;
   \                     ??LPLD_ADC_Chn_Enable_3: (+1)
   \       0x6E   0xE0AE             B.N      ??LPLD_ADC_Chn_Enable_15
    469                case AD4:   //ADC0_SE4b -- PTC2     
    470                  if(mux == 1)    //b
   \                     ??LPLD_ADC_Chn_Enable_4: (+1)
   \       0x70   0x0018             MOVS     R0,R3
   \       0x72   0xB2C0             UXTB     R0,R0            ;; ZeroExt  R0,R0,#+24,#+24
   \       0x74   0x2801             CMP      R0,#+1
   \       0x76   0xD102             BNE.N    ??LPLD_ADC_Chn_Enable_16
    471                    PORTC->PCR[2] =  PORT_PCR_MUX(0);
   \       0x78   0x2000             MOVS     R0,#+0
   \       0x7A   0x....             LDR.N    R4,??DataTable10_8  ;; 0x4004b008
   \       0x7C   0x6020             STR      R0,[R4, #+0]
    472                  break;
   \                     ??LPLD_ADC_Chn_Enable_16: (+1)
   \       0x7E   0xE0A6             B.N      ??LPLD_ADC_Chn_Enable_15
    473                case AD5:   //ADC0_SE5b -- PTD1     
    474                  if(mux == 1)    //b
   \                     ??LPLD_ADC_Chn_Enable_5: (+1)
   \       0x80   0x0018             MOVS     R0,R3
   \       0x82   0xB2C0             UXTB     R0,R0            ;; ZeroExt  R0,R0,#+24,#+24
   \       0x84   0x2801             CMP      R0,#+1
   \       0x86   0xD102             BNE.N    ??LPLD_ADC_Chn_Enable_17
    475                    PORTD->PCR[1] =  PORT_PCR_MUX(0);
   \       0x88   0x2000             MOVS     R0,#+0
   \       0x8A   0x....             LDR.N    R4,??DataTable10_9  ;; 0x4004c004
   \       0x8C   0x6020             STR      R0,[R4, #+0]
    476                  break;
   \                     ??LPLD_ADC_Chn_Enable_17: (+1)
   \       0x8E   0xE09E             B.N      ??LPLD_ADC_Chn_Enable_15
    477                case AD6:   //ADC0_SE6b -- PTD5
    478                case AD7:   //ADC0_SE7b -- PTD6     
    479                  if(mux == 1)    //b
   \                     ??LPLD_ADC_Chn_Enable_6: (+1)
   \       0x90   0x0018             MOVS     R0,R3
   \       0x92   0xB2C0             UXTB     R0,R0            ;; ZeroExt  R0,R0,#+24,#+24
   \       0x94   0x2801             CMP      R0,#+1
   \       0x96   0xD107             BNE.N    ??LPLD_ADC_Chn_Enable_18
    480                    PORTD->PCR[chn-1] =  PORT_PCR_MUX(0);
   \       0x98   0x2000             MOVS     R0,#+0
   \       0x9A   0x....             LDR.N    R4,??DataTable10_10  ;; 0x4004c000
   \       0x9C   0x000D             MOVS     R5,R1
   \       0x9E   0xB2ED             UXTB     R5,R5            ;; ZeroExt  R5,R5,#+24,#+24
   \       0xA0   0xEB04 0x0485      ADD      R4,R4,R5, LSL #+2
   \       0xA4   0xF844 0x0C04      STR      R0,[R4, #-4]
    481                  break;
   \                     ??LPLD_ADC_Chn_Enable_18: (+1)
   \       0xA8   0xE091             B.N      ??LPLD_ADC_Chn_Enable_15
    482                case AD8:  //ADC0_SE8 -- PTB0
    483                case AD9:  //ADC0_SE9 -- PTB1
    484                  PORTB->PCR[chn-8] =  PORT_PCR_MUX(0);
   \                     ??LPLD_ADC_Chn_Enable_7: (+1)
   \       0xAA   0x2000             MOVS     R0,#+0
   \       0xAC   0x....             LDR.N    R4,??DataTable10_11  ;; 0x4004a000
   \       0xAE   0x000D             MOVS     R5,R1
   \       0xB0   0xB2ED             UXTB     R5,R5            ;; ZeroExt  R5,R5,#+24,#+24
   \       0xB2   0xEB04 0x0485      ADD      R4,R4,R5, LSL #+2
   \       0xB6   0xF844 0x0C20      STR      R0,[R4, #-32]
    485                  break;
   \       0xBA   0xE088             B.N      ??LPLD_ADC_Chn_Enable_15
    486                case AD10:  //ADC0_SE10 -- PTA7
    487                case AD11:  //ADC0_SE11 -- PTA8
    488                  PORTA->PCR[chn-3] =  PORT_PCR_MUX(0);
   \                     ??LPLD_ADC_Chn_Enable_8: (+1)
   \       0xBC   0x2000             MOVS     R0,#+0
   \       0xBE   0x....             LDR.N    R4,??DataTable10_12  ;; 0x40049000
   \       0xC0   0x000D             MOVS     R5,R1
   \       0xC2   0xB2ED             UXTB     R5,R5            ;; ZeroExt  R5,R5,#+24,#+24
   \       0xC4   0xEB04 0x0485      ADD      R4,R4,R5, LSL #+2
   \       0xC8   0xF844 0x0C0C      STR      R0,[R4, #-12]
    489                  break;
   \       0xCC   0xE07F             B.N      ??LPLD_ADC_Chn_Enable_15
    490                case AD12:  //ADC0_SE12 -- PTB2
    491                case AD13:  //ADC0_SE13 -- PTB3
    492                  PORTB->PCR[chn-10] =  PORT_PCR_MUX(0);
   \                     ??LPLD_ADC_Chn_Enable_9: (+1)
   \       0xCE   0x2000             MOVS     R0,#+0
   \       0xD0   0x....             LDR.N    R4,??DataTable10_11  ;; 0x4004a000
   \       0xD2   0x000D             MOVS     R5,R1
   \       0xD4   0xB2ED             UXTB     R5,R5            ;; ZeroExt  R5,R5,#+24,#+24
   \       0xD6   0xEB04 0x0485      ADD      R4,R4,R5, LSL #+2
   \       0xDA   0xF844 0x0C28      STR      R0,[R4, #-40]
    493                  break;
   \       0xDE   0xE076             B.N      ??LPLD_ADC_Chn_Enable_15
    494                case AD14:  //ADC0_SE14 -- PTC0
    495                case AD15:  //ADC0_SE15 -- PTC1
    496                  PORTC->PCR[chn-14] =  PORT_PCR_MUX(0);
   \                     ??LPLD_ADC_Chn_Enable_10: (+1)
   \       0xE0   0x2000             MOVS     R0,#+0
   \       0xE2   0x....             LDR.N    R4,??DataTable10_13  ;; 0x4004b000
   \       0xE4   0x000D             MOVS     R5,R1
   \       0xE6   0xB2ED             UXTB     R5,R5            ;; ZeroExt  R5,R5,#+24,#+24
   \       0xE8   0xEB04 0x0485      ADD      R4,R4,R5, LSL #+2
   \       0xEC   0xF844 0x0C38      STR      R0,[R4, #-56]
    497                  break;
   \       0xF0   0xE06D             B.N      ??LPLD_ADC_Chn_Enable_15
    498                case AD16:   //ADC0_SE16
    499                  break;
   \                     ??LPLD_ADC_Chn_Enable_11: (+1)
   \       0xF2   0xE06C             B.N      ??LPLD_ADC_Chn_Enable_15
    500                case AD17:   //ADC0_SE17 -- PTE24
    501                case AD18:   //ADC0_SE18 -- PTE25
    502                  PORTE->PCR[chn+7] =  PORT_PCR_MUX(0);
   \                     ??LPLD_ADC_Chn_Enable_12: (+1)
   \       0xF4   0x2000             MOVS     R0,#+0
   \       0xF6   0x....             LDR.N    R4,??DataTable10_14  ;; 0x4004d000
   \       0xF8   0x000D             MOVS     R5,R1
   \       0xFA   0xB2ED             UXTB     R5,R5            ;; ZeroExt  R5,R5,#+24,#+24
   \       0xFC   0xEB04 0x0485      ADD      R4,R4,R5, LSL #+2
   \      0x100   0x61E0             STR      R0,[R4, #+28]
    503                  break;
   \      0x102   0xE064             B.N      ??LPLD_ADC_Chn_Enable_15
    504                case AD19:   //ADC0_DM0 -- PGA0_DM
    505                case AD20:   //ADC0_DM1 -- PGA2_DM
    506                case AD23:   //ADC0_SE23 -- DAC0_OUT
    507                case AD26:   //Temperature Sensor (S.E)
    508                case AD27:   //Bandgap (S.E)
    509                case AD29:   //VREFH (S.E)
    510                case AD30:   //VREFL
    511                  break;
   \                     ??LPLD_ADC_Chn_Enable_13: (+1)
   \      0x104   0xE063             B.N      ??LPLD_ADC_Chn_Enable_15
    512                default:
    513                  return 0;  
   \                     ??LPLD_ADC_Chn_Enable_14: (+1)
   \      0x106   0x2000             MOVS     R0,#+0
   \      0x108   0xE062             B.N      ??LPLD_ADC_Chn_Enable_1
    514              }
    515            }
    516            else if(adcx == ADC1)
   \                     ??LPLD_ADC_Chn_Enable_2: (+1)
   \      0x10A   0x....             LDR.N    R0,??DataTable10_5  ;; 0x400bb000
   \      0x10C   0x4282             CMP      R2,R0
   \      0x10E   0xD15C             BNE.N    ??LPLD_ADC_Chn_Enable_19
    517            {
    518              switch(chn)
   \      0x110   0x0008             MOVS     R0,R1
   \      0x112   0xB2C0             UXTB     R0,R0            ;; ZeroExt  R0,R0,#+24,#+24
   \      0x114   0x2800             CMP      R0,#+0
   \      0x116   0x2803             CMP      R0,#+3
   \      0x118   0xD91B             BLS.N    ??LPLD_ADC_Chn_Enable_20
   \      0x11A   0x1F00             SUBS     R0,R0,#+4
   \      0x11C   0x2803             CMP      R0,#+3
   \      0x11E   0xD919             BLS.N    ??LPLD_ADC_Chn_Enable_21
   \      0x120   0x1F00             SUBS     R0,R0,#+4
   \      0x122   0x2801             CMP      R0,#+1
   \      0x124   0xD92B             BLS.N    ??LPLD_ADC_Chn_Enable_22
   \      0x126   0x1E80             SUBS     R0,R0,#+2
   \      0x128   0x2803             CMP      R0,#+3
   \      0x12A   0xD931             BLS.N    ??LPLD_ADC_Chn_Enable_23
   \      0x12C   0x1F00             SUBS     R0,R0,#+4
   \      0x12E   0x2801             CMP      R0,#+1
   \      0x130   0xD937             BLS.N    ??LPLD_ADC_Chn_Enable_24
   \      0x132   0x1E80             SUBS     R0,R0,#+2
   \      0x134   0xD03E             BEQ.N    ??LPLD_ADC_Chn_Enable_25
   \      0x136   0x1E40             SUBS     R0,R0,#+1
   \      0x138   0xD03D             BEQ.N    ??LPLD_ADC_Chn_Enable_26
   \      0x13A   0x1E40             SUBS     R0,R0,#+1
   \      0x13C   0x2802             CMP      R0,#+2
   \      0x13E   0xD941             BLS.N    ??LPLD_ADC_Chn_Enable_27
   \      0x140   0x1F40             SUBS     R0,R0,#+5
   \      0x142   0xD03F             BEQ.N    ??LPLD_ADC_Chn_Enable_27
   \      0x144   0x1EC0             SUBS     R0,R0,#+3
   \      0x146   0x2801             CMP      R0,#+1
   \      0x148   0xD93C             BLS.N    ??LPLD_ADC_Chn_Enable_27
   \      0x14A   0x1EC0             SUBS     R0,R0,#+3
   \      0x14C   0x2801             CMP      R0,#+1
   \      0x14E   0xD939             BLS.N    ??LPLD_ADC_Chn_Enable_27
   \      0x150   0xE039             B.N      ??LPLD_ADC_Chn_Enable_28
    519              {
    520                case DAD0:   //ADC1_DP0 -- PGA1_DP
    521                case DAD1:   //ADC1_DP1 -- PGA3_DP
    522                case DAD2:   //PGA1_DP 
    523                case DAD3:   //ADC1_DP3 -- PGA0_DP
    524                  break;
   \                     ??LPLD_ADC_Chn_Enable_20: (+1)
   \      0x152   0xE03C             B.N      ??LPLD_ADC_Chn_Enable_15
    525                case AD4:   //ADC1_SE4a -- PTE0     //ADC1_SE4b -- PTC8
    526                case AD5:   //ADC1_SE5a -- PTE1     //ADC1_SE5b -- PTC9
    527                case AD6:   //ADC1_SE6a -- PTE2     //ADC1_SE6b -- PTC10
    528                case AD7:   //ADC1_SE7a -- PTE3     //ADC1_SE7b -- PTC11
    529                  if(mux == 0)    //a
   \                     ??LPLD_ADC_Chn_Enable_21: (+1)
   \      0x154   0x0018             MOVS     R0,R3
   \      0x156   0xB2C0             UXTB     R0,R0            ;; ZeroExt  R0,R0,#+24,#+24
   \      0x158   0x2800             CMP      R0,#+0
   \      0x15A   0xD108             BNE.N    ??LPLD_ADC_Chn_Enable_29
    530                    PORTE->PCR[chn-4] =  PORT_PCR_MUX(0);
   \      0x15C   0x2000             MOVS     R0,#+0
   \      0x15E   0x....             LDR.N    R4,??DataTable10_14  ;; 0x4004d000
   \      0x160   0x000D             MOVS     R5,R1
   \      0x162   0xB2ED             UXTB     R5,R5            ;; ZeroExt  R5,R5,#+24,#+24
   \      0x164   0xEB04 0x0485      ADD      R4,R4,R5, LSL #+2
   \      0x168   0xF844 0x0C10      STR      R0,[R4, #-16]
   \      0x16C   0xE006             B.N      ??LPLD_ADC_Chn_Enable_30
    531                  else            //b
    532                    PORTC->PCR[chn+4] =  PORT_PCR_MUX(0);
   \                     ??LPLD_ADC_Chn_Enable_29: (+1)
   \      0x16E   0x2000             MOVS     R0,#+0
   \      0x170   0x....             LDR.N    R4,??DataTable10_13  ;; 0x4004b000
   \      0x172   0x000D             MOVS     R5,R1
   \      0x174   0xB2ED             UXTB     R5,R5            ;; ZeroExt  R5,R5,#+24,#+24
   \      0x176   0xEB04 0x0485      ADD      R4,R4,R5, LSL #+2
   \      0x17A   0x6120             STR      R0,[R4, #+16]
    533                  break;
   \                     ??LPLD_ADC_Chn_Enable_30: (+1)
   \      0x17C   0xE027             B.N      ??LPLD_ADC_Chn_Enable_15
    534                case AD8:  //ADC1_SE8 -- PTB0
    535                case AD9:  //ADC1_SE9 -- PTB1
    536                  PORTB->PCR[chn-8] =  PORT_PCR_MUX(0);
   \                     ??LPLD_ADC_Chn_Enable_22: (+1)
   \      0x17E   0x2000             MOVS     R0,#+0
   \      0x180   0x....             LDR.N    R4,??DataTable10_11  ;; 0x4004a000
   \      0x182   0x000D             MOVS     R5,R1
   \      0x184   0xB2ED             UXTB     R5,R5            ;; ZeroExt  R5,R5,#+24,#+24
   \      0x186   0xEB04 0x0485      ADD      R4,R4,R5, LSL #+2
   \      0x18A   0xF844 0x0C20      STR      R0,[R4, #-32]
    537                  break;
   \      0x18E   0xE01E             B.N      ??LPLD_ADC_Chn_Enable_15
    538                case AD10:  //ADC1_SE10 -- PTB4
    539                case AD11:  //ADC1_SE11 -- PTB5
    540                case AD12:  //ADC1_SE12 -- PTB6
    541                case AD13:  //ADC1_SE13 -- PTB7
    542                  PORTB->PCR[chn-6] =  PORT_PCR_MUX(0);
   \                     ??LPLD_ADC_Chn_Enable_23: (+1)
   \      0x190   0x2000             MOVS     R0,#+0
   \      0x192   0x....             LDR.N    R4,??DataTable10_11  ;; 0x4004a000
   \      0x194   0x000D             MOVS     R5,R1
   \      0x196   0xB2ED             UXTB     R5,R5            ;; ZeroExt  R5,R5,#+24,#+24
   \      0x198   0xEB04 0x0485      ADD      R4,R4,R5, LSL #+2
   \      0x19C   0xF844 0x0C18      STR      R0,[R4, #-24]
    543                  break;
   \      0x1A0   0xE015             B.N      ??LPLD_ADC_Chn_Enable_15
    544                case AD14:  //ADC1_SE14 -- PTB10
    545                case AD15:  //ADC1_SE15 -- PTB11
    546                  PORTB->PCR[chn-4] =  PORT_PCR_MUX(0);
   \                     ??LPLD_ADC_Chn_Enable_24: (+1)
   \      0x1A2   0x2000             MOVS     R0,#+0
   \      0x1A4   0x....             LDR.N    R4,??DataTable10_11  ;; 0x4004a000
   \      0x1A6   0x000D             MOVS     R5,R1
   \      0x1A8   0xB2ED             UXTB     R5,R5            ;; ZeroExt  R5,R5,#+24,#+24
   \      0x1AA   0xEB04 0x0485      ADD      R4,R4,R5, LSL #+2
   \      0x1AE   0xF844 0x0C10      STR      R0,[R4, #-16]
    547                  break;
   \      0x1B2   0xE00C             B.N      ??LPLD_ADC_Chn_Enable_15
    548                case AD16:   //ADC1_SE16
    549                  break;
   \                     ??LPLD_ADC_Chn_Enable_25: (+1)
   \      0x1B4   0xE00B             B.N      ??LPLD_ADC_Chn_Enable_15
    550                case AD17:  //ADC1_SE17 -- PTA17
    551                  PORTA->PCR[chn] =  PORT_PCR_MUX(0);
   \                     ??LPLD_ADC_Chn_Enable_26: (+1)
   \      0x1B6   0x2000             MOVS     R0,#+0
   \      0x1B8   0x....             LDR.N    R4,??DataTable10_12  ;; 0x40049000
   \      0x1BA   0x000D             MOVS     R5,R1
   \      0x1BC   0xB2ED             UXTB     R5,R5            ;; ZeroExt  R5,R5,#+24,#+24
   \      0x1BE   0xF844 0x0025      STR      R0,[R4, R5, LSL #+2]
    552                  break;
   \      0x1C2   0xE004             B.N      ??LPLD_ADC_Chn_Enable_15
    553                case AD18:   //VREF Output
    554                case AD19:   //ADC1_DM0 -- PGA1_DM
    555                case AD20:   //ADC1_DM1 -- PGA3_DM
    556                case AD23:   //DAC1_OUT 
    557                case AD26:   //Temperature Sensor (S.E)
    558                case AD27:   //Bandgap (S.E)
    559                case AD29:   //VREFH (S.E)
    560                case AD30:   //VREFL
    561                  break;
   \                     ??LPLD_ADC_Chn_Enable_27: (+1)
   \      0x1C4   0xE003             B.N      ??LPLD_ADC_Chn_Enable_15
    562                default:
    563                  return 0;  
   \                     ??LPLD_ADC_Chn_Enable_28: (+1)
   \      0x1C6   0x2000             MOVS     R0,#+0
   \      0x1C8   0xE002             B.N      ??LPLD_ADC_Chn_Enable_1
    564              }
    565            }
    566            else
    567            {
    568              return 0;
   \                     ??LPLD_ADC_Chn_Enable_19: (+1)
   \      0x1CA   0x2000             MOVS     R0,#+0
   \      0x1CC   0xE000             B.N      ??LPLD_ADC_Chn_Enable_1
    569            }
    570            
    571            return 1;
   \                     ??LPLD_ADC_Chn_Enable_15: (+1)
   \      0x1CE   0x2001             MOVS     R0,#+1
   \                     ??LPLD_ADC_Chn_Enable_1: (+1)
   \      0x1D0   0xBC30             POP      {R4,R5}
   \      0x1D2   0x4770             BX       LR               ;; return
    572          }
    573          
    574          /*
    575           * ADC_Cal
    576           * ADC模块校准函数，内部调用
    577           * 
    578           * 参数:
    579           *    adcx--ADC模块号
    580           *      |__ADC0         -ADC0模块
    581           *      |__ADC1         -ADC1模块
    582           * 输出:
    583           *    0--配置错误
    584           *    1--配置成功
    585           */

   \                                 In section .text, align 2, keep-with-next
    586          static uint8 LPLD_ADC_Cal(ADC_Type *adcx)
    587          {
   \                     LPLD_ADC_Cal: (+1)
   \        0x0   0xB430             PUSH     {R4,R5}
   \        0x2   0x0001             MOVS     R1,R0
    588            uint16 cal_var;
    589              
    590            //为自动校准配置参数
    591            //为提高校准精度，需配置为：
    592            //32次硬件平均、ADCK不超过4MHz
    593            //参考高=Vdda、正常功耗模式
    594            //可忽略的配置：
    595            //输入通道、转换模式连续功能、比较功能、精度、差分单端
    596            //设置ADCCFG1寄存器
    597            adcx->CFG1  = 0 &(~ADC_CFG1_ADLPC_MASK)          // 正常功耗配置
    598                            | ADC_CFG1_ADIV(ADIV_8)          // ADC输入时钟分频为8
    599                            | ADC_CFG1_ADLSMP_MASK           // 设置长时间采样模式
    600                            | ADC_CFG1_ADICLK(ADICLK_BUS_2); // ADC输入时钟源为 BusClk/2
   \        0x4   0x2071             MOVS     R0,#+113
   \        0x6   0x6088             STR      R0,[R1, #+8]
    601          
    602            //设置ADCCFG2寄存器
    603            adcx->CFG2 = 0 & (~ADC_CFG2_ADACKEN_MASK)
    604                           | ADC_CFG2_ADHSC_MASK         // 高速转换
    605                           | ADC_CFG2_ADLSTS(LSAMTIME_20EX); // 长采样时间时钟周期选择 额外20个时钟周期，共24个ADCK周期
   \        0x8   0x2004             MOVS     R0,#+4
   \        0xA   0x60C8             STR      R0,[R1, #+12]
    606                                                         // 总采样周期见K60技术文档 page:840
    607            //用于设定阈值
    608            adcx->CV1  = 0x1234u ; 
   \        0xC   0xF241 0x2034      MOVW     R0,#+4660
   \       0x10   0x6188             STR      R0,[R1, #+24]
    609            adcx->CV2  = 0x5678u ;
   \       0x12   0xF245 0x6078      MOVW     R0,#+22136
   \       0x16   0x61C8             STR      R0,[R1, #+28]
    610            
    611            adcx->SC2 = 0 & (~ADC_SC2_ADTRG_MASK)        //使能软件触发作为校准
    612                          | ADC_SC2_REFSEL(REFSEL_EXT);  //选择外部参考源VREFH和VREFL
   \       0x18   0x2000             MOVS     R0,#+0
   \       0x1A   0x6208             STR      R0,[R1, #+32]
    613              
    614            adcx->SC3 &= ( ~ADC_SC3_ADCO_MASK & ~ADC_SC3_AVGS_MASK );  //设置单次转换，清除平均标志
   \       0x1C   0x6A48             LDR      R0,[R1, #+36]
   \       0x1E   0xF030 0x000B      BICS     R0,R0,#0xB
   \       0x22   0x6248             STR      R0,[R1, #+36]
    615            adcx->SC3 |= ( ADC_SC3_AVGE_MASK | ADC_SC3_AVGS(HW_32AVG) );//打开平均标志，设置到最大采样平准
   \       0x24   0x6A48             LDR      R0,[R1, #+36]
   \       0x26   0xF050 0x0007      ORRS     R0,R0,#0x7
   \       0x2A   0x6248             STR      R0,[R1, #+36]
    616            
    617            adcx->SC3 |= ADC_SC3_CAL_MASK ;                            //开始校准
   \       0x2C   0x6A48             LDR      R0,[R1, #+36]
   \       0x2E   0xF050 0x0080      ORRS     R0,R0,#0x80
   \       0x32   0x6248             STR      R0,[R1, #+36]
    618            
    619            while((adcx->SC1[0] & ADC_SC1_COCO_MASK)== 0x00 );         //等待校准完成
   \                     ??LPLD_ADC_Cal_0: (+1)
   \       0x34   0x6808             LDR      R0,[R1, #+0]
   \       0x36   0x0600             LSLS     R0,R0,#+24
   \       0x38   0xD5FC             BPL.N    ??LPLD_ADC_Cal_0
    620            	
    621            if ((adcx->SC3& ADC_SC3_CALF_MASK) == ADC_SC3_CALF_MASK )
   \       0x3A   0x6A48             LDR      R0,[R1, #+36]
   \       0x3C   0x0640             LSLS     R0,R0,#+25
   \       0x3E   0xD501             BPL.N    ??LPLD_ADC_Cal_1
    622            {  
    623             return 0;    //检查到校准错误，返回错误
   \       0x40   0x2000             MOVS     R0,#+0
   \       0x42   0xE02E             B.N      ??LPLD_ADC_Cal_2
    624            }
    625            // Calculate plus-side calibration
    626            cal_var  = 0x00;
   \                     ??LPLD_ADC_Cal_1: (+1)
   \       0x44   0x2200             MOVS     R2,#+0
    627            cal_var  = adcx->CLP0;       
   \       0x46   0x6CCB             LDR      R3,[R1, #+76]
    628            cal_var += adcx->CLP1;      
   \       0x48   0x6C88             LDR      R0,[R1, #+72]
   \       0x4A   0x18C3             ADDS     R3,R0,R3
    629            cal_var += adcx->CLP2;      
   \       0x4C   0x6C48             LDR      R0,[R1, #+68]
   \       0x4E   0x18C3             ADDS     R3,R0,R3
    630            cal_var += adcx->CLP3;      
   \       0x50   0x6C08             LDR      R0,[R1, #+64]
   \       0x52   0x18C3             ADDS     R3,R0,R3
    631            cal_var += adcx->CLP4;      
   \       0x54   0x6BC8             LDR      R0,[R1, #+60]
   \       0x56   0x18C3             ADDS     R3,R0,R3
    632            cal_var += adcx->CLPS;      
   \       0x58   0x6B88             LDR      R0,[R1, #+56]
   \       0x5A   0x18C3             ADDS     R3,R0,R3
    633            cal_var  = cal_var/2;
   \       0x5C   0xB29B             UXTH     R3,R3            ;; ZeroExt  R3,R3,#+16,#+16
   \       0x5E   0x2002             MOVS     R0,#+2
   \       0x60   0xFB93 0xF3F0      SDIV     R3,R3,R0
    634            cal_var |= 0x8000; // Set MSB
   \       0x64   0xF453 0x4300      ORRS     R3,R3,#0x8000
    635            
    636            adcx->PG = ADC_PG_PG(cal_var);
   \       0x68   0x0018             MOVS     R0,R3
   \       0x6A   0xB280             UXTH     R0,R0            ;; ZeroExt  R0,R0,#+16,#+16
   \       0x6C   0x62C8             STR      R0,[R1, #+44]
    637          
    638            // Calculate minus-side calibration
    639            cal_var = 0x00;
   \       0x6E   0x2400             MOVS     R4,#+0
    640            cal_var =  adcx->CLM0; 
   \       0x70   0x6ECD             LDR      R5,[R1, #+108]
    641            cal_var += adcx->CLM1;
   \       0x72   0x6E88             LDR      R0,[R1, #+104]
   \       0x74   0x1945             ADDS     R5,R0,R5
    642            cal_var += adcx->CLM2;
   \       0x76   0x6E48             LDR      R0,[R1, #+100]
   \       0x78   0x1945             ADDS     R5,R0,R5
    643            cal_var += adcx->CLM3;
   \       0x7A   0x6E08             LDR      R0,[R1, #+96]
   \       0x7C   0x1945             ADDS     R5,R0,R5
    644            cal_var += adcx->CLM4;
   \       0x7E   0x6DC8             LDR      R0,[R1, #+92]
   \       0x80   0x1945             ADDS     R5,R0,R5
    645            cal_var += adcx->CLMS;
   \       0x82   0x6D88             LDR      R0,[R1, #+88]
   \       0x84   0x1945             ADDS     R5,R0,R5
    646            cal_var = cal_var/2;
   \       0x86   0xB2AD             UXTH     R5,R5            ;; ZeroExt  R5,R5,#+16,#+16
   \       0x88   0x2002             MOVS     R0,#+2
   \       0x8A   0xFB95 0xF5F0      SDIV     R5,R5,R0
    647            cal_var |= 0x8000; // Set MSB
   \       0x8E   0xF455 0x4500      ORRS     R5,R5,#0x8000
    648          
    649            adcx->MG   = ADC_MG_MG(cal_var); 
   \       0x92   0x0028             MOVS     R0,R5
   \       0x94   0xB280             UXTH     R0,R0            ;; ZeroExt  R0,R0,#+16,#+16
   \       0x96   0x6308             STR      R0,[R1, #+48]
    650            adcx->SC3 &= ~ADC_SC3_CAL_MASK ; //清除校验标志
   \       0x98   0x6A48             LDR      R0,[R1, #+36]
   \       0x9A   0xF030 0x0080      BICS     R0,R0,#0x80
   \       0x9E   0x6248             STR      R0,[R1, #+36]
    651            
    652            return 1;
   \       0xA0   0x2001             MOVS     R0,#+1
   \                     ??LPLD_ADC_Cal_2: (+1)
   \       0xA2   0xBC30             POP      {R4,R5}
   \       0xA4   0x4770             BX       LR               ;; return
    653          }
    654          
    655          /*
    656           * ADC0--ADC1中断处理函数
    657           * 与启动文件startup_K60.s中的中断向量表关联
    658           * 用户无需修改，程序自动进入对应通道中断函数
    659           */
    660          

   \                                 In section .text, align 2, keep-with-next
    661          void ADC0_IRQHandler(void)
    662          {
   \                     ADC0_IRQHandler: (+1)
   \        0x0   0xB580             PUSH     {R7,LR}
    663          #if (UCOS_II > 0u)
    664            OS_CPU_SR  cpu_sr = 0u;
    665            OS_ENTER_CRITICAL(); //告知系统此时已经进入了中断服务子函数
    666            OSIntEnter();
    667            OS_EXIT_CRITICAL();
    668          #endif
    669            
    670            //调用用户自定义中断服务
    671            ADC_ISR[0]();  
   \        0x2   0x....             LDR.N    R0,??DataTable10_7
   \        0x4   0x6800             LDR      R0,[R0, #+0]
   \        0x6   0x4780             BLX      R0
    672            
    673          #if (UCOS_II > 0u)
    674            OSIntExit();          //告知系统此时即将离开中断服务子函数
    675          #endif
    676          }
   \        0x8   0xBD01             POP      {R0,PC}          ;; return

   \                                 In section .text, align 2, keep-with-next
    677          void ADC1_IRQHandler(void)
    678          {
   \                     ADC1_IRQHandler: (+1)
   \        0x0   0xB580             PUSH     {R7,LR}
    679          #if (UCOS_II > 0u)
    680            OS_CPU_SR  cpu_sr = 0u;
    681            OS_ENTER_CRITICAL(); //告知系统此时已经进入了中断服务子函数
    682            OSIntEnter();
    683            OS_EXIT_CRITICAL();
    684          #endif
    685            
    686            //调用用户自定义中断服务
    687            ADC_ISR[1]();  
   \        0x2   0x....             LDR.N    R0,??DataTable10_7
   \        0x4   0x6840             LDR      R0,[R0, #+4]
   \        0x6   0x4780             BLX      R0
    688            
    689          #if (UCOS_II > 0u)
    690            OSIntExit();          //告知系统此时即将离开中断服务子函数
    691          #endif
    692          }
   \        0x8   0xBD01             POP      {R0,PC}          ;; return

   \                                 In section .text, align 4, keep-with-next
   \                     ??DataTable10:
   \        0x0   0xE000'E100        DC32     0xe000e100

   \                                 In section .text, align 4, keep-with-next
   \                     ??DataTable10_1:
   \        0x0   0xE000'E180        DC32     0xe000e180

   \                                 In section .text, align 4, keep-with-next
   \                     ??DataTable10_2:
   \        0x0   0x....'....        DC32     ?_0

   \                                 In section .text, align 4, keep-with-next
   \                     ??DataTable10_3:
   \        0x0   0x4003'B000        DC32     0x4003b000

   \                                 In section .text, align 4, keep-with-next
   \                     ??DataTable10_4:
   \        0x0   0x4004'803C        DC32     0x4004803c

   \                                 In section .text, align 4, keep-with-next
   \                     ??DataTable10_5:
   \        0x0   0x400B'B000        DC32     0x400bb000

   \                                 In section .text, align 4, keep-with-next
   \                     ??DataTable10_6:
   \        0x0   0x4004'8030        DC32     0x40048030

   \                                 In section .text, align 4, keep-with-next
   \                     ??DataTable10_7:
   \        0x0   0x....'....        DC32     ADC_ISR

   \                                 In section .text, align 4, keep-with-next
   \                     ??DataTable10_8:
   \        0x0   0x4004'B008        DC32     0x4004b008

   \                                 In section .text, align 4, keep-with-next
   \                     ??DataTable10_9:
   \        0x0   0x4004'C004        DC32     0x4004c004

   \                                 In section .text, align 4, keep-with-next
   \                     ??DataTable10_10:
   \        0x0   0x4004'C000        DC32     0x4004c000

   \                                 In section .text, align 4, keep-with-next
   \                     ??DataTable10_11:
   \        0x0   0x4004'A000        DC32     0x4004a000

   \                                 In section .text, align 4, keep-with-next
   \                     ??DataTable10_12:
   \        0x0   0x4004'9000        DC32     0x40049000

   \                                 In section .text, align 4, keep-with-next
   \                     ??DataTable10_13:
   \        0x0   0x4004'B000        DC32     0x4004b000

   \                                 In section .text, align 4, keep-with-next
   \                     ??DataTable10_14:
   \        0x0   0x4004'D000        DC32     0x4004d000

   \                                 In section .rodata, align 4
   \                     ?_0:
   \        0x0   0x47 0x3A          DC8 "G:\\AIcar\\\344\277\241\346\240\207\\xiugai\\lib\\LPLD\\HW\\HW_ADC.c"
   \              0x5C 0x41    
   \              0x49 0x63    
   \              0x61 0x72    
   \              0x5C 0xE4    
   \              0xBF 0xA1    
   \              0xE6 0xA0    
   \              0x87 0x5C    
   \              0x78 0x69    
   \              0x75 0x67    
   \              0x61 0x69    
   \              0x5C 0x6C    
   \              0x69 0x62    
   \              0x5C 0x4C    
   \              0x50 0x4C    
   \              0x44 0x5C    
   \              0x48 0x57    
   \              0x5C 0x48    
   \              0x57 0x5F    
   \              0x41 0x44    
   \              0x43 0x2E    
   \              0x63 0x00    

   Maximum stack usage in bytes:

   .cstack Function
   ------- --------
       8   ADC0_IRQHandler
         8   -- Indirect call
       8   ADC1_IRQHandler
         8   -- Indirect call
       8   LPLD_ADC_Cal
       8   LPLD_ADC_Chn_Enable
      16   LPLD_ADC_Deinit
      32   LPLD_ADC_DisableIrq
        32   -> __NVIC_DisableIRQ
      24   LPLD_ADC_EnableConversion
        24   -> assert_failed
      32   LPLD_ADC_EnableIrq
        32   -> __NVIC_EnableIRQ
       0   LPLD_ADC_Get
      16   LPLD_ADC_GetResult
        16   -> assert_failed
       0   LPLD_ADC_GetSC1nCOCO
      56   LPLD_ADC_Init
        56   -> LPLD_ADC_Cal
        56   -> assert_failed
       0   __NVIC_DisableIRQ
       0   __NVIC_EnableIRQ


   Section sizes:

   Bytes  Function/Label
   -----  --------------
       4  ??DataTable10
       4  ??DataTable10_1
       4  ??DataTable10_10
       4  ??DataTable10_11
       4  ??DataTable10_12
       4  ??DataTable10_13
       4  ??DataTable10_14
       4  ??DataTable10_2
       4  ??DataTable10_3
       4  ??DataTable10_4
       4  ??DataTable10_5
       4  ??DataTable10_6
       4  ??DataTable10_7
       4  ??DataTable10_8
       4  ??DataTable10_9
      44  ?_0
      10  ADC0_IRQHandler
      10  ADC1_IRQHandler
       8  ADC_ISR
     166  LPLD_ADC_Cal
     468  LPLD_ADC_Chn_Enable
      76  LPLD_ADC_Deinit
      48  LPLD_ADC_DisableIrq
     126  LPLD_ADC_EnableConversion
      52  LPLD_ADC_EnableIrq
      42  LPLD_ADC_Get
      38  LPLD_ADC_GetResult
      26  LPLD_ADC_GetSC1nCOCO
     426  LPLD_ADC_Init
      40  __NVIC_DisableIRQ
      32  __NVIC_EnableIRQ

 
     8 bytes in section .bss
    44 bytes in section .rodata
 1 620 bytes in section .text
 
 1 620 bytes of CODE  memory
    44 bytes of CONST memory
     8 bytes of DATA  memory

Errors: none
Warnings: 1
