###############################################################################
#
# IAR ANSI C/C++ Compiler V8.32.1.169/W32 for ARM         08/Jul/2019  00:41:01
# Copyright 1999-2018 IAR Systems AB.
#
#    Cpu mode     =  
#    Endian       =  little
#    Source file  =  G:\AIcar\@@\xiugai\lib\common\Picture_deal.c
#    Command line =  
#        -f C:\Users\admin\AppData\Local\Temp\EW7677.tmp
#        (G:\AIcar\@@\xiugai\lib\common\Picture_deal.c -D LPLD_K60 -lCN
#        "G:\AIcar\@@\xiugai\project\28-(SDHC)LPLD_SdCard\iar\FLASH\List"
#        -lB
#        "G:\AIcar\@@\xiugai\project\28-(SDHC)LPLD_SdCard\iar\FLASH\List"
#        -o "G:\AIcar\@@\xiugai\project\28-(SDHC)LPLD_SdCard\iar\FLASH\Obj"
#        --no_cse --no_unroll --no_inline --no_code_motion --no_tbaa
#        --no_clustering --no_scheduling --debug --endian=little
#        --cpu=Cortex-M4 -e --fpu=None --dlib_config
#        G:\AIcar\arm\inc\c\DLib_Config_Normal.h -I
#        "G:\AIcar\@@\xiugai\project\28-(SDHC)LPLD_SdCard\iar\..\app\" -I
#        "G:\AIcar\@@\xiugai\project\28-(SDHC)LPLD_SdCard\iar\..\..\..\lib\CPU\"
#        -I
#        "G:\AIcar\@@\xiugai\project\28-(SDHC)LPLD_SdCard\iar\..\..\..\lib\common\"
#        -I
#        "G:\AIcar\@@\xiugai\project\28-(SDHC)LPLD_SdCard\iar\..\..\..\lib\LPLD\"
#        -I
#        "G:\AIcar\@@\xiugai\project\28-(SDHC)LPLD_SdCard\iar\..\..\..\lib\LPLD\HW\"
#        -I
#        "G:\AIcar\@@\xiugai\project\28-(SDHC)LPLD_SdCard\iar\..\..\..\lib\LPLD\DEV\"
#        -I
#        "G:\AIcar\@@\xiugai\project\28-(SDHC)LPLD_SdCard\iar\..\..\..\lib\uCOS-II\Ports\"
#        -I
#        "G:\AIcar\@@\xiugai\project\28-(SDHC)LPLD_SdCard\iar\..\..\..\lib\uCOS-II\Source\"
#        -I
#        "G:\AIcar\@@\xiugai\project\28-(SDHC)LPLD_SdCard\iar\..\..\..\lib\FatFs\"
#        -I
#        "G:\AIcar\@@\xiugai\project\28-(SDHC)LPLD_SdCard\iar\..\..\..\lib\FatFs\option\"
#        -I
#        "G:\AIcar\@@\xiugai\project\28-(SDHC)LPLD_SdCard\iar\..\..\..\lib\USB\common\"
#        -I
#        "G:\AIcar\@@\xiugai\project\28-(SDHC)LPLD_SdCard\iar\..\..\..\lib\USB\driver\"
#        -I
#        "G:\AIcar\@@\xiugai\project\28-(SDHC)LPLD_SdCard\iar\..\..\..\lib\USB\descriptor\"
#        -I
#        "G:\AIcar\@@\xiugai\project\28-(SDHC)LPLD_SdCard\iar\..\..\..\lib\USB\class\"
#        -I
#        "G:\AIcar\@@\xiugai\project\28-(SDHC)LPLD_SdCard\iar\..\..\..\lib\Jay\"
#        -On -I G:\AIcar\arm\CMSIS\Core\Include\ -I
#        G:\AIcar\arm\CMSIS\DSP\Include\ -D ARM_MATH_CM4)
#    Locale       =  C
#    List file    =  
#        G:\AIcar\@@\xiugai\project\28-(SDHC)LPLD_SdCard\iar\FLASH\List\Picture_deal.lst
#    Object file  =  
#        G:\AIcar\@@\xiugai\project\28-(SDHC)LPLD_SdCard\iar\FLASH\Obj\Picture_deal.o
#
###############################################################################

G:\AIcar\@@\xiugai\lib\common\Picture_deal.c
      1          #include "Picture_deal.h"
      2          #include <stdbool.h>  //bool headfile
      3          //#include <stdlib.h>
      4          #include "include.h"
      5          
      6          

   \                                 In section .bss, align 1
      7          u8 findflag;
   \                     findflag:
   \        0x0                      DS8 1
      8          
      9          

   \                                 In section .bss, align 4
     10          s16 X1[COL]= {0};
   \                     X1:
   \        0x0                      DS8 160

   \                                 In section .bss, align 4
     11          s16 Y1[COL]= {0};
   \                     Y1:
   \        0x0                      DS8 160

   \                                 In section .bss, align 4
     12          int total_count;
   \                     total_count:
   \        0x0                      DS8 4
     13          

   \                                 In section .bss, align 4
     14          s16 Data[3][3]={0};
   \                     `Data`:
   \        0x0                      DS8 20
     15          
     16          /*信标灯坐标滤波*/

   \                                 In section .text, align 2, keep-with-next
     17          s16 Coordinate_Filter(s16 Channal,s16 Data_In)
     18          {
   \                     Coordinate_Filter: (+1)
   \        0x0   0xB570             PUSH     {R4-R6,LR}
   \        0x2   0x0004             MOVS     R4,R0
   \        0x4   0x000D             MOVS     R5,R1
     19          
     20          	s16 Temp=0;
   \        0x6   0x2600             MOVS     R6,#+0
     21          	Data[Channal][0]=Data[Channal][1];
   \        0x8   0x2006             MOVS     R0,#+6
   \        0xA   0x....'....        LDR.W    R3,??DataTable2
   \        0xE   0xFB14 0xF100      SMULBB   R1,R4,R0
   \       0x12   0x4419             ADD      R1,R3,R1
   \       0x14   0x8849             LDRH     R1,[R1, #+2]
   \       0x16   0xFB14 0xF200      SMULBB   R2,R4,R0
   \       0x1A   0x5299             STRH     R1,[R3, R2]
     22          	Data[Channal][1]=Data[Channal][2];
   \       0x1C   0xFB14 0xF100      SMULBB   R1,R4,R0
   \       0x20   0x4419             ADD      R1,R3,R1
   \       0x22   0xFB14 0xF200      SMULBB   R2,R4,R0
   \       0x26   0x441A             ADD      R2,R3,R2
   \       0x28   0x8892             LDRH     R2,[R2, #+4]
   \       0x2A   0x804A             STRH     R2,[R1, #+2]
     23          	Data[Channal][2]=Data_In;
   \       0x2C   0xFB14 0xF100      SMULBB   R1,R4,R0
   \       0x30   0x4419             ADD      R1,R3,R1
   \       0x32   0x808D             STRH     R5,[R1, #+4]
     24          	Temp=PaiXu(Data[Channal][0],Data[Channal][1],Data[Channal][2]);
   \       0x34   0xFB14 0xF100      SMULBB   R1,R4,R0
   \       0x38   0x4419             ADD      R1,R3,R1
   \       0x3A   0xF9B1 0x2004      LDRSH    R2,[R1, #+4]
   \       0x3E   0xFB14 0xF100      SMULBB   R1,R4,R0
   \       0x42   0x4419             ADD      R1,R3,R1
   \       0x44   0xF9B1 0x1002      LDRSH    R1,[R1, #+2]
   \       0x48   0xFB14 0xF000      SMULBB   R0,R4,R0
   \       0x4C   0x5E18             LDRSH    R0,[R3, R0]
   \       0x4E   0x....'....        BL       PaiXu
     25          
     26          	return Temp;
   \       0x52   0xB200             SXTH     R0,R0            ;; SignExt  R0,R0,#+16,#+16
   \       0x54   0xBD70             POP      {R4-R6,PC}       ;; return
     27          }
     28          
     29          /*找信标灯函数*/

   \                                 In section .text, align 2, keep-with-next
     30          void Scan_Point(void)
     31          {	   
   \                     Scan_Point: (+1)
   \        0x0   0xE92D 0x4FF8      PUSH     {R3-R11,LR}
     32            u8 i = 0, j = 0;
   \        0x4   0x2000             MOVS     R0,#+0
   \        0x6   0x2400             MOVS     R4,#+0
     33            u8 X=0,Y=0;
   \        0x8   0x2500             MOVS     R5,#+0
   \        0xA   0x2600             MOVS     R6,#+0
     34            uint8 pot_1=0;
   \        0xC   0xF05F 0x0A00      MOVS     R10,#+0
     35            uint8 pot_2=0;
   \       0x10   0xF05F 0x0B00      MOVS     R11,#+0
     36            u16 count_x = 0;
   \       0x14   0xF05F 0x0900      MOVS     R9,#+0
     37            u8 first = 1;
   \       0x18   0x2101             MOVS     R1,#+1
   \       0x1A   0xF88D 0x1002      STRB     R1,[SP, #+2]
     38            u8 flag = 0;
   \       0x1E   0x2100             MOVS     R1,#+0
   \       0x20   0xF88D 0x1001      STRB     R1,[SP, #+1]
     39            u8 total_flag = 0;
   \       0x24   0x2100             MOVS     R1,#+0
   \       0x26   0xF88D 0x1000      STRB     R1,[SP, #+0]
     40            int total = 0;
   \       0x2A   0x2700             MOVS     R7,#+0
     41            static bool delay_flag1=0;
     42            for(u8 z =0;z<COL;z++)  //80
   \       0x2C   0x2100             MOVS     R1,#+0
   \                     ??Scan_Point_0: (+1)
   \       0x2E   0x000A             MOVS     R2,R1
   \       0x30   0xB2D2             UXTB     R2,R2            ;; ZeroExt  R2,R2,#+24,#+24
   \       0x32   0x2A50             CMP      R2,#+80
   \       0x34   0xDA11             BGE.N    ??Scan_Point_1
     43            {
     44               X1[z]=0;
   \       0x36   0x2200             MOVS     R2,#+0
   \       0x38   0x....'....        LDR.W    R3,??DataTable2_1
   \       0x3C   0x468C             MOV      R12,R1
   \       0x3E   0xFA5F 0xFC8C      UXTB     R12,R12          ;; ZeroExt  R12,R12,#+24,#+24
   \       0x42   0xF823 0x201C      STRH     R2,[R3, R12, LSL #+1]
     45               Y1[z]=0;
   \       0x46   0x2200             MOVS     R2,#+0
   \       0x48   0x....'....        LDR.W    R3,??DataTable2_2
   \       0x4C   0x468C             MOV      R12,R1
   \       0x4E   0xFA5F 0xFC8C      UXTB     R12,R12          ;; ZeroExt  R12,R12,#+24,#+24
   \       0x52   0xF823 0x201C      STRH     R2,[R3, R12, LSL #+1]
     46             }
   \       0x56   0x1C49             ADDS     R1,R1,#+1
   \       0x58   0xE7E9             B.N      ??Scan_Point_0
     47            for( i =0; i<ROW;i++)
   \                     ??Scan_Point_1: (+1)
   \       0x5A   0xF05F 0x0800      MOVS     R8,#+0
   \                     ??Scan_Point_2: (+1)
   \       0x5E   0x4640             MOV      R0,R8
   \       0x60   0xB2C0             UXTB     R0,R0            ;; ZeroExt  R0,R0,#+24,#+24
   \       0x62   0x283C             CMP      R0,#+60
   \       0x64   0xF280 0x80A4      BGE.W    ??Scan_Point_3
     48            {				
     49               for(j =0; j <COL;j++)
   \       0x68   0x2000             MOVS     R0,#+0
   \       0x6A   0x0004             MOVS     R4,R0
   \                     ??Scan_Point_4: (+1)
   \       0x6C   0x0020             MOVS     R0,R4
   \       0x6E   0xB2C0             UXTB     R0,R0            ;; ZeroExt  R0,R0,#+24,#+24
   \       0x70   0x2850             CMP      R0,#+80
   \       0x72   0xF280 0x8095      BGE.W    ??Scan_Point_5
     50               {
     51          	    if(imgbuff[i][j] == 255)                //软件二值化，得到白点
   \       0x76   0x....'....        LDR.W    R1,??DataTable2_3
   \       0x7A   0x4642             MOV      R2,R8
   \       0x7C   0xB2D2             UXTB     R2,R2            ;; ZeroExt  R2,R2,#+24,#+24
   \       0x7E   0x2050             MOVS     R0,#+80
   \       0x80   0x4342             MULS     R2,R0,R2
   \       0x82   0xEB01 0x0002      ADD      R0,R1,R2
   \       0x86   0x0021             MOVS     R1,R4
   \       0x88   0xB2C9             UXTB     R1,R1            ;; ZeroExt  R1,R1,#+24,#+24
   \       0x8A   0x5C40             LDRB     R0,[R0, R1]
   \       0x8C   0x28FF             CMP      R0,#+255
   \       0x8E   0xD101             BNE.N    ??Scan_Point_6
     52          	    {  
     53                    count_x++;                          //白点列统计
   \       0x90   0xF119 0x0901      ADDS     R9,R9,#+1
     54          	    }
     55          //	    else   //黑点
     56          //	    {
     57                     if(count_x>=2)  //该黑点前有连续两个或两个以上的白点
   \                     ??Scan_Point_6: (+1)
   \       0x94   0x4648             MOV      R0,R9
   \       0x96   0xB280             UXTH     R0,R0            ;; ZeroExt  R0,R0,#+16,#+16
   \       0x98   0x2802             CMP      R0,#+2
   \       0x9A   0xDB7D             BLT.N    ??Scan_Point_7
     58                     {
     59          	          X = j-count_x/2;   //一块白色区域的中点位置
   \       0x9C   0x4648             MOV      R0,R9
   \       0x9E   0xB280             UXTH     R0,R0            ;; ZeroExt  R0,R0,#+16,#+16
   \       0xA0   0x2102             MOVS     R1,#+2
   \       0xA2   0xFB90 0xF0F1      SDIV     R0,R0,R1
   \       0xA6   0x1A20             SUBS     R0,R4,R0
   \       0xA8   0x0005             MOVS     R5,R0
     60          	          Y = i;
   \       0xAA   0x4646             MOV      R6,R8
     61          	         if(first==1)  //第一次找到两个点以上白条
   \       0xAC   0xF89D 0x0002      LDRB     R0,[SP, #+2]
   \       0xB0   0x2801             CMP      R0,#+1
   \       0xB2   0xD115             BNE.N    ??Scan_Point_8
     62          	         {
     63          		        X1[pot_1++] =X;  //记录当前点坐标
   \       0xB4   0x0028             MOVS     R0,R5
   \       0xB6   0xB2C0             UXTB     R0,R0            ;; ZeroExt  R0,R0,#+24,#+24
   \       0xB8   0x....             LDR.N    R1,??DataTable2_1
   \       0xBA   0x4652             MOV      R2,R10
   \       0xBC   0xB2D2             UXTB     R2,R2            ;; ZeroExt  R2,R2,#+24,#+24
   \       0xBE   0xF821 0x0012      STRH     R0,[R1, R2, LSL #+1]
   \       0xC2   0xF11A 0x0A01      ADDS     R10,R10,#+1
     64          		        Y1[pot_2++] =Y;
   \       0xC6   0x0030             MOVS     R0,R6
   \       0xC8   0xB2C0             UXTB     R0,R0            ;; ZeroExt  R0,R0,#+24,#+24
   \       0xCA   0x....             LDR.N    R1,??DataTable2_2
   \       0xCC   0x465A             MOV      R2,R11
   \       0xCE   0xB2D2             UXTB     R2,R2            ;; ZeroExt  R2,R2,#+24,#+24
   \       0xD0   0xF821 0x0012      STRH     R0,[R1, R2, LSL #+1]
   \       0xD4   0xF11B 0x0B01      ADDS     R11,R11,#+1
     65          		        first = 2;   
   \       0xD8   0x2002             MOVS     R0,#+2
   \       0xDA   0xF88D 0x0002      STRB     R0,[SP, #+2]
   \       0xDE   0xE05B             B.N      ??Scan_Point_7
     66                        }
     67          	          else if (Error(X,X1[pot_1-1])<4&&Error(Y,Y1[pot_1-1])<=2)  // 新坐标中心值和上一个坐标的偏差很小，记录该坐标值
   \                     ??Scan_Point_8: (+1)
   \       0xE0   0x....             LDR.N    R1,??DataTable2_1
   \       0xE2   0x4650             MOV      R0,R10
   \       0xE4   0xB2C0             UXTB     R0,R0            ;; ZeroExt  R0,R0,#+24,#+24
   \       0xE6   0xEB01 0x0040      ADD      R0,R1,R0, LSL #+1
   \       0xEA   0xF930 0x0C02      LDRSH    R0,[R0, #-2]
   \       0xEE   0x002A             MOVS     R2,R5
   \       0xF0   0xB2D2             UXTB     R2,R2            ;; ZeroExt  R2,R2,#+24,#+24
   \       0xF2   0xB212             SXTH     R2,R2            ;; SignExt  R2,R2,#+16,#+16
   \       0xF4   0x4290             CMP      R0,R2
   \       0xF6   0xDA09             BGE.N    ??Scan_Point_9
   \       0xF8   0x002A             MOVS     R2,R5
   \       0xFA   0xB2D2             UXTB     R2,R2            ;; ZeroExt  R2,R2,#+24,#+24
   \       0xFC   0x4650             MOV      R0,R10
   \       0xFE   0xB2C0             UXTB     R0,R0            ;; ZeroExt  R0,R0,#+24,#+24
   \      0x100   0xEB01 0x0040      ADD      R0,R1,R0, LSL #+1
   \      0x104   0xF930 0x0C02      LDRSH    R0,[R0, #-2]
   \      0x108   0x1A10             SUBS     R0,R2,R0
   \      0x10A   0xE02F             B.N      ??Scan_Point_10
   \                     ??Scan_Point_9: (+1)
   \      0x10C   0x4650             MOV      R0,R10
   \      0x10E   0xB2C0             UXTB     R0,R0            ;; ZeroExt  R0,R0,#+24,#+24
   \      0x110   0xEB01 0x0040      ADD      R0,R1,R0, LSL #+1
   \      0x114   0xF930 0x2C02      LDRSH    R2,[R0, #-2]
   \      0x118   0x0028             MOVS     R0,R5
   \      0x11A   0xB2C0             UXTB     R0,R0            ;; ZeroExt  R0,R0,#+24,#+24
   \      0x11C   0x1A12             SUBS     R2,R2,R0
   \      0x11E   0x2A04             CMP      R2,#+4
   \      0x120   0xDA15             BGE.N    ??Scan_Point_11
   \      0x122   0x....             LDR.N    R0,??DataTable2_2
   \      0x124   0x4652             MOV      R2,R10
   \      0x126   0xB2D2             UXTB     R2,R2            ;; ZeroExt  R2,R2,#+24,#+24
   \      0x128   0xEB00 0x0242      ADD      R2,R0,R2, LSL #+1
   \      0x12C   0xF932 0x2C02      LDRSH    R2,[R2, #-2]
   \      0x130   0x0033             MOVS     R3,R6
   \      0x132   0xB2DB             UXTB     R3,R3            ;; ZeroExt  R3,R3,#+24,#+24
   \      0x134   0xB21B             SXTH     R3,R3            ;; SignExt  R3,R3,#+16,#+16
   \      0x136   0x429A             CMP      R2,R3
   \      0x138   0xDA09             BGE.N    ??Scan_Point_11
   \      0x13A   0x0032             MOVS     R2,R6
   \      0x13C   0xB2D2             UXTB     R2,R2            ;; ZeroExt  R2,R2,#+24,#+24
   \      0x13E   0x4653             MOV      R3,R10
   \      0x140   0xB2DB             UXTB     R3,R3            ;; ZeroExt  R3,R3,#+24,#+24
   \      0x142   0xEB00 0x0043      ADD      R0,R0,R3, LSL #+1
   \      0x146   0xF930 0x0C02      LDRSH    R0,[R0, #-2]
   \      0x14A   0x1A10             SUBS     R0,R2,R0
   \      0x14C   0xE00E             B.N      ??Scan_Point_10
   \                     ??Scan_Point_11: (+1)
   \      0x14E   0x....             LDR.N    R0,??DataTable2_2
   \      0x150   0x4652             MOV      R2,R10
   \      0x152   0xB2D2             UXTB     R2,R2            ;; ZeroExt  R2,R2,#+24,#+24
   \      0x154   0xEB00 0x0042      ADD      R0,R0,R2, LSL #+1
   \      0x158   0xF930 0x2C02      LDRSH    R2,[R0, #-2]
   \      0x15C   0x0030             MOVS     R0,R6
   \      0x15E   0xB2C0             UXTB     R0,R0            ;; ZeroExt  R0,R0,#+24,#+24
   \      0x160   0x1A12             SUBS     R2,R2,R0
   \      0x162   0x2A03             CMP      R2,#+3
   \      0x164   0xDA01             BGE.N    ??Scan_Point_12
   \      0x166   0x2001             MOVS     R0,#+1
   \      0x168   0xE000             B.N      ??Scan_Point_10
   \                     ??Scan_Point_12: (+1)
   \      0x16A   0x2000             MOVS     R0,#+0
   \                     ??Scan_Point_10: (+1)
   \      0x16C   0x2800             CMP      R0,#+0
   \      0x16E   0xD013             BEQ.N    ??Scan_Point_7
     68          	          {
     69          		         X1[pot_1++] =X;
   \      0x170   0x0028             MOVS     R0,R5
   \      0x172   0xB2C0             UXTB     R0,R0            ;; ZeroExt  R0,R0,#+24,#+24
   \      0x174   0x4652             MOV      R2,R10
   \      0x176   0xB2D2             UXTB     R2,R2            ;; ZeroExt  R2,R2,#+24,#+24
   \      0x178   0xF821 0x0012      STRH     R0,[R1, R2, LSL #+1]
   \      0x17C   0xF11A 0x0A01      ADDS     R10,R10,#+1
     70                   
     71          		         Y1[pot_2++] =Y;
   \      0x180   0x0030             MOVS     R0,R6
   \      0x182   0xB2C0             UXTB     R0,R0            ;; ZeroExt  R0,R0,#+24,#+24
   \      0x184   0x....             LDR.N    R1,??DataTable2_2
   \      0x186   0x465A             MOV      R2,R11
   \      0x188   0xB2D2             UXTB     R2,R2            ;; ZeroExt  R2,R2,#+24,#+24
   \      0x18A   0xF821 0x0012      STRH     R0,[R1, R2, LSL #+1]
   \      0x18E   0xF11B 0x0B01      ADDS     R11,R11,#+1
     72          		         flag =1;
   \      0x192   0x2001             MOVS     R0,#+1
   \      0x194   0xF88D 0x0001      STRB     R0,[SP, #+1]
     73                        } 
     74                      }
     75                      count_x = 0;
   \                     ??Scan_Point_7: (+1)
   \      0x198   0x2000             MOVS     R0,#+0
   \      0x19A   0x4681             MOV      R9,R0
     76          	  //  }
     77              }
   \      0x19C   0x1C64             ADDS     R4,R4,#+1
   \      0x19E   0xE765             B.N      ??Scan_Point_4
     78              count_x = 0; 
   \                     ??Scan_Point_5: (+1)
   \      0x1A0   0x2000             MOVS     R0,#+0
   \      0x1A2   0x4681             MOV      R9,R0
     79               first = 1; 
   \      0x1A4   0x2001             MOVS     R0,#+1
   \      0x1A6   0xF88D 0x0002      STRB     R0,[SP, #+2]
     80            }
   \      0x1AA   0xF118 0x0801      ADDS     R8,R8,#+1
   \      0x1AE   0xE756             B.N      ??Scan_Point_2
     81           // findflag = flag;
     82            if(flag ==1)  //找到信标灯
   \                     ??Scan_Point_3: (+1)
   \      0x1B0   0xF89D 0x0001      LDRB     R0,[SP, #+1]
   \      0x1B4   0x2801             CMP      R0,#+1
   \      0x1B6   0xD113             BNE.N    ??Scan_Point_13
     83            {
     84              delay_flag1=1;
   \      0x1B8   0x2001             MOVS     R0,#+1
   \      0x1BA   0x....             LDR.N    R1,??DataTable2_4
   \      0x1BC   0x7008             STRB     R0,[R1, #+0]
     85              beacon_x=X1[pot_1>>1];
   \      0x1BE   0x....             LDR.N    R0,??DataTable2_1
   \      0x1C0   0x4651             MOV      R1,R10
   \      0x1C2   0xB2C9             UXTB     R1,R1            ;; ZeroExt  R1,R1,#+24,#+24
   \      0x1C4   0x1049             ASRS     R1,R1,#+1
   \      0x1C6   0xF830 0x0011      LDRH     R0,[R0, R1, LSL #+1]
   \      0x1CA   0x....             LDR.N    R1,??DataTable2_5
   \      0x1CC   0x8008             STRH     R0,[R1, #+0]
     86              beacon_y=Y1[pot_2>>1];
   \      0x1CE   0x....             LDR.N    R0,??DataTable2_2
   \      0x1D0   0x4659             MOV      R1,R11
   \      0x1D2   0xB2C9             UXTB     R1,R1            ;; ZeroExt  R1,R1,#+24,#+24
   \      0x1D4   0x1049             ASRS     R1,R1,#+1
   \      0x1D6   0xF830 0x0011      LDRH     R0,[R0, R1, LSL #+1]
   \      0x1DA   0x....             LDR.N    R1,??DataTable2_6
   \      0x1DC   0x8008             STRH     R0,[R1, #+0]
   \      0x1DE   0xE02A             B.N      ??Scan_Point_14
     87            }
     88            else if(delay_flag1 == 1 && flag ==0)  //上一帧找到，本次没有找到
   \                     ??Scan_Point_13: (+1)
   \      0x1E0   0x....             LDR.N    R1,??DataTable2_4
   \      0x1E2   0x7808             LDRB     R0,[R1, #+0]
   \      0x1E4   0x2801             CMP      R0,#+1
   \      0x1E6   0xD110             BNE.N    ??Scan_Point_15
   \      0x1E8   0xF89D 0x0001      LDRB     R0,[SP, #+1]
   \      0x1EC   0x2800             CMP      R0,#+0
   \      0x1EE   0xD10C             BNE.N    ??Scan_Point_15
     89            {
     90              beacon_x+=COL/2;
   \      0x1F0   0x....             LDR.N    R0,??DataTable2_5
   \      0x1F2   0x8802             LDRH     R2,[R0, #+0]
   \      0x1F4   0x3228             ADDS     R2,R2,#+40
   \      0x1F6   0x8002             STRH     R2,[R0, #+0]
     91              twinkle_delay=25;//结合Time.c里面的注释看这句话就懂了
   \      0x1F8   0x2019             MOVS     R0,#+25
   \      0x1FA   0x....             LDR.N    R2,??DataTable2_7
   \      0x1FC   0x8010             STRH     R0,[R2, #+0]
     92              delay_flag1=0;
   \      0x1FE   0x2000             MOVS     R0,#+0
   \      0x200   0x7008             STRB     R0,[R1, #+0]
     93              total_flag =1;
   \      0x202   0x2001             MOVS     R0,#+1
   \      0x204   0xF88D 0x0000      STRB     R0,[SP, #+0]
   \      0x208   0xE015             B.N      ??Scan_Point_14
     94            }
     95            else  //没有找到
     96            {
     97              if(twinkle_delay == 0) 
   \                     ??Scan_Point_15: (+1)
   \      0x20A   0x....             LDR.N    R0,??DataTable2_7
   \      0x20C   0xF9B0 0x0000      LDRSH    R0,[R0, #+0]
   \      0x210   0x2800             CMP      R0,#+0
   \      0x212   0xD109             BNE.N    ??Scan_Point_16
     98              {
     99                beacon_x = 0;
   \      0x214   0x2000             MOVS     R0,#+0
   \      0x216   0x....             LDR.N    R1,??DataTable2_5
   \      0x218   0x8008             STRH     R0,[R1, #+0]
    100                beacon_y = 0;
   \      0x21A   0x2000             MOVS     R0,#+0
   \      0x21C   0x....             LDR.N    R1,??DataTable2_6
   \      0x21E   0x8008             STRH     R0,[R1, #+0]
    101                total_flag =0;
   \      0x220   0x2000             MOVS     R0,#+0
   \      0x222   0xF88D 0x0000      STRB     R0,[SP, #+0]
   \      0x226   0xE006             B.N      ??Scan_Point_14
    102              }
    103              else   
    104              {
    105                beacon_x+=COL/2;
   \                     ??Scan_Point_16: (+1)
   \      0x228   0x....             LDR.N    R0,??DataTable2_5
   \      0x22A   0x8801             LDRH     R1,[R0, #+0]
   \      0x22C   0x3128             ADDS     R1,R1,#+40
   \      0x22E   0x8001             STRH     R1,[R0, #+0]
    106                total_flag =1;
   \      0x230   0x2001             MOVS     R0,#+1
   \      0x232   0xF88D 0x0000      STRB     R0,[SP, #+0]
    107               }
    108            }
    109          	
    110            beacon_x -= COL/2;
   \                     ??Scan_Point_14: (+1)
   \      0x236   0x....             LDR.N    R0,??DataTable2_5
   \      0x238   0x8800             LDRH     R0,[R0, #+0]
   \      0x23A   0x3828             SUBS     R0,R0,#+40
   \      0x23C   0x....             LDR.N    R1,??DataTable2_5
   \      0x23E   0x8008             STRH     R0,[R1, #+0]
    111            beacon_x=limit_s16(beacon_x,-COL/2,COL/2);
   \      0x240   0x2228             MOVS     R2,#+40
   \      0x242   0xF07F 0x0127      MVNS     R1,#+39
   \      0x246   0x....             LDR.N    R0,??DataTable2_5
   \      0x248   0xF9B0 0x0000      LDRSH    R0,[R0, #+0]
   \      0x24C   0x....'....        BL       limit_s16
   \      0x250   0x....             LDR.N    R1,??DataTable2_5
   \      0x252   0x8008             STRH     R0,[R1, #+0]
    112            beacon_y=limit_s16(beacon_y,0,60);
   \      0x254   0x223C             MOVS     R2,#+60
   \      0x256   0x2100             MOVS     R1,#+0
   \      0x258   0x....             LDR.N    R0,??DataTable2_6
   \      0x25A   0xF9B0 0x0000      LDRSH    R0,[R0, #+0]
   \      0x25E   0x....'....        BL       limit_s16
   \      0x262   0x....             LDR.N    R1,??DataTable2_6
   \      0x264   0x8008             STRH     R0,[R1, #+0]
    113            beacon_x =Coordinate_Filter(0,beacon_x);
   \      0x266   0x....             LDR.N    R0,??DataTable2_5
   \      0x268   0xF9B0 0x1000      LDRSH    R1,[R0, #+0]
   \      0x26C   0x2000             MOVS     R0,#+0
   \      0x26E   0x....'....        BL       Coordinate_Filter
   \      0x272   0x....             LDR.N    R1,??DataTable2_5
   \      0x274   0x8008             STRH     R0,[R1, #+0]
    114            beacon_y =Coordinate_Filter(1,beacon_y);
   \      0x276   0x....             LDR.N    R0,??DataTable2_6
   \      0x278   0xF9B0 0x1000      LDRSH    R1,[R0, #+0]
   \      0x27C   0x2001             MOVS     R0,#+1
   \      0x27E   0x....'....        BL       Coordinate_Filter
   \      0x282   0x....             LDR.N    R1,??DataTable2_6
   \      0x284   0x8008             STRH     R0,[R1, #+0]
    115          /////　测试四个轮子时用到，实际跑时屏蔽   ////
    116            //beacon_x = -25;
    117            //beacon_y = 5;
    118          
    119            
    120            if(beacon_x == -COL/2 && beacon_y == 0)
   \      0x286   0x....             LDR.N    R0,??DataTable2_5
   \      0x288   0xF9B0 0x0000      LDRSH    R0,[R0, #+0]
   \      0x28C   0xF110 0x0F28      CMN      R0,#+40
   \      0x290   0xD107             BNE.N    ??Scan_Point_17
   \      0x292   0x....             LDR.N    R0,??DataTable2_6
   \      0x294   0xF9B0 0x0000      LDRSH    R0,[R0, #+0]
   \      0x298   0x2800             CMP      R0,#+0
   \      0x29A   0xD102             BNE.N    ??Scan_Point_17
    121              beacon_x = 0;
   \      0x29C   0x2000             MOVS     R0,#+0
   \      0x29E   0x....             LDR.N    R1,??DataTable2_5
   \      0x2A0   0x8008             STRH     R0,[R1, #+0]
    122            if(beacon_x ==0 && beacon_y==0)
   \                     ??Scan_Point_17: (+1)
   \      0x2A2   0x....             LDR.N    R0,??DataTable2_5
   \      0x2A4   0x8801             LDRH     R1,[R0, #+0]
   \      0x2A6   0x....             LDR.N    R0,??DataTable2_6
   \      0x2A8   0x8800             LDRH     R0,[R0, #+0]
   \      0x2AA   0x4301             ORRS     R1,R0,R1
   \      0x2AC   0xB209             SXTH     R1,R1            ;; SignExt  R1,R1,#+16,#+16
   \      0x2AE   0x2900             CMP      R1,#+0
   \      0x2B0   0xD103             BNE.N    ??Scan_Point_18
    123            {
    124              total_count = 0;
   \      0x2B2   0x2000             MOVS     R0,#+0
   \      0x2B4   0x....             LDR.N    R1,??DataTable2_8
   \      0x2B6   0x6008             STR      R0,[R1, #+0]
   \      0x2B8   0xE022             B.N      ??Scan_Point_19
    125            }
    126            else    //很明显，当摄像头看到的白点少时，是在远处，看到的白点多时，灯在近处，所以这句话判断白点数，以此来判断灯的远近
    127            {
    128              for(int m =0; m<ROW;m++)	
   \                     ??Scan_Point_18: (+1)
   \      0x2BA   0x2000             MOVS     R0,#+0
   \                     ??Scan_Point_20: (+1)
   \      0x2BC   0x283C             CMP      R0,#+60
   \      0x2BE   0xDA19             BGE.N    ??Scan_Point_21
    129                for(int n =0; n < COL;n++)
   \      0x2C0   0x2100             MOVS     R1,#+0
   \                     ??Scan_Point_22: (+1)
   \      0x2C2   0x2950             CMP      R1,#+80
   \      0x2C4   0xDA14             BGE.N    ??Scan_Point_23
    130                {
    131                  if(imgbuff[m][n] > 100)                //软件二值化，得到白点
   \      0x2C6   0x....             LDR.N    R2,??DataTable2_3
   \      0x2C8   0x2350             MOVS     R3,#+80
   \      0x2CA   0xFB03 0xF300      MUL      R3,R3,R0
   \      0x2CE   0x441A             ADD      R2,R2,R3
   \      0x2D0   0x5C52             LDRB     R2,[R2, R1]
   \      0x2D2   0x2A65             CMP      R2,#+101
   \      0x2D4   0xDB0A             BLT.N    ??Scan_Point_24
    132                  {  
    133                    if(total<2000)
   \      0x2D6   0xF5B7 0x6FFA      CMP      R7,#+2000
   \      0x2DA   0xDA00             BGE.N    ??Scan_Point_25
    134                     total++;                          //白点列统计
   \      0x2DC   0x1C7F             ADDS     R7,R7,#+1
    135                    if(total>2000)
   \                     ??Scan_Point_25: (+1)
   \      0x2DE   0xF240 0x72D1      MOVW     R2,#+2001
   \      0x2E2   0x4297             CMP      R7,R2
   \      0x2E4   0xDB02             BLT.N    ??Scan_Point_24
    136                      total=2000;
   \      0x2E6   0xF44F 0x62FA      MOV      R2,#+2000
   \      0x2EA   0x0017             MOVS     R7,R2
    137                  }
    138                }
   \                     ??Scan_Point_24: (+1)
   \      0x2EC   0x1C49             ADDS     R1,R1,#+1
   \      0x2EE   0xE7E8             B.N      ??Scan_Point_22
   \                     ??Scan_Point_23: (+1)
   \      0x2F0   0x1C40             ADDS     R0,R0,#+1
   \      0x2F2   0xE7E3             B.N      ??Scan_Point_20
    139                if(total_flag == 0)
   \                     ??Scan_Point_21: (+1)
   \      0x2F4   0xF89D 0x0000      LDRB     R0,[SP, #+0]
   \      0x2F8   0x2800             CMP      R0,#+0
   \      0x2FA   0xD101             BNE.N    ??Scan_Point_19
    140                  total_count = total;
   \      0x2FC   0x....             LDR.N    R0,??DataTable2_8
   \      0x2FE   0x6007             STR      R7,[R0, #+0]
    141            }
    142            total_count =Coordinate_Filter(2,total_count);
   \                     ??Scan_Point_19: (+1)
   \      0x300   0x....             LDR.N    R0,??DataTable2_8
   \      0x302   0x6801             LDR      R1,[R0, #+0]
   \      0x304   0xB209             SXTH     R1,R1            ;; SignExt  R1,R1,#+16,#+16
   \      0x306   0x2002             MOVS     R0,#+2
   \      0x308   0x....'....        BL       Coordinate_Filter
   \      0x30C   0x....             LDR.N    R1,??DataTable2_8
   \      0x30E   0x6008             STR      R0,[R1, #+0]
    143            if(total_count>2000)
   \      0x310   0x....             LDR.N    R0,??DataTable2_8
   \      0x312   0x6800             LDR      R0,[R0, #+0]
   \      0x314   0xF240 0x71D1      MOVW     R1,#+2001
   \      0x318   0x4288             CMP      R0,R1
   \      0x31A   0xDB03             BLT.N    ??Scan_Point_26
    144              total_count=2000;
   \      0x31C   0xF44F 0x60FA      MOV      R0,#+2000
   \      0x320   0x....             LDR.N    R1,??DataTable2_8
   \      0x322   0x6008             STR      R0,[R1, #+0]
    145            
    146            //total_count = 80; //测试距离对小车的影响
    147          }
   \                     ??Scan_Point_26: (+1)
   \      0x324   0xE8BD 0x8FF1      POP      {R0,R4-R11,PC}   ;; return

   \                                 In section .bss, align 1
   \                     `Scan_Point::delay_flag1`:
   \        0x0                      DS8 1
    148          
    149          
    150          
    151          //检测信标灯的远近和有无

   \                                 In section .text, align 2, keep-with-next
    152          u8 Judge_distance(s16 x,s16 y)   //传信标灯的坐标进去
    153          {
   \                     Judge_distance: (+1)
   \        0x0   0xB410             PUSH     {R4}
   \        0x2   0x0002             MOVS     R2,R0
    154          	//static u16 beacon_maybe_blocked =0;  //灯可能被挡住  因为车的高度就20cm，灯的高度是12cm，所以如果在一条直线上有多个灯，可能闪烁的信标灯会被其他灯挡住，导致摄像头看不到，这时候当连续原地转圈还找不到的话，就使车横移
    155          	if((x ==0 && y==0 )|| (x>=55 || x<=-55))   //如果没有找到灯，或者找到的灯太偏离中线
   \        0x4   0x0010             MOVS     R0,R2
   \        0x6   0xB200             SXTH     R0,R0            ;; SignExt  R0,R0,#+16,#+16
   \        0x8   0x2800             CMP      R0,#+0
   \        0xA   0xD103             BNE.N    ??Judge_distance_0
   \        0xC   0x0008             MOVS     R0,R1
   \        0xE   0xB200             SXTH     R0,R0            ;; SignExt  R0,R0,#+16,#+16
   \       0x10   0x2800             CMP      R0,#+0
   \       0x12   0xD029             BEQ.N    ??Judge_distance_1
   \                     ??Judge_distance_0: (+1)
   \       0x14   0x0010             MOVS     R0,R2
   \       0x16   0xB200             SXTH     R0,R0            ;; SignExt  R0,R0,#+16,#+16
   \       0x18   0x2837             CMP      R0,#+55
   \       0x1A   0xDA25             BGE.N    ??Judge_distance_1
   \       0x1C   0x0010             MOVS     R0,R2
   \       0x1E   0xB200             SXTH     R0,R0            ;; SignExt  R0,R0,#+16,#+16
   \       0x20   0xF110 0x0F36      CMN      R0,#+54
   \       0x24   0xDB20             BLT.N    ??Judge_distance_1
    156          	{
    157          		//beacon_maybe_blocked ++;
    158          //		if(beacon_maybe_blocked >=280 && beacon_maybe_blocked <= 320) //转圈2秒后，平移0.3秒
    159          //		{
    160          //			return FOREC_RAMPAGE;  //强制横移
    161          //		}
    162          //		else
    163          //		{
    164          //			if(beacon_maybe_blocked > 320)
    165          //				beacon_maybe_blocked =0;
    166          //			return roll;   //没有时原地打转
    167          //		}
    168          	}
    169          	else  //有信号灯
    170          	{
    171          		//beacon_maybe_blocked=0;
    172          		if(total_count<130)                          //参数需要整定//16
   \       0x26   0x....             LDR.N    R0,??DataTable2_8
   \       0x28   0x6803             LDR      R3,[R0, #+0]
   \       0x2A   0x2B82             CMP      R3,#+130
   \       0x2C   0xDA01             BGE.N    ??Judge_distance_2
    173          			return far;
   \       0x2E   0x2001             MOVS     R0,#+1
   \       0x30   0xE01B             B.N      ??Judge_distance_3
    174                   // return you;
    175          		if(total_count<300 && total_count>=130)
   \                     ??Judge_distance_2: (+1)
   \       0x32   0x6803             LDR      R3,[R0, #+0]
   \       0x34   0xF5B3 0x7F96      CMP      R3,#+300
   \       0x38   0xDA04             BGE.N    ??Judge_distance_4
   \       0x3A   0x6803             LDR      R3,[R0, #+0]
   \       0x3C   0x2B82             CMP      R3,#+130
   \       0x3E   0xDB01             BLT.N    ??Judge_distance_4
    176          		{
    177          			  return near;
   \       0x40   0x2002             MOVS     R0,#+2
   \       0x42   0xE012             B.N      ??Judge_distance_3
    178                    // return you;
    179          		}
    180          		if(total_count>=300 && total_count<=700)	
   \                     ??Judge_distance_4: (+1)
   \       0x44   0x6803             LDR      R3,[R0, #+0]
   \       0x46   0xF5B3 0x7F96      CMP      R3,#+300
   \       0x4A   0xDB06             BLT.N    ??Judge_distance_5
   \       0x4C   0x6803             LDR      R3,[R0, #+0]
   \       0x4E   0xF240 0x24BD      MOVW     R4,#+701
   \       0x52   0x42A3             CMP      R3,R4
   \       0x54   0xDA01             BGE.N    ??Judge_distance_5
    181          		{
    182          			return very_near;
   \       0x56   0x2003             MOVS     R0,#+3
   \       0x58   0xE007             B.N      ??Judge_distance_3
    183                    //return you;
    184          		}
    185          		if(total_count>700)	
   \                     ??Judge_distance_5: (+1)
   \       0x5A   0x6800             LDR      R0,[R0, #+0]
   \       0x5C   0xF240 0x23BD      MOVW     R3,#+701
   \       0x60   0x4298             CMP      R0,R3
   \       0x62   0xDB01             BLT.N    ??Judge_distance_1
    186          		{
    187          			return very_very_near;
   \       0x64   0x2006             MOVS     R0,#+6
   \       0x66   0xE000             B.N      ??Judge_distance_3
    188                     // return you;
    189          		}
    190          	}
    191          	return 0;   //不加这句话有警告
   \                     ??Judge_distance_1: (+1)
   \       0x68   0x2000             MOVS     R0,#+0
   \                     ??Judge_distance_3: (+1)
   \       0x6A   0xBC10             POP      {R4}
   \       0x6C   0x4770             BX       LR               ;; return
    192          }
    193          

   \                                 In section .text, align 2, keep-with-next
    194          s16 limit_s16(s16 Data,s16 Min,s16 Max)      //对16位整形限幅
    195          {
   \                     limit_s16: (+1)
   \        0x0   0xB410             PUSH     {R4}
    196          	if(Data<Min)Data=Min;
   \        0x2   0x0003             MOVS     R3,R0
   \        0x4   0x000C             MOVS     R4,R1
   \        0x6   0xB21B             SXTH     R3,R3            ;; SignExt  R3,R3,#+16,#+16
   \        0x8   0xB224             SXTH     R4,R4            ;; SignExt  R4,R4,#+16,#+16
   \        0xA   0x42A3             CMP      R3,R4
   \        0xC   0xDA01             BGE.N    ??limit_s16_0
   \        0xE   0x0008             MOVS     R0,R1
   \       0x10   0xE006             B.N      ??limit_s16_1
    197          	else if(Data>Max)Data=Max;
   \                     ??limit_s16_0: (+1)
   \       0x12   0x0013             MOVS     R3,R2
   \       0x14   0x0004             MOVS     R4,R0
   \       0x16   0xB21B             SXTH     R3,R3            ;; SignExt  R3,R3,#+16,#+16
   \       0x18   0xB224             SXTH     R4,R4            ;; SignExt  R4,R4,#+16,#+16
   \       0x1A   0x42A3             CMP      R3,R4
   \       0x1C   0xDA00             BGE.N    ??limit_s16_1
   \       0x1E   0x0010             MOVS     R0,R2
    198          	return Data;
   \                     ??limit_s16_1: (+1)
   \       0x20   0xB200             SXTH     R0,R0            ;; SignExt  R0,R0,#+16,#+16
   \       0x22   0xBC10             POP      {R4}
   \       0x24   0x4770             BX       LR               ;; return
    199          }
    200          

   \                                 In section .text, align 2, keep-with-next
    201          float limit_float(float Data,float Min,float Max)      //对浮点数限幅
    202          {
   \                     limit_float: (+1)
   \        0x0   0xB510             PUSH     {R4,LR}
   \        0x2   0x0003             MOVS     R3,R0
   \        0x4   0x000C             MOVS     R4,R1
    203          	if(Data<Min)Data=Min;
   \        0x6   0x0018             MOVS     R0,R3
   \        0x8   0x0021             MOVS     R1,R4
   \        0xA   0x....'....        BL       __aeabi_cfcmple
   \        0xE   0xD201             BCS.N    ??limit_float_0
   \       0x10   0x0023             MOVS     R3,R4
   \       0x12   0xE005             B.N      ??limit_float_1
    204          	else if(Data>Max)Data=Max;
   \                     ??limit_float_0: (+1)
   \       0x14   0x0010             MOVS     R0,R2
   \       0x16   0x0019             MOVS     R1,R3
   \       0x18   0x....'....        BL       __aeabi_cfcmple
   \       0x1C   0xD200             BCS.N    ??limit_float_1
   \       0x1E   0x0013             MOVS     R3,R2
    205          	return Data;
   \                     ??limit_float_1: (+1)
   \       0x20   0x0018             MOVS     R0,R3
   \       0x22   0xBD10             POP      {R4,PC}          ;; return
    206          }
    207          

   \                                 In section .text, align 2, keep-with-next
    208          uint8 limit_u8(uint8 Data,uint8 Min,uint8 Max)      //对无符号8位字符型限幅
    209          {
   \                     limit_u8: (+1)
   \        0x0   0xB410             PUSH     {R4}
    210          	if(Data<Min)Data=Min;
   \        0x2   0x0003             MOVS     R3,R0
   \        0x4   0x000C             MOVS     R4,R1
   \        0x6   0xB2DB             UXTB     R3,R3            ;; ZeroExt  R3,R3,#+24,#+24
   \        0x8   0xB2E4             UXTB     R4,R4            ;; ZeroExt  R4,R4,#+24,#+24
   \        0xA   0x42A3             CMP      R3,R4
   \        0xC   0xD201             BCS.N    ??limit_u8_0
   \        0xE   0x0008             MOVS     R0,R1
   \       0x10   0xE006             B.N      ??limit_u8_1
    211          	else if(Data>Max)Data=Max;
   \                     ??limit_u8_0: (+1)
   \       0x12   0x0013             MOVS     R3,R2
   \       0x14   0x0004             MOVS     R4,R0
   \       0x16   0xB2DB             UXTB     R3,R3            ;; ZeroExt  R3,R3,#+24,#+24
   \       0x18   0xB2E4             UXTB     R4,R4            ;; ZeroExt  R4,R4,#+24,#+24
   \       0x1A   0x42A3             CMP      R3,R4
   \       0x1C   0xD200             BCS.N    ??limit_u8_1
   \       0x1E   0x0010             MOVS     R0,R2
    212          	return Data;
   \                     ??limit_u8_1: (+1)
   \       0x20   0xB2C0             UXTB     R0,R0            ;; ZeroExt  R0,R0,#+24,#+24
   \       0x22   0xBC10             POP      {R4}
   \       0x24   0x4770             BX       LR               ;; return
    213          }
    214          

   \                                 In section .text, align 2, keep-with-next
    215          s16 PaiXu(s16 Data0,s16 Data1,s16 Data2)//3 2 1
    216          {
   \                     PaiXu: (+1)
   \        0x0   0xB430             PUSH     {R4,R5}
   \        0x2   0x0003             MOVS     R3,R0
    217          	s16 Temp=0;
   \        0x4   0x2400             MOVS     R4,#+0
    218          	if(Data0>Data1)//2 3 1
   \        0x6   0x0008             MOVS     R0,R1
   \        0x8   0x001D             MOVS     R5,R3
   \        0xA   0xB200             SXTH     R0,R0            ;; SignExt  R0,R0,#+16,#+16
   \        0xC   0xB22D             SXTH     R5,R5            ;; SignExt  R5,R5,#+16,#+16
   \        0xE   0x42A8             CMP      R0,R5
   \       0x10   0xDA02             BGE.N    ??PaiXu_0
    219          	{
    220          		Temp=Data0;
   \       0x12   0x001C             MOVS     R4,R3
    221          		Data0=Data1;
   \       0x14   0x000B             MOVS     R3,R1
    222          		Data1=Temp;
   \       0x16   0x0021             MOVS     R1,R4
    223          	}
    224          	if(Data0>Data2)//1 3 2
   \                     ??PaiXu_0: (+1)
   \       0x18   0x0010             MOVS     R0,R2
   \       0x1A   0x001D             MOVS     R5,R3
   \       0x1C   0xB200             SXTH     R0,R0            ;; SignExt  R0,R0,#+16,#+16
   \       0x1E   0xB22D             SXTH     R5,R5            ;; SignExt  R5,R5,#+16,#+16
   \       0x20   0x42A8             CMP      R0,R5
   \       0x22   0xDA02             BGE.N    ??PaiXu_1
    225          	{
    226          		Temp=Data0;
   \       0x24   0x001C             MOVS     R4,R3
    227          		Data0=Data2;
   \       0x26   0x0013             MOVS     R3,R2
    228          		Data2=Temp;
   \       0x28   0x0022             MOVS     R2,R4
    229          	}
    230          	if(Data1>Data2)//1 2 3
   \                     ??PaiXu_1: (+1)
   \       0x2A   0x0010             MOVS     R0,R2
   \       0x2C   0x000D             MOVS     R5,R1
   \       0x2E   0xB200             SXTH     R0,R0            ;; SignExt  R0,R0,#+16,#+16
   \       0x30   0xB22D             SXTH     R5,R5            ;; SignExt  R5,R5,#+16,#+16
   \       0x32   0x42A8             CMP      R0,R5
   \       0x34   0xDA02             BGE.N    ??PaiXu_2
    231          	{
    232          		Temp=Data1;
   \       0x36   0x000C             MOVS     R4,R1
    233          		Data1=Data2;
   \       0x38   0x0011             MOVS     R1,R2
    234          		Data2=Temp;
   \       0x3A   0x0022             MOVS     R2,R4
    235          	}
    236          	return Data1;
   \                     ??PaiXu_2: (+1)
   \       0x3C   0x0008             MOVS     R0,R1
   \       0x3E   0xB200             SXTH     R0,R0            ;; SignExt  R0,R0,#+16,#+16
   \       0x40   0xBC30             POP      {R4,R5}
   \       0x42   0x4770             BX       LR               ;; return
    237          }

   \                                 In section .text, align 4, keep-with-next
   \                     ??DataTable2:
   \        0x0   0x....'....        DC32     `Data`

   \                                 In section .text, align 4, keep-with-next
   \                     ??DataTable2_1:
   \        0x0   0x....'....        DC32     X1

   \                                 In section .text, align 4, keep-with-next
   \                     ??DataTable2_2:
   \        0x0   0x....'....        DC32     Y1

   \                                 In section .text, align 4, keep-with-next
   \                     ??DataTable2_3:
   \        0x0   0x....'....        DC32     imgbuff

   \                                 In section .text, align 4, keep-with-next
   \                     ??DataTable2_4:
   \        0x0   0x....'....        DC32     `Scan_Point::delay_flag1`

   \                                 In section .text, align 4, keep-with-next
   \                     ??DataTable2_5:
   \        0x0   0x....'....        DC32     beacon_x

   \                                 In section .text, align 4, keep-with-next
   \                     ??DataTable2_6:
   \        0x0   0x....'....        DC32     beacon_y

   \                                 In section .text, align 4, keep-with-next
   \                     ??DataTable2_7:
   \        0x0   0x....'....        DC32     twinkle_delay

   \                                 In section .text, align 4, keep-with-next
   \                     ??DataTable2_8:
   \        0x0   0x....'....        DC32     total_count
    238          
    239          

   Maximum stack usage in bytes:

   .cstack Function
   ------- --------
      16   Coordinate_Filter
        16   -> PaiXu
       4   Judge_distance
       8   PaiXu
      40   Scan_Point
        40   -> Coordinate_Filter
        40   -> limit_s16
       8   limit_float
         8 __aeabi_cfcmple
       4   limit_s16
       4   limit_u8


   Section sizes:

   Bytes  Function/Label
   -----  --------------
       4  ??DataTable2
       4  ??DataTable2_1
       4  ??DataTable2_2
       4  ??DataTable2_3
       4  ??DataTable2_4
       4  ??DataTable2_5
       4  ??DataTable2_6
       4  ??DataTable2_7
       4  ??DataTable2_8
      86  Coordinate_Filter
      20  Data
     110  Judge_distance
      68  PaiXu
     808  Scan_Point
     160  X1
     160  Y1
       1  delay_flag1
       1  findflag
      36  limit_float
      38  limit_s16
      38  limit_u8
       4  total_count

 
   346 bytes in section .bss
 1 220 bytes in section .text
 
 1 220 bytes of CODE memory
   346 bytes of DATA memory

Errors: none
Warnings: 1
