###############################################################################
#
# IAR ANSI C/C++ Compiler V8.32.1.169/W32 for ARM         08/Jul/2019  22:53:50
# Copyright 1999-2018 IAR Systems AB.
#
#    Cpu mode     =  
#    Endian       =  little
#    Source file  =  G:\AIcar\@@\xiugai\lib\common\pit.c
#    Command line =  
#        -f C:\Users\admin\AppData\Local\Temp\EWB18C.tmp
#        (G:\AIcar\@@\xiugai\lib\common\pit.c -D LPLD_K60 -lCN
#        "G:\AIcar\@@\xiugai\project\28-(SDHC)LPLD_SdCard\iar\FLASH\List"
#        -lB
#        "G:\AIcar\@@\xiugai\project\28-(SDHC)LPLD_SdCard\iar\FLASH\List"
#        -o "G:\AIcar\@@\xiugai\project\28-(SDHC)LPLD_SdCard\iar\FLASH\Obj"
#        --no_cse --no_unroll --no_inline --no_code_motion --no_tbaa
#        --no_clustering --no_scheduling --debug --endian=little
#        --cpu=Cortex-M4 -e --fpu=None --dlib_config
#        G:\AIcar\arm\inc\c\DLib_Config_Normal.h -I
#        "G:\AIcar\@@\xiugai\project\28-(SDHC)LPLD_SdCard\iar\..\app\" -I
#        "G:\AIcar\@@\xiugai\project\28-(SDHC)LPLD_SdCard\iar\..\..\..\lib\CPU\"
#        -I
#        "G:\AIcar\@@\xiugai\project\28-(SDHC)LPLD_SdCard\iar\..\..\..\lib\common\"
#        -I
#        "G:\AIcar\@@\xiugai\project\28-(SDHC)LPLD_SdCard\iar\..\..\..\lib\LPLD\"
#        -I
#        "G:\AIcar\@@\xiugai\project\28-(SDHC)LPLD_SdCard\iar\..\..\..\lib\LPLD\HW\"
#        -I
#        "G:\AIcar\@@\xiugai\project\28-(SDHC)LPLD_SdCard\iar\..\..\..\lib\LPLD\DEV\"
#        -I
#        "G:\AIcar\@@\xiugai\project\28-(SDHC)LPLD_SdCard\iar\..\..\..\lib\uCOS-II\Ports\"
#        -I
#        "G:\AIcar\@@\xiugai\project\28-(SDHC)LPLD_SdCard\iar\..\..\..\lib\uCOS-II\Source\"
#        -I
#        "G:\AIcar\@@\xiugai\project\28-(SDHC)LPLD_SdCard\iar\..\..\..\lib\FatFs\"
#        -I
#        "G:\AIcar\@@\xiugai\project\28-(SDHC)LPLD_SdCard\iar\..\..\..\lib\FatFs\option\"
#        -I
#        "G:\AIcar\@@\xiugai\project\28-(SDHC)LPLD_SdCard\iar\..\..\..\lib\USB\common\"
#        -I
#        "G:\AIcar\@@\xiugai\project\28-(SDHC)LPLD_SdCard\iar\..\..\..\lib\USB\driver\"
#        -I
#        "G:\AIcar\@@\xiugai\project\28-(SDHC)LPLD_SdCard\iar\..\..\..\lib\USB\descriptor\"
#        -I
#        "G:\AIcar\@@\xiugai\project\28-(SDHC)LPLD_SdCard\iar\..\..\..\lib\USB\class\"
#        -I
#        "G:\AIcar\@@\xiugai\project\28-(SDHC)LPLD_SdCard\iar\..\..\..\lib\Jay\"
#        -On -I G:\AIcar\arm\CMSIS\Core\Include\ -I
#        G:\AIcar\arm\CMSIS\DSP\Include\ -D ARM_MATH_CM4)
#    Locale       =  C
#    List file    =  
#        G:\AIcar\@@\xiugai\project\28-(SDHC)LPLD_SdCard\iar\FLASH\List\pit.lst
#    Object file  =  
#        G:\AIcar\@@\xiugai\project\28-(SDHC)LPLD_SdCard\iar\FLASH\Obj\pit.o
#
###############################################################################

G:\AIcar\@@\xiugai\lib\common\pit.c
      1          #include "common.h"
      2          #include "include.h"

   \                                 In section .bss, align 4
      3          PIT_InitTypeDef pit1_init_struct;
   \                     pit1_init_struct:
   \        0x0                      DS8 20

   \                                 In section .bss, align 4
      4          PIT_InitTypeDef pit_init_struct;
   \                     pit_init_struct:
   \        0x0                      DS8 20
      5          void ic_isr();
      6          void cheak(void);
      7          //void clear();
      8          
      9          

   \                                 In section .bss, align 4
     10          float LC = 0.0f;
   \                     LC:
   \        0x0                      DS8 4

   \                                 In section .bss, align 4
     11          float RC = 0.0f;
   \                     RC:
   \        0x0                      DS8 4

   \                                 In section .bss, align 4
     12          float K = 0.0f;
   \                     K:
   \        0x0                      DS8 4
     13          //int twinkle_delay = 10;

   \                                 In section .bss, align 4
     14          int a = 0;
   \                     a:
   \        0x0                      DS8 4

   \                                 In section .data, align 1
     15          boolean sctl = 1;
   \                     sctl:
   \        0x0   0x01               DC8 1

   \                                 In section .bss, align 1
     16          boolean cctl = 0;
   \                     cctl:
   \        0x0                      DS8 1
     17          void pit_init();

   \                                 In section .bss, align 1
     18          boolean CCD_CTL_OPEN = 0;
   \                     CCD_CTL_OPEN:
   \        0x0                      DS8 1

   \                                 In section .bss, align 1
     19          boolean CCD_TIME_OPEN = 0;
   \                     CCD_TIME_OPEN:
   \        0x0                      DS8 1

   \                                 In section .data, align 1
     20          boolean LuBang = 1;
   \                     LuBang:
   \        0x0   0x01               DC8 1
     21          
     22          

   \                                 In section .bss, align 4
     23          int CCD_TIME = 0;
   \                     CCD_TIME:
   \        0x0                      DS8 4
     24          
     25          
     26          
     27          
     28          /*
     29          * 初始化PIT定时器
     30          *
     31          */
     32          

   \                                 In section .bss, align 4
     33          int back_count = 0;
   \                     back_count:
   \        0x0                      DS8 4

   \                                 In section .bss, align 4
     34          int back_stop = 0;
   \                     back_stop:
   \        0x0                      DS8 4

   \                                 In section .bss, align 4
     35          int two_ms=0;
   \                     two_ms:
   \        0x0                      DS8 4

   \                                 In section .data, align 4
     36          int daoche_ms=500;
   \                     daoche_ms:
   \        0x0   0x0000'01F4        DC32 500

   \                                 In section .bss, align 1
     37          u8 inct = 0;
   \                     inct:
   \        0x0                      DS8 1

   \                                 In section .text, align 2, keep-with-next
     38          void pit_init()
     39          {
   \                     pit_init: (+1)
   \        0x0   0xB51C             PUSH     {R2-R4,LR}
     40            //配置定时周期中断参数
     41            pit_init_struct.PIT_Pitx = PIT0;
   \        0x2   0x....             LDR.N    R4,??DataTable3
   \        0x4   0x2000             MOVS     R0,#+0
   \        0x6   0x7020             STRB     R0,[R4, #+0]
     42            pit_init_struct.PIT_PeriodMs = 2;    //2毫秒产生一起中断
   \        0x8   0x2002             MOVS     R0,#+2
   \        0xA   0x60A0             STR      R0,[R4, #+8]
     43            pit_init_struct.PIT_Isr = ic_isr;
   \        0xC   0x....'....        ADR.W    R0,ic_isr
   \       0x10   0x6120             STR      R0,[R4, #+16]
     44            //初始化PIT
     45            LPLD_PIT_Init(pit_init_struct);
   \       0x12   0x0021             MOVS     R1,R4
   \       0x14   0xB084             SUB      SP,SP,#+16
   \       0x16   0x4668             MOV      R0,SP
   \       0x18   0x2214             MOVS     R2,#+20
   \       0x1A   0x....'....        BL       __aeabi_memcpy4
   \       0x1E   0xBC0F             POP      {R0-R3}
   \       0x20   0x....'....        BL       LPLD_PIT_Init
     46            //使能PIT定时中断
     47            LPLD_PIT_EnableIrq(pit_init_struct);
   \       0x24   0x0021             MOVS     R1,R4
   \       0x26   0xB084             SUB      SP,SP,#+16
   \       0x28   0x4668             MOV      R0,SP
   \       0x2A   0x2214             MOVS     R2,#+20
   \       0x2C   0x....'....        BL       __aeabi_memcpy4
   \       0x30   0xBC0F             POP      {R0-R3}
   \       0x32   0x....'....        BL       LPLD_PIT_EnableIrq
     48          }
   \       0x36   0xBD13             POP      {R0,R1,R4,PC}    ;; return
     49          

   \                                 In section .bss, align 4
     50          int P1,P2,P3,P4;
   \                     `P1`:
   \        0x0                      DS8 4

   \                                 In section .bss, align 4
   \                     `P2`:
   \        0x0                      DS8 4

   \                                 In section .bss, align 4
   \                     `P3`:
   \        0x0                      DS8 4

   \                                 In section .bss, align 4
   \                     `P4`:
   \        0x0                      DS8 4
     51          

   \                                 In section .text, align 2, keep-with-next
     52          void delay_p(void)
     53          {
     54            inct++;
   \                     delay_p: (+1)
   \        0x0   0x....             LDR.N    R0,??DataTable3_1
   \        0x2   0x7801             LDRB     R1,[R0, #+0]
   \        0x4   0x1C49             ADDS     R1,R1,#+1
   \        0x6   0x7001             STRB     R1,[R0, #+0]
     55          }
   \        0x8   0x4770             BX       LR               ;; return
     56          /*
     57          * PIT中断函数
     58          */

   \                                 In section .text, align 4, keep-with-next
     59          void ic_isr()
     60          {
   \                     ic_isr: (+1)
   \        0x0   0xE92D 0x4FF8      PUSH     {R3-R11,LR}
     61              two_ms++;
   \        0x4   0x....             LDR.N    R1,??DataTable3_2
   \        0x6   0x6808             LDR      R0,[R1, #+0]
   \        0x8   0x1C40             ADDS     R0,R0,#+1
   \        0xA   0x6008             STR      R0,[R1, #+0]
     62              if(two_ms%500==0)
   \        0xC   0xF44F 0x70FA      MOV      R0,#+500
   \       0x10   0x680A             LDR      R2,[R1, #+0]
   \       0x12   0x6809             LDR      R1,[R1, #+0]
   \       0x14   0xFB91 0xF1F0      SDIV     R1,R1,R0
   \       0x18   0xFB00 0x2011      MLS      R0,R0,R1,R2
   \       0x1C   0x2800             CMP      R0,#+0
   \       0x1E   0xD105             BNE.N    ??ic_isr_0
     63              {
     64                fps1_n = fps_num1_n;
   \       0x20   0x....             LDR.N    R0,??DataTable3_3
   \       0x22   0x6801             LDR      R1,[R0, #+0]
   \       0x24   0x....             LDR.N    R2,??DataTable3_4
   \       0x26   0x6011             STR      R1,[R2, #+0]
     65                fps_num1_n=0;
   \       0x28   0x2100             MOVS     R1,#+0
   \       0x2A   0x6001             STR      R1,[R0, #+0]
     66              }
     67              daoche();
   \                     ??ic_isr_0: (+1)
   \       0x2C   0x....'....        BL       daoche
     68          
     69              l1_reSpeed=right_getSpeed();
   \       0x30   0x....             LDR.N    R4,??DataTable3_5
   \       0x32   0x....'....        BL       right_getSpeed
   \       0x36   0x6020             STR      R0,[R4, #+0]
     70              r1_reSpeed=ftm2_getSpeed();
   \       0x38   0x....             LDR.N    R5,??DataTable3_6
   \       0x3A   0x....'....        BL       ftm2_getSpeed
   \       0x3E   0x6028             STR      R0,[R5, #+0]
     71          
     72              r2_reSpeed=ftm1_getSpeed();
   \       0x40   0x....             LDR.N    R6,??DataTable3_7
   \       0x42   0x....'....        BL       ftm1_getSpeed
   \       0x46   0x6030             STR      R0,[R6, #+0]
     73          
     74              l2_reSpeed=getspeed(); 
   \       0x48   0x....             LDR.N    R7,??DataTable3_8
   \       0x4A   0x....'....        BL       getspeed
   \       0x4E   0x6038             STR      R0,[R7, #+0]
     75              KeyScan();
   \       0x50   0x....'....        BL       KeyScan
     76              //倒车
     77              if(back==0)
   \       0x54   0x....             LDR.N    R1,??DataTable3_9
   \       0x56   0x7808             LDRB     R0,[R1, #+0]
   \       0x58   0x2800             CMP      R0,#+0
   \       0x5A   0xD102             BNE.N    ??ic_isr_1
     78              {
     79                cheak();
   \       0x5C   0x....'....        BL       cheak
   \       0x60   0xE00C             B.N      ??ic_isr_2
     80              }
     81              else
     82              {
     83                back_stop++;
   \                     ??ic_isr_1: (+1)
   \       0x62   0x....             LDR.N    R0,??DataTable3_10
   \       0x64   0x6802             LDR      R2,[R0, #+0]
   \       0x66   0x1C52             ADDS     R2,R2,#+1
   \       0x68   0x6002             STR      R2,[R0, #+0]
     84                if(back_stop>350)
   \       0x6A   0x6802             LDR      R2,[R0, #+0]
   \       0x6C   0xF240 0x135F      MOVW     R3,#+351
   \       0x70   0x429A             CMP      R2,R3
   \       0x72   0xDB03             BLT.N    ??ic_isr_2
     85                {
     86                  back_stop=0;
   \       0x74   0x2200             MOVS     R2,#+0
   \       0x76   0x6002             STR      R2,[R0, #+0]
     87                  back=0;
   \       0x78   0x2000             MOVS     R0,#+0
   \       0x7A   0x7008             STRB     R0,[R1, #+0]
     88                }
     89              }
     90              
     91              
     92              P1=2000;
   \                     ??ic_isr_2: (+1)
   \       0x7C   0x....'....        LDR.W    R8,??DataTable3_11
   \       0x80   0xF44F 0x60FA      MOV      R0,#+2000
   \       0x84   0xF8C8 0x0000      STR      R0,[R8, #+0]
     93              P2=2000;
   \       0x88   0x....'....        LDR.W    R9,??DataTable3_12
   \       0x8C   0xF8C9 0x0000      STR      R0,[R9, #+0]
     94              P3=2000;
   \       0x90   0x....'....        LDR.W    R10,??DataTable3_13
   \       0x94   0xF8CA 0x0000      STR      R0,[R10, #+0]
     95              P4=2000;
   \       0x98   0x....'....        LDR.W    R11,??DataTable3_14
   \       0x9C   0xF8CB 0x0000      STR      R0,[R11, #+0]
     96          //    LPLD_FTM_PWM_ChangeDuty(FTM0, FTM_Ch5,P1 );//zuo
     97          //    LPLD_FTM_PWM_ChangeDuty(FTM0, FTM_Ch4, 0);
     98          //    
     99          //    LPLD_FTM_PWM_ChangeDuty(FTM0, FTM_Ch6, 0);  
    100          //    LPLD_FTM_PWM_ChangeDuty(FTM0, FTM_Ch7, P2);
    101          //   
    102          //    LPLD_FTM_PWM_ChangeDuty(FTM0, FTM_Ch1, P3); 
    103          //    LPLD_FTM_PWM_ChangeDuty(FTM0, FTM_Ch0,  0);
    104          ////    
    105          //    LPLD_FTM_PWM_ChangeDuty(FTM0, FTM_Ch2, 0);
    106          //    LPLD_FTM_PWM_ChangeDuty(FTM0, FTM_Ch3,P4 ); 
    107          //Motor_control();
    108          //if(1)//FACHEflag
    109          //{
    110             P1 = (int)rPID_Control(r1_reSpeed, Left_front_goalspeed);
   \       0xA0   0x....             LDR.N    R0,??DataTable3_15
   \       0xA2   0x6801             LDR      R1,[R0, #+0]
   \       0xA4   0xB209             SXTH     R1,R1            ;; SignExt  R1,R1,#+16,#+16
   \       0xA6   0x6828             LDR      R0,[R5, #+0]
   \       0xA8   0xB200             SXTH     R0,R0            ;; SignExt  R0,R0,#+16,#+16
   \       0xAA   0x....'....        BL       rPID_Control
   \       0xAE   0xF8C8 0x0000      STR      R0,[R8, #+0]
    111             P2 = (int)rPID_Control(r2_reSpeed, Right_front_goalspeed);
   \       0xB2   0x....             LDR.N    R0,??DataTable3_16
   \       0xB4   0x6801             LDR      R1,[R0, #+0]
   \       0xB6   0xB209             SXTH     R1,R1            ;; SignExt  R1,R1,#+16,#+16
   \       0xB8   0x6830             LDR      R0,[R6, #+0]
   \       0xBA   0xB200             SXTH     R0,R0            ;; SignExt  R0,R0,#+16,#+16
   \       0xBC   0x....'....        BL       rPID_Control
   \       0xC0   0xF8C9 0x0000      STR      R0,[R9, #+0]
    112             P3 = (int)rPID_Control(l1_reSpeed, Left_rear_goalspeed);
   \       0xC4   0x....             LDR.N    R0,??DataTable3_17
   \       0xC6   0x6801             LDR      R1,[R0, #+0]
   \       0xC8   0xB209             SXTH     R1,R1            ;; SignExt  R1,R1,#+16,#+16
   \       0xCA   0x6820             LDR      R0,[R4, #+0]
   \       0xCC   0xB200             SXTH     R0,R0            ;; SignExt  R0,R0,#+16,#+16
   \       0xCE   0x....'....        BL       rPID_Control
   \       0xD2   0xF8CA 0x0000      STR      R0,[R10, #+0]
    113             P4 = (int)rPID_Control(l2_reSpeed, Right_rear_goalspeed);   
   \       0xD6   0x....             LDR.N    R0,??DataTable3_18
   \       0xD8   0x6801             LDR      R1,[R0, #+0]
   \       0xDA   0xB209             SXTH     R1,R1            ;; SignExt  R1,R1,#+16,#+16
   \       0xDC   0x6838             LDR      R0,[R7, #+0]
   \       0xDE   0xB200             SXTH     R0,R0            ;; SignExt  R0,R0,#+16,#+16
   \       0xE0   0x....'....        BL       rPID_Control
   \       0xE4   0xF8CB 0x0000      STR      R0,[R11, #+0]
    114            
    115             Motor_control();
   \       0xE8   0x....'....        BL       Motor_control
    116          //}
    117          
    118              
    119          
    120          }
   \       0xEC   0xE8BD 0x8FF1      POP      {R0,R4-R11,PC}   ;; return
    121          

   \                                 In section .text, align 2, keep-with-next
    122          void cheak(void)
    123          {
    124            if(PTA17_I==0||PTB5_I==0)
   \                     cheak: (+1)
   \        0x0   0x....             LDR.N    R0,??DataTable3_19  ;; 0x43fe0244
   \        0x2   0x6800             LDR      R0,[R0, #+0]
   \        0x4   0x2800             CMP      R0,#+0
   \        0x6   0xD003             BEQ.N    ??cheak_0
   \        0x8   0x....             LDR.N    R0,??DataTable3_20  ;; 0x43fe0a14
   \        0xA   0x6800             LDR      R0,[R0, #+0]
   \        0xC   0x2800             CMP      R0,#+0
   \        0xE   0xD10E             BNE.N    ??cheak_1
    125            {
    126              back_count++;
   \                     ??cheak_0: (+1)
   \       0x10   0x....             LDR.N    R0,??DataTable3_21
   \       0x12   0x6801             LDR      R1,[R0, #+0]
   \       0x14   0x1C49             ADDS     R1,R1,#+1
   \       0x16   0x6001             STR      R1,[R0, #+0]
    127              if(back_count > 500)
   \       0x18   0x6801             LDR      R1,[R0, #+0]
   \       0x1A   0xF240 0x12F5      MOVW     R2,#+501
   \       0x1E   0x4291             CMP      R1,R2
   \       0x20   0xDB08             BLT.N    ??cheak_2
    128              {
    129                back_count = 0;
   \       0x22   0x2100             MOVS     R1,#+0
   \       0x24   0x6001             STR      R1,[R0, #+0]
    130                back = 1;
   \       0x26   0x2001             MOVS     R0,#+1
   \       0x28   0x....             LDR.N    R1,??DataTable3_9
   \       0x2A   0x7008             STRB     R0,[R1, #+0]
   \       0x2C   0xE002             B.N      ??cheak_2
    131                //init_Speed(0,0);
    132              }  
    133            }
    134            else 
    135              back_count = 0;    
   \                     ??cheak_1: (+1)
   \       0x2E   0x2000             MOVS     R0,#+0
   \       0x30   0x....             LDR.N    R1,??DataTable3_21
   \       0x32   0x6008             STR      R0,[R1, #+0]
    136          }
   \                     ??cheak_2: (+1)
   \       0x34   0x4770             BX       LR               ;; return

   \                                 In section .text, align 4, keep-with-next
   \                     ??DataTable3:
   \        0x0   0x....'....        DC32     pit_init_struct

   \                                 In section .text, align 4, keep-with-next
   \                     ??DataTable3_1:
   \        0x0   0x....'....        DC32     inct

   \                                 In section .text, align 4, keep-with-next
   \                     ??DataTable3_2:
   \        0x0   0x....'....        DC32     two_ms

   \                                 In section .text, align 4, keep-with-next
   \                     ??DataTable3_3:
   \        0x0   0x....'....        DC32     fps_num1_n

   \                                 In section .text, align 4, keep-with-next
   \                     ??DataTable3_4:
   \        0x0   0x....'....        DC32     fps1_n

   \                                 In section .text, align 4, keep-with-next
   \                     ??DataTable3_5:
   \        0x0   0x....'....        DC32     l1_reSpeed

   \                                 In section .text, align 4, keep-with-next
   \                     ??DataTable3_6:
   \        0x0   0x....'....        DC32     r1_reSpeed

   \                                 In section .text, align 4, keep-with-next
   \                     ??DataTable3_7:
   \        0x0   0x....'....        DC32     r2_reSpeed

   \                                 In section .text, align 4, keep-with-next
   \                     ??DataTable3_8:
   \        0x0   0x....'....        DC32     l2_reSpeed

   \                                 In section .text, align 4, keep-with-next
   \                     ??DataTable3_9:
   \        0x0   0x....'....        DC32     back

   \                                 In section .text, align 4, keep-with-next
   \                     ??DataTable3_10:
   \        0x0   0x....'....        DC32     back_stop

   \                                 In section .text, align 4, keep-with-next
   \                     ??DataTable3_11:
   \        0x0   0x....'....        DC32     `P1`

   \                                 In section .text, align 4, keep-with-next
   \                     ??DataTable3_12:
   \        0x0   0x....'....        DC32     `P2`

   \                                 In section .text, align 4, keep-with-next
   \                     ??DataTable3_13:
   \        0x0   0x....'....        DC32     `P3`

   \                                 In section .text, align 4, keep-with-next
   \                     ??DataTable3_14:
   \        0x0   0x....'....        DC32     `P4`

   \                                 In section .text, align 4, keep-with-next
   \                     ??DataTable3_15:
   \        0x0   0x....'....        DC32     Left_front_goalspeed

   \                                 In section .text, align 4, keep-with-next
   \                     ??DataTable3_16:
   \        0x0   0x....'....        DC32     Right_front_goalspeed

   \                                 In section .text, align 4, keep-with-next
   \                     ??DataTable3_17:
   \        0x0   0x....'....        DC32     Left_rear_goalspeed

   \                                 In section .text, align 4, keep-with-next
   \                     ??DataTable3_18:
   \        0x0   0x....'....        DC32     Right_rear_goalspeed

   \                                 In section .text, align 4, keep-with-next
   \                     ??DataTable3_19:
   \        0x0   0x43FE'0244        DC32     0x43fe0244

   \                                 In section .text, align 4, keep-with-next
   \                     ??DataTable3_20:
   \        0x0   0x43FE'0A14        DC32     0x43fe0a14

   \                                 In section .text, align 4, keep-with-next
   \                     ??DataTable3_21:
   \        0x0   0x....'....        DC32     back_count
    137          
    138          

   Maximum stack usage in bytes:

   .cstack Function
   ------- --------
       0   cheak
       0   delay_p
      40   ic_isr
        40   -> KeyScan
        40   -> Motor_control
        40   -> cheak
        40   -> daoche
        40   -> ftm1_getSpeed
        40   -> ftm2_getSpeed
        40   -> getspeed
        40   -> rPID_Control
        40   -> right_getSpeed
      32   pit_init
        16   -> LPLD_PIT_EnableIrq
        16   -> LPLD_PIT_Init
        32   -> __aeabi_memcpy4


   Section sizes:

   Bytes  Function/Label
   -----  --------------
       4  ??DataTable3
       4  ??DataTable3_1
       4  ??DataTable3_10
       4  ??DataTable3_11
       4  ??DataTable3_12
       4  ??DataTable3_13
       4  ??DataTable3_14
       4  ??DataTable3_15
       4  ??DataTable3_16
       4  ??DataTable3_17
       4  ??DataTable3_18
       4  ??DataTable3_19
       4  ??DataTable3_2
       4  ??DataTable3_20
       4  ??DataTable3_21
       4  ??DataTable3_3
       4  ??DataTable3_4
       4  ??DataTable3_5
       4  ??DataTable3_6
       4  ??DataTable3_7
       4  ??DataTable3_8
       4  ??DataTable3_9
       1  CCD_CTL_OPEN
       4  CCD_TIME
       1  CCD_TIME_OPEN
       4  K
       4  LC
       1  LuBang
       4  P1
       4  P2
       4  P3
       4  P4
       4  RC
       4  a
       4  back_count
       4  back_stop
       1  cctl
      54  cheak
       4  daoche_ms
      10  delay_p
     240  ic_isr
       1  inct
      20  pit1_init_struct
      56  pit_init
      20  pit_init_struct
       1  sctl
       4  two_ms

 
  92 bytes in section .bss
   6 bytes in section .data
 448 bytes in section .text
 
 448 bytes of CODE memory
  98 bytes of DATA memory

Errors: none
Warnings: 1
