###############################################################################
#
# IAR ANSI C/C++ Compiler V8.32.1.169/W32 for ARM         02/Jul/2019  17:59:22
# Copyright 1999-2018 IAR Systems AB.
#
#    Cpu mode     =  
#    Endian       =  little
#    Source file  =  G:\AIcar\@@\xiugai\lib\common\relocate.c
#    Command line =  
#        -f C:\Users\admin\AppData\Local\Temp\EW6C15.tmp
#        (G:\AIcar\@@\xiugai\lib\common\relocate.c -D LPLD_K60 -lCN
#        "G:\AIcar\@@\xiugai\project\28-(SDHC)LPLD_SdCard\iar\FLASH\List"
#        -lB
#        "G:\AIcar\@@\xiugai\project\28-(SDHC)LPLD_SdCard\iar\FLASH\List"
#        -o "G:\AIcar\@@\xiugai\project\28-(SDHC)LPLD_SdCard\iar\FLASH\Obj"
#        --no_cse --no_unroll --no_inline --no_code_motion --no_tbaa
#        --no_clustering --no_scheduling --debug --endian=little
#        --cpu=Cortex-M4 -e --fpu=None --dlib_config
#        G:\AIcar\arm\inc\c\DLib_Config_Normal.h -I
#        "G:\AIcar\@@\xiugai\project\28-(SDHC)LPLD_SdCard\iar\..\app\" -I
#        "G:\AIcar\@@\xiugai\project\28-(SDHC)LPLD_SdCard\iar\..\..\..\lib\CPU\"
#        -I
#        "G:\AIcar\@@\xiugai\project\28-(SDHC)LPLD_SdCard\iar\..\..\..\lib\common\"
#        -I
#        "G:\AIcar\@@\xiugai\project\28-(SDHC)LPLD_SdCard\iar\..\..\..\lib\LPLD\"
#        -I
#        "G:\AIcar\@@\xiugai\project\28-(SDHC)LPLD_SdCard\iar\..\..\..\lib\LPLD\HW\"
#        -I
#        "G:\AIcar\@@\xiugai\project\28-(SDHC)LPLD_SdCard\iar\..\..\..\lib\LPLD\DEV\"
#        -I
#        "G:\AIcar\@@\xiugai\project\28-(SDHC)LPLD_SdCard\iar\..\..\..\lib\uCOS-II\Ports\"
#        -I
#        "G:\AIcar\@@\xiugai\project\28-(SDHC)LPLD_SdCard\iar\..\..\..\lib\uCOS-II\Source\"
#        -I
#        "G:\AIcar\@@\xiugai\project\28-(SDHC)LPLD_SdCard\iar\..\..\..\lib\FatFs\"
#        -I
#        "G:\AIcar\@@\xiugai\project\28-(SDHC)LPLD_SdCard\iar\..\..\..\lib\FatFs\option\"
#        -I
#        "G:\AIcar\@@\xiugai\project\28-(SDHC)LPLD_SdCard\iar\..\..\..\lib\USB\common\"
#        -I
#        "G:\AIcar\@@\xiugai\project\28-(SDHC)LPLD_SdCard\iar\..\..\..\lib\USB\driver\"
#        -I
#        "G:\AIcar\@@\xiugai\project\28-(SDHC)LPLD_SdCard\iar\..\..\..\lib\USB\descriptor\"
#        -I
#        "G:\AIcar\@@\xiugai\project\28-(SDHC)LPLD_SdCard\iar\..\..\..\lib\USB\class\"
#        -I
#        "G:\AIcar\@@\xiugai\project\28-(SDHC)LPLD_SdCard\iar\..\..\..\lib\Jay\"
#        -On -I G:\AIcar\arm\CMSIS\Core\Include\ -I
#        G:\AIcar\arm\CMSIS\DSP\Include\ -D ARM_MATH_CM4)
#    Locale       =  C
#    List file    =  
#        G:\AIcar\@@\xiugai\project\28-(SDHC)LPLD_SdCard\iar\FLASH\List\relocate.lst
#    Object file  =  
#        G:\AIcar\@@\xiugai\project\28-(SDHC)LPLD_SdCard\iar\FLASH\Obj\relocate.o
#
###############################################################################

G:\AIcar\@@\xiugai\lib\common\relocate.c
      1          /**
      2           * @file relocate.c
      3           * @version 3.0[By LPLD]
      4           * @date 2013-06-18
      5           * @brief Kinetis通用数据代码迁移函数
      6           *
      7           * 更改建议:不建议修改
      8           *
      9           * 实现数据、代码由ROM向RAM迁移的过程
     10           *
     11           * 版权所有:北京拉普兰德电子技术有限公司
     12           * http://www.lpld.cn
     13           * mail:support@lpld.cn
     14           *
     15           * @par
     16           * 本代码由拉普兰德[LPLD]开发并维护，并向所有使用者开放源代码。
     17           * 开发者可以随意修使用或改源代码。但本段及以上注释应予以保留。
     18           * 不得更改或删除原版权所有者姓名，二次开发者可以加注二次版权所有者。
     19           * 但应在遵守此协议的基础上，开放源代码、不得出售代码本身。
     20           * 拉普兰德不负责由于使用本代码所带来的任何事故、法律责任或相关不良影响。
     21           * 拉普兰德无义务解释、说明本代码的具体原理、功能、实现方法。
     22           * 除非拉普兰德[LPLD]授权，开发者不得将本代码用于商业产品。
     23           */
     24          
     25          #include "common.h"
     26          
     27          #if defined(__IAR_SYSTEMS_ICC__)
     28            #pragma section = ".data"
     29            #pragma section = ".data_init"
     30            #pragma section = ".bss"
     31            #pragma section = "CodeRelocate"
     32            #pragma section = "CodeRelocateRam"
     33          #endif
     34             
     35          /********************************************************************/

   \                                 In section .text, align 4, keep-with-next
     36          void common_relocate(void)
     37          {
   \                     common_relocate: (+1)
   \        0x0   0xE92D 0x41F0      PUSH     {R4-R8,LR}
     38              #ifndef __IAR_SYSTEMS_ICC__
     39                #warning 非IAR编译器需确定此处地址
     40                extern char __START_BSS[];
     41                extern char __END_BSS[];
     42                extern uint32 __DATA_ROM[];
     43                extern uint32 __DATA_RAM[];
     44                extern char __DATA_END[];
     45              #endif
     46            
     47            /* 声明一个计数器在拷贝循环中使用 */
     48            uint32 n;
     49            
     50            /* 为不同的数据段定义指针。
     51            * 这些变量将由链接文件中获取的值初始化
     52            */
     53            uint8 * data_ram, * data_rom, * data_rom_end;
     54            uint8 * bss_start, * bss_end;
     55            
     56            
     57            /* 引进链接文件中的VECTOR_TABLE和VECTOR_RAM的地址 */
     58            extern uint32 __VECTOR_TABLE[];
     59            extern uint32 __VECTOR_RAM[];
     60            
     61            /* 将中断向量表复制到RAM中 */
     62            if (__VECTOR_RAM != __VECTOR_TABLE)
   \        0x4   0x491F             LDR.N    R1,??common_relocate_0
   \        0x6   0x4A20             LDR.N    R2,??common_relocate_0+0x4
   \        0x8   0x428A             CMP      R2,R1
   \        0xA   0xD00A             BEQ.N    ??common_relocate_1
     63            {
     64              for (n = 0; n < 0x410; n++)
   \        0xC   0x2300             MOVS     R3,#+0
   \        0xE   0x0018             MOVS     R0,R3
   \                     ??common_relocate_2: (+1)
   \       0x10   0xF5B0 0x6F82      CMP      R0,#+1040
   \       0x14   0xD205             BCS.N    ??common_relocate_1
     65                __VECTOR_RAM[n] = __VECTOR_TABLE[n];
   \       0x16   0xF851 0x3020      LDR      R3,[R1, R0, LSL #+2]
   \       0x1A   0xF842 0x3020      STR      R3,[R2, R0, LSL #+2]
   \       0x1E   0x1C40             ADDS     R0,R0,#+1
   \       0x20   0xE7F6             B.N      ??common_relocate_2
     66            }
     67            /* 将新的中断向量表指针赋给VTOR寄存器 */
     68            write_vtor((uint32)__VECTOR_RAM);
   \                     ??common_relocate_1: (+1)
   \       0x22   0x491A             LDR.N    R1,??common_relocate_0+0x8  ;; 0xe000ed08
   \       0x24   0x600A             STR      R2,[R1, #+0]
     69            
     70            /* 获得.data段的地址(已初始化的数据段) */
     71            #if defined(__IAR_SYSTEMS_ICC__)
     72              data_ram = __section_begin(".data");
   \       0x26   0x4B1A             LDR.N    R3,??common_relocate_0+0xC
     73              data_rom = __section_begin(".data_init");
   \       0x28   0x4A1A             LDR.N    R2,??common_relocate_0+0x10
     74              data_rom_end = __section_end(".data_init");
   \       0x2A   0x491B             LDR.N    R1,??common_relocate_0+0x14
     75              n = data_rom_end - data_rom;	
   \       0x2C   0x1A8E             SUBS     R6,R1,R2
     76            #else
     77              #warning 非IAR编译器需确定此处地址
     78              data_ram = (uint8 *)__DATA_RAM;
     79              data_rom = (uint8 *)__DATA_ROM;
     80              data_rom_end  = (uint8 *)__DATA_END; /* 该段在CodeWarrior编译器中为RAM地址 */
     81              n = data_rom_end - data_rom;
     82            #endif
     83            
     84            /* 从ROM复制已初始化的数据到RAM */
     85            while (n--)
   \                     ??common_relocate_3: (+1)
   \       0x2E   0x0030             MOVS     R0,R6
   \       0x30   0x1E46             SUBS     R6,R0,#+1
   \       0x32   0x2800             CMP      R0,#+0
   \       0x34   0xD004             BEQ.N    ??common_relocate_4
     86              *data_ram++ = *data_rom++;
   \       0x36   0x7810             LDRB     R0,[R2, #+0]
   \       0x38   0x7018             STRB     R0,[R3, #+0]
   \       0x3A   0x1C52             ADDS     R2,R2,#+1
   \       0x3C   0x1C5B             ADDS     R3,R3,#+1
   \       0x3E   0xE7F6             B.N      ??common_relocate_3
     87            
     88            
     89            /* 获得.bss段的地址 (初始化为0的数据) */
     90            #if defined(__IAR_SYSTEMS_ICC__)
     91            bss_start = __section_begin(".bss");
   \                     ??common_relocate_4: (+1)
   \       0x40   0x4D16             LDR.N    R5,??common_relocate_0+0x18
     92            bss_end = __section_end(".bss");  
   \       0x42   0x4C17             LDR.N    R4,??common_relocate_0+0x1C
     93            #else
     94            #warning 非IAR编译器需确定此处地址
     95            bss_start = (uint8 *)__START_BSS;
     96            bss_end = (uint8 *)__END_BSS;
     97            #endif
     98            
     99            /* 清零初始化为0的数据段 */
    100            n = bss_end - bss_start;
   \       0x44   0x1B67             SUBS     R7,R4,R5
    101            while(n--)
   \                     ??common_relocate_5: (+1)
   \       0x46   0x0038             MOVS     R0,R7
   \       0x48   0x1E47             SUBS     R7,R0,#+1
   \       0x4A   0x2800             CMP      R0,#+0
   \       0x4C   0xD003             BEQ.N    ??common_relocate_6
    102              *bss_start++ = 0;
   \       0x4E   0x2000             MOVS     R0,#+0
   \       0x50   0x7028             STRB     R0,[R5, #+0]
   \       0x52   0x1C6D             ADDS     R5,R5,#+1
   \       0x54   0xE7F7             B.N      ??common_relocate_5
    103            
    104            /* 取得所有应该从ROM复制到RAM的代码段的地址。
    105            * IAR有一个预定义的关键字可以标记独立的函数为从RAM执行。
    106            * 在函数的返回类型前添加"__ramfunc"关键字可以将函数标记为从RAM中执行。
    107            * 例如:__ramfunc void foo(void);
    108            */
    109            #if defined(__IAR_SYSTEMS_ICC__)
    110            uint8* code_relocate_ram = __section_begin("CodeRelocateRam");
   \                     ??common_relocate_6: (+1)
   \       0x56   0xF8DF 0xC04C      LDR.W    R12,??common_relocate_0+0x20
    111            uint8* code_relocate = __section_begin("CodeRelocate");
   \       0x5A   0xF8DF 0xE04C      LDR.W    LR,??common_relocate_0+0x24
    112            uint8* code_relocate_end = __section_end("CodeRelocate");
   \       0x5E   0xF8DF 0x804C      LDR.W    R8,??common_relocate_0+0x28
    113            
    114            /* 将函数从ROM复制到RAM */
    115            n = code_relocate_end - code_relocate;
   \       0x62   0xEBB8 0x060E      SUBS     R6,R8,LR
    116            while (n--)
   \                     ??common_relocate_7: (+1)
   \       0x66   0x0030             MOVS     R0,R6
   \       0x68   0x1E46             SUBS     R6,R0,#+1
   \       0x6A   0x2800             CMP      R0,#+0
   \       0x6C   0xD008             BEQ.N    ??common_relocate_8
    117              *code_relocate_ram++ = *code_relocate++;
   \       0x6E   0xF89E 0x0000      LDRB     R0,[LR, #+0]
   \       0x72   0xF88C 0x0000      STRB     R0,[R12, #+0]
   \       0x76   0xF11E 0x0E01      ADDS     LR,LR,#+1
   \       0x7A   0xF11C 0x0C01      ADDS     R12,R12,#+1
   \       0x7E   0xE7F2             B.N      ??common_relocate_7
    118            #endif
    119          }
   \                     ??common_relocate_8: (+1)
   \       0x80   0xE8BD 0x81F0      POP      {R4-R8,PC}       ;; return
   \                     ??common_relocate_0:
   \       0x84   0x....'....        DC32     __VECTOR_TABLE
   \       0x88   0x....'....        DC32     __VECTOR_RAM
   \       0x8C   0xE000'ED08        DC32     0xe000ed08
   \       0x90   0x....'....        DC32     SFB(`.data`)
   \       0x94   0x....'....        DC32     SFB(`.data_init`)
   \       0x98   0x....'....        DC32     SFE(`.data_init`)
   \       0x9C   0x....'....        DC32     SFB(`.bss`)
   \       0xA0   0x....'....        DC32     SFE(`.bss`)
   \       0xA4   0x....'....        DC32     SFB(CodeRelocateRam)
   \       0xA8   0x....'....        DC32     SFB(CodeRelocate)
   \       0xAC   0x....'....        DC32     SFE(CodeRelocate)
    120          /********************************************************************/

   Maximum stack usage in bytes:

   .cstack Function
   ------- --------
      24   common_relocate


   Section sizes:

   Bytes  Function/Label
   -----  --------------
     176  common_relocate

 
 176 bytes in section .text
 
 176 bytes of CODE memory

Errors: none
Warnings: 1
