###############################################################################
#
# IAR ANSI C/C++ Compiler V8.32.1.169/W32 for ARM         23/Apr/2019  21:09:43
# Copyright 1999-2018 IAR Systems AB.
#
#    Cpu mode     =  
#    Endian       =  little
#    Source file  =  G:\AIcar\@@\k60_144\smartcar\lib\Jay\global.c
#    Command line =  
#        -f C:\Users\admin\AppData\Local\Temp\EW2D20.tmp
#        (G:\AIcar\@@\k60_144\smartcar\lib\Jay\global.c -D LPLD_K60 -lCN
#        "G:\AIcar\@@\k60_144\smartcar\project\28-(SDHC)LPLD_SdCard\iar\BOOT\List"
#        -lB
#        "G:\AIcar\@@\k60_144\smartcar\project\28-(SDHC)LPLD_SdCard\iar\BOOT\List"
#        -o
#        "G:\AIcar\@@\k60_144\smartcar\project\28-(SDHC)LPLD_SdCard\iar\BOOT\Obj"
#        --no_cse --no_unroll --no_inline --no_code_motion --no_tbaa
#        --no_clustering --no_scheduling --debug --endian=little
#        --cpu=Cortex-M4 -e --fpu=None --dlib_config
#        G:\AIcar\arm\inc\c\DLib_Config_Normal.h -I
#        "G:\AIcar\@@\k60_144\smartcar\project\28-(SDHC)LPLD_SdCard\iar\..\app\"
#        -I
#        "G:\AIcar\@@\k60_144\smartcar\project\28-(SDHC)LPLD_SdCard\iar\..\..\..\lib\CPU\"
#        -I
#        "G:\AIcar\@@\k60_144\smartcar\project\28-(SDHC)LPLD_SdCard\iar\..\..\..\lib\common\"
#        -I
#        "G:\AIcar\@@\k60_144\smartcar\project\28-(SDHC)LPLD_SdCard\iar\..\..\..\lib\LPLD\"
#        -I
#        "G:\AIcar\@@\k60_144\smartcar\project\28-(SDHC)LPLD_SdCard\iar\..\..\..\lib\LPLD\HW\"
#        -I
#        "G:\AIcar\@@\k60_144\smartcar\project\28-(SDHC)LPLD_SdCard\iar\..\..\..\lib\LPLD\DEV\"
#        -I
#        "G:\AIcar\@@\k60_144\smartcar\project\28-(SDHC)LPLD_SdCard\iar\..\..\..\lib\uCOS-II\Ports\"
#        -I
#        "G:\AIcar\@@\k60_144\smartcar\project\28-(SDHC)LPLD_SdCard\iar\..\..\..\lib\uCOS-II\Source\"
#        -I
#        "G:\AIcar\@@\k60_144\smartcar\project\28-(SDHC)LPLD_SdCard\iar\..\..\..\lib\FatFs\"
#        -I
#        "G:\AIcar\@@\k60_144\smartcar\project\28-(SDHC)LPLD_SdCard\iar\..\..\..\lib\FatFs\option\"
#        -I
#        "G:\AIcar\@@\k60_144\smartcar\project\28-(SDHC)LPLD_SdCard\iar\..\..\..\lib\USB\common\"
#        -I
#        "G:\AIcar\@@\k60_144\smartcar\project\28-(SDHC)LPLD_SdCard\iar\..\..\..\lib\USB\driver\"
#        -I
#        "G:\AIcar\@@\k60_144\smartcar\project\28-(SDHC)LPLD_SdCard\iar\..\..\..\lib\USB\descriptor\"
#        -I
#        "G:\AIcar\@@\k60_144\smartcar\project\28-(SDHC)LPLD_SdCard\iar\..\..\..\lib\USB\class\"
#        -I
#        "G:\AIcar\@@\k60_144\smartcar\project\28-(SDHC)LPLD_SdCard\iar\..\..\..\lib\Jay\"
#        -Ol -I G:\AIcar\arm\CMSIS\Core\Include\ -I
#        G:\AIcar\arm\CMSIS\DSP\Include\ -D ARM_MATH_CM4)
#    Locale       =  C
#    List file    =  
#        G:\AIcar\@@\k60_144\smartcar\project\28-(SDHC)LPLD_SdCard\iar\BOOT\List\global.lst
#    Object file  =  
#        G:\AIcar\@@\k60_144\smartcar\project\28-(SDHC)LPLD_SdCard\iar\BOOT\Obj\global.o
#
###############################################################################

G:\AIcar\@@\k60_144\smartcar\lib\Jay\global.c
      1          /*
      2           *  
      3           *  
      4           *  @JayLin林杰 @厦门大学嘉庚学院 @博学队
      5           */
      6          #include  "common.h"
      7          #include "include.h"
      8          
      9          
     10          

   \                                 In section .text, align 2, keep-with-next
     11          void Param_Init(void)
     12          {
   \                     Param_Init: (+1)
   \        0x0   0xB580             PUSH     {R7,LR}
     13            btInfoInit();
   \        0x2   0x....'....        BL       btInfoInit
     14            speed_param_init();
   \        0x6   0x....'....        BL       speed_param_init
     15          }
   \        0xA   0xBD01             POP      {R0,PC}          ;; return
     16          
     17          
     18          
     19          
     20          
     21          
     22              

   Maximum stack usage in bytes:

   .cstack Function
   ------- --------
       8   Param_Init
         8   -> btInfoInit
         8   -> speed_param_init


   Section sizes:

   Bytes  Function/Label
   -----  --------------
      12  Param_Init

 
 12 bytes in section .text
 
 12 bytes of CODE memory

Errors: none
Warnings: 4
