###############################################################################
#
# IAR ANSI C/C++ Compiler V8.32.1.169/W32 for ARM         23/Apr/2019  21:09:50
# Copyright 1999-2018 IAR Systems AB.
#
#    Cpu mode     =  
#    Endian       =  little
#    Source file  =  
#        G:\AIcar\@@\k60_144\smartcar\project\28-(SDHC)LPLD_SdCard\app\LPLD_SdCard.c
#    Command line =  
#        -f C:\Users\admin\AppData\Local\Temp\EW45E2.tmp
#        ("G:\AIcar\@@\k60_144\smartcar\project\28-(SDHC)LPLD_SdCard\app\LPLD_SdCard.c"
#        -D LPLD_K60 -lCN
#        "G:\AIcar\@@\k60_144\smartcar\project\28-(SDHC)LPLD_SdCard\iar\BOOT\List"
#        -lB
#        "G:\AIcar\@@\k60_144\smartcar\project\28-(SDHC)LPLD_SdCard\iar\BOOT\List"
#        -o
#        "G:\AIcar\@@\k60_144\smartcar\project\28-(SDHC)LPLD_SdCard\iar\BOOT\Obj"
#        --no_cse --no_unroll --no_inline --no_code_motion --no_tbaa
#        --no_clustering --no_scheduling --debug --endian=little
#        --cpu=Cortex-M4 -e --fpu=None --dlib_config
#        G:\AIcar\arm\inc\c\DLib_Config_Normal.h -I
#        "G:\AIcar\@@\k60_144\smartcar\project\28-(SDHC)LPLD_SdCard\iar\..\app\"
#        -I
#        "G:\AIcar\@@\k60_144\smartcar\project\28-(SDHC)LPLD_SdCard\iar\..\..\..\lib\CPU\"
#        -I
#        "G:\AIcar\@@\k60_144\smartcar\project\28-(SDHC)LPLD_SdCard\iar\..\..\..\lib\common\"
#        -I
#        "G:\AIcar\@@\k60_144\smartcar\project\28-(SDHC)LPLD_SdCard\iar\..\..\..\lib\LPLD\"
#        -I
#        "G:\AIcar\@@\k60_144\smartcar\project\28-(SDHC)LPLD_SdCard\iar\..\..\..\lib\LPLD\HW\"
#        -I
#        "G:\AIcar\@@\k60_144\smartcar\project\28-(SDHC)LPLD_SdCard\iar\..\..\..\lib\LPLD\DEV\"
#        -I
#        "G:\AIcar\@@\k60_144\smartcar\project\28-(SDHC)LPLD_SdCard\iar\..\..\..\lib\uCOS-II\Ports\"
#        -I
#        "G:\AIcar\@@\k60_144\smartcar\project\28-(SDHC)LPLD_SdCard\iar\..\..\..\lib\uCOS-II\Source\"
#        -I
#        "G:\AIcar\@@\k60_144\smartcar\project\28-(SDHC)LPLD_SdCard\iar\..\..\..\lib\FatFs\"
#        -I
#        "G:\AIcar\@@\k60_144\smartcar\project\28-(SDHC)LPLD_SdCard\iar\..\..\..\lib\FatFs\option\"
#        -I
#        "G:\AIcar\@@\k60_144\smartcar\project\28-(SDHC)LPLD_SdCard\iar\..\..\..\lib\USB\common\"
#        -I
#        "G:\AIcar\@@\k60_144\smartcar\project\28-(SDHC)LPLD_SdCard\iar\..\..\..\lib\USB\driver\"
#        -I
#        "G:\AIcar\@@\k60_144\smartcar\project\28-(SDHC)LPLD_SdCard\iar\..\..\..\lib\USB\descriptor\"
#        -I
#        "G:\AIcar\@@\k60_144\smartcar\project\28-(SDHC)LPLD_SdCard\iar\..\..\..\lib\USB\class\"
#        -I
#        "G:\AIcar\@@\k60_144\smartcar\project\28-(SDHC)LPLD_SdCard\iar\..\..\..\lib\Jay\"
#        -Ol -I G:\AIcar\arm\CMSIS\Core\Include\ -I
#        G:\AIcar\arm\CMSIS\DSP\Include\ -D ARM_MATH_CM4)
#    Locale       =  C
#    List file    =  
#        G:\AIcar\@@\k60_144\smartcar\project\28-(SDHC)LPLD_SdCard\iar\BOOT\List\LPLD_SdCard.lst
#    Object file  =  
#        G:\AIcar\@@\k60_144\smartcar\project\28-(SDHC)LPLD_SdCard\iar\BOOT\Obj\LPLD_SdCard.o
#
###############################################################################

G:\AIcar\@@\k60_144\smartcar\project\28-(SDHC)LPLD_SdCard\app\LPLD_SdCard.c
      1          /*
      2           *  
      3           *  
      4           *  @JayLin林杰 @厦门大学嘉庚学院 @博学队
      5           */
      6          #include "common.h"
      7          #include "include.h"
      8          

   \                                 In section .text, align 2, keep-with-next
      9          void System_Init(void)
     10          {
   \                     System_Init: (+1)
   \        0x0   0xB580             PUSH     {R7,LR}
     11          	LCD_Init(); 
   \        0x2   0x....'....        BL       LCD_Init
     12          	//KeyBoard_Init();
     13          	//Encoder_Init();
     14          	//SteeringGear_Init();
     15          	//Motor_Init();
     16                  //flash_init();
     17                 // Bluetooth_Init();
     18                 // ADC_Init();
     19          	//Camera_Init();
     20              //Param_Init();
     21                  //User_Flash_Read();
     22          	//pit0_init();
     23              //init_Motor();
     24               //ic_isr();
     25             // Motor_control();
     26                  ic_init();
   \        0x6   0x....'....        BL       ic_init
     27                  pit_init();
   \        0xA   0x....'....        BL       pit_init
     28          }
   \        0xE   0xBD01             POP      {R0,PC}          ;; return
     29          
     30          /*
     31           *@功能说明：摄像头场函数
     32           *@方法：
     33           *
     34           */

   \                                 In section .text, align 2, keep-with-next
     35          void dma_buffer(void)
     36          {
   \                     dma_buffer: (+1)
   \        0x0   0xB510             PUSH     {R4,LR}
     37            if(1 == DMA_flag)
   \        0x2   0x....             LDR.N    R4,??DataTable2
   \        0x4   0x7820             LDRB     R0,[R4, #+0]
   \        0x6   0x2801             CMP      R0,#+1
   \        0x8   0xD119             BNE.N    ??dma_buffer_0
     38            {
     39              Unzip(fieldCnt,pixels);
   \        0xA   0xF44F 0x6116      MOV      R1,#+2400
   \        0xE   0x....             LDR.N    R0,??DataTable2_1
   \       0x10   0x7800             LDRB     R0,[R0, #+0]
   \       0x12   0x....'....        BL       Unzip
     40              
     41              if(isStop) 
   \       0x16   0x....             LDR.N    R0,??DataTable2_2
   \       0x18   0x7800             LDRB     R0,[R0, #+0]
   \       0x1A   0x2800             CMP      R0,#+0
   \       0x1C   0xD003             BEQ.N    ??dma_buffer_1
     42              { 
     43                get_img_center();
   \       0x1E   0x....'....        BL       get_img_center
     44                angle_update();
   \       0x22   0x....'....        BL       angle_update
     45              }
     46              
     47              //双车模式开启蓝牙
     48              if(1 == CarModel)
   \                     ??dma_buffer_1: (+1)
   \       0x26   0x....             LDR.N    R0,??DataTable2_3
   \       0x28   0x7800             LDRB     R0,[R0, #+0]
   \       0x2A   0x2801             CMP      R0,#+1
   \       0x2C   0xD101             BNE.N    ??dma_buffer_2
     49              {
     50                Bluetooth_Encoder();
   \       0x2E   0x....'....        BL       Bluetooth_Encoder
     51              }
     52              
     53              Buzzer();
   \                     ??dma_buffer_2: (+1)
   \       0x32   0x....'....        BL       Buzzer
     54              
     55              Menu();
   \       0x36   0x....'....        BL       Menu
     56              DMA_flag = 0; 
   \       0x3A   0x2000             MOVS     R0,#+0
   \       0x3C   0x7020             STRB     R0,[R4, #+0]
     57            }
     58          }
   \                     ??dma_buffer_0: (+1)
   \       0x3E   0xBD10             POP      {R4,PC}          ;; return
     59          

   \                                 In section .text, align 2, keep-with-next
     60          void main(void)
     61          {
   \                     main: (+1)
   \        0x0   0xB580             PUSH     {R7,LR}
     62            /*---------------------关中断---------------------*/
     63            //DisableInterrupts;
     64            /*------------------单片机初始化------------------*/
     65            System_Init();
   \        0x2   0x....'....        BL       System_Init
     66            /*---------------------开中断---------------------*/
     67           // EnableInterrupts; 
     68          
     69            while(1)
     70            {
     71          	  LCD_Write_Int(5, 5, left_reSpeed);
   \                     ??main_0: (+1)
   \        0x6   0x....             LDR.N    R0,??DataTable2_4
   \        0x8   0x6802             LDR      R2,[R0, #+0]
   \        0xA   0xB212             SXTH     R2,R2            ;; SignExt  R2,R2,#+16,#+16
   \        0xC   0x2105             MOVS     R1,#+5
   \        0xE   0x2005             MOVS     R0,#+5
   \       0x10   0x....'....        BL       LCD_Write_Int
     72                    LCD_Write_Int(10, 5, right_reSpeed);
   \       0x14   0x....             LDR.N    R0,??DataTable2_5
   \       0x16   0x6802             LDR      R2,[R0, #+0]
   \       0x18   0xB212             SXTH     R2,R2            ;; SignExt  R2,R2,#+16,#+16
   \       0x1A   0x2105             MOVS     R1,#+5
   \       0x1C   0x200A             MOVS     R0,#+10
   \       0x1E   0x....'....        BL       LCD_Write_Int
   \       0x22   0xE7F0             B.N      ??main_0
     73              //get_img();
     74              //dma_buffer();
     75          
     76            } 
     77          }

   \                                 In section .text, align 4, keep-with-next
   \                     ??DataTable2:
   \        0x0   0x....'....        DC32     DMA_flag

   \                                 In section .text, align 4, keep-with-next
   \                     ??DataTable2_1:
   \        0x0   0x....'....        DC32     fieldCnt

   \                                 In section .text, align 4, keep-with-next
   \                     ??DataTable2_2:
   \        0x0   0x....'....        DC32     isStop

   \                                 In section .text, align 4, keep-with-next
   \                     ??DataTable2_3:
   \        0x0   0x....'....        DC32     CarModel

   \                                 In section .text, align 4, keep-with-next
   \                     ??DataTable2_4:
   \        0x0   0x....'....        DC32     left_reSpeed

   \                                 In section .text, align 4, keep-with-next
   \                     ??DataTable2_5:
   \        0x0   0x....'....        DC32     right_reSpeed
     78          
     79          

   Maximum stack usage in bytes:

   .cstack Function
   ------- --------
       8   System_Init
         8   -> LCD_Init
         8   -> ic_init
         8   -> pit_init
       8   dma_buffer
         8   -> Bluetooth_Encoder
         8   -> Buzzer
         8   -> Menu
         8   -> Unzip
         8   -> angle_update
         8   -> get_img_center
       8   main
         8   -> LCD_Write_Int
         8   -> System_Init


   Section sizes:

   Bytes  Function/Label
   -----  --------------
       4  ??DataTable2
       4  ??DataTable2_1
       4  ??DataTable2_2
       4  ??DataTable2_3
       4  ??DataTable2_4
       4  ??DataTable2_5
      16  System_Init
      64  dma_buffer
      36  main

 
 140 bytes in section .text
 
 140 bytes of CODE memory

Errors: none
Warnings: 3
